<?xml version="1.0" encoding="UTF-8"?>
<coverage generated="1776236195274" clover="3.2.0">
  <project timestamp="1776236195276" name="All files">
    <metrics statements="683" coveredstatements="176" conditionals="518" coveredconditionals="52" methods="134" coveredmethods="20" elements="1335" coveredelements="248" complexity="0" loc="683" ncloc="683" packages="1" files="1" classes="1"/>
    <file name="server.js" path="C:\Users\durga\OneDrive\Desktop\New folder (2)\server.js">
      <metrics statements="683" coveredstatements="176" conditionals="518" coveredconditionals="52" methods="134" coveredmethods="20"/>
      <line num="8" count="1" type="stmt"/>
      <line num="9" count="1" type="stmt"/>
      <line num="10" count="1" type="stmt"/>
      <line num="11" count="1" type="stmt"/>
      <line num="12" count="1" type="stmt"/>
      <line num="13" count="1" type="stmt"/>
      <line num="14" count="1" type="stmt"/>
      <line num="15" count="1" type="stmt"/>
      <line num="16" count="1" type="stmt"/>
      <line num="17" count="1" type="stmt"/>
      <line num="18" count="1" type="stmt"/>
      <line num="19" count="1" type="stmt"/>
      <line num="20" count="1" type="stmt"/>
      <line num="23" count="1" type="cond" truecount="2" falsecount="0"/>
      <line num="24" count="1" type="cond" truecount="2" falsecount="0"/>
      <line num="26" count="1" type="stmt"/>
      <line num="27" count="1" type="cond" truecount="3" falsecount="2"/>
      <line num="30" count="1" type="cond" truecount="1" falsecount="1"/>
      <line num="32" count="1" type="stmt"/>
      <line num="34" count="1" type="stmt"/>
      <line num="35" count="1" type="stmt"/>
      <line num="38" count="1" type="stmt"/>
      <line num="44" count="1" type="stmt"/>
      <line num="46" count="36" type="cond" truecount="2" falsecount="2"/>
      <line num="47" count="0" type="stmt"/>
      <line num="55" count="1" type="stmt"/>
      <line num="58" count="1" type="stmt"/>
      <line num="75" count="1" type="stmt"/>
      <line num="76" count="1" type="stmt"/>
      <line num="79" count="1" type="stmt"/>
      <line num="80" count="1" type="stmt"/>
      <line num="81" count="1" type="stmt"/>
      <line num="84" count="1" type="stmt"/>
      <line num="91" count="1" type="stmt"/>
      <line num="92" count="1" type="stmt"/>
      <line num="97" count="1" type="stmt"/>
      <line num="102" count="1" type="stmt"/>
      <line num="107" count="1" type="stmt"/>
      <line num="108" count="1" type="stmt"/>
      <line num="109" count="1" type="stmt"/>
      <line num="112" count="1" type="stmt"/>
      <line num="113" count="0" type="cond" truecount="0" falsecount="2"/>
      <line num="114" count="0" type="stmt"/>
      <line num="116" count="1" type="stmt"/>
      <line num="117" count="0" type="stmt"/>
      <line num="118" count="0" type="cond" truecount="0" falsecount="2"/>
      <line num="119" count="0" type="stmt"/>
      <line num="121" count="0" type="stmt"/>
      <line num="131" count="1" type="stmt"/>
      <line num="135" count="23" type="stmt"/>
      <line num="180" count="0" type="cond" truecount="0" falsecount="4"/>
      <line num="187" count="1" type="stmt"/>
      <line num="223" count="1" type="stmt"/>
      <line num="224" count="1" type="stmt"/>
      <line num="225" count="23" type="stmt"/>
      <line num="229" count="1" type="stmt"/>
      <line num="249" count="1" type="stmt"/>
      <line num="250" count="23" type="stmt"/>
      <line num="274" count="1" type="stmt"/>
      <line num="275" count="1" type="cond" truecount="1" falsecount="1"/>
      <line num="277" count="1" type="stmt"/>
      <line num="278" count="5" type="cond" truecount="1" falsecount="1"/>
      <line num="279" count="5" type="stmt"/>
      <line num="280" count="5" type="stmt"/>
      <line num="281" count="5" type="stmt"/>
      <line num="282" count="5" type="stmt"/>
      <line num="283" count="5" type="stmt"/>
      <line num="284" count="5" type="stmt"/>
      <line num="285" count="5" type="stmt"/>
      <line num="291" count="4" type="stmt"/>
      <line num="292" count="16" type="cond" truecount="1" falsecount="1"/>
      <line num="293" count="16" type="stmt"/>
      <line num="294" count="16" type="stmt"/>
      <line num="297" count="16" type="stmt"/>
      <line num="298" count="16" type="stmt"/>
      <line num="299" count="16" type="stmt"/>
      <line num="300" count="16" type="stmt"/>
      <line num="301" count="16" type="stmt"/>
      <line num="302" count="16" type="stmt"/>
      <line num="303" count="16" type="stmt"/>
      <line num="304" count="16" type="stmt"/>
      <line num="305" count="16" type="cond" truecount="1" falsecount="1"/>
      <line num="306" count="16" type="stmt"/>
      <line num="307" count="16" type="cond" truecount="2" falsecount="0"/>
      <line num="310" count="16" type="stmt"/>
      <line num="311" count="16" type="stmt"/>
      <line num="318" count="1" type="stmt"/>
      <line num="375" count="0" type="cond" truecount="0" falsecount="2"/>
      <line num="376" count="0" type="stmt"/>
      <line num="377" count="0" type="stmt"/>
      <line num="378" count="0" type="stmt"/>
      <line num="379" count="0" type="stmt"/>
      <line num="380" count="0" type="stmt"/>
      <line num="383" count="0" type="stmt"/>
      <line num="384" count="0" type="stmt"/>
      <line num="385" count="0" type="stmt"/>
      <line num="386" count="0" type="stmt"/>
      <line num="389" count="0" type="stmt"/>
      <line num="390" count="0" type="stmt"/>
      <line num="392" count="0" type="stmt"/>
      <line num="397" count="1" type="cond" truecount="1" falsecount="1"/>
      <line num="398" count="0" type="stmt"/>
      <line num="399" count="0" type="stmt"/>
      <line num="400" count="0" type="stmt"/>
      <line num="401" count="0" type="stmt"/>
      <line num="404" count="0" type="stmt"/>
      <line num="405" count="0" type="stmt"/>
      <line num="406" count="0" type="stmt"/>
      <line num="408" count="0" type="stmt"/>
      <line num="410" count="0" type="stmt"/>
      <line num="415" count="1" type="stmt"/>
      <line num="416" count="1" type="cond" truecount="1" falsecount="1"/>
      <line num="417" count="0" type="stmt"/>
      <line num="424" count="0" type="stmt"/>
      <line num="425" count="0" type="stmt"/>
      <line num="426" count="0" type="cond" truecount="0" falsecount="2"/>
      <line num="429" count="0" type="stmt"/>
      <line num="430" count="0" type="stmt"/>
      <line num="433" count="0" type="cond" truecount="0" falsecount="4"/>
      <line num="434" count="0" type="stmt"/>
      <line num="435" count="0" type="stmt"/>
      <line num="436" count="0" type="stmt"/>
      <line num="437" count="0" type="stmt"/>
      <line num="438" count="0" type="stmt"/>
      <line num="439" count="0" type="stmt"/>
      <line num="440" count="0" type="stmt"/>
      <line num="441" count="0" type="stmt"/>
      <line num="442" count="0" type="stmt"/>
      <line num="443" count="0" type="stmt"/>
      <line num="446" count="0" type="stmt"/>
      <line num="450" count="0" type="stmt"/>
      <line num="453" count="0" type="stmt"/>
      <line num="458" count="1" type="stmt"/>
      <line num="459" count="1" type="stmt"/>
      <line num="460" count="1" type="stmt"/>
      <line num="461" count="8" type="stmt"/>
      <line num="462" count="8" type="stmt"/>
      <line num="474" count="1" type="stmt"/>
      <line num="490" count="1" type="stmt"/>
      <line num="491" count="1" type="stmt"/>
      <line num="494" count="1" type="stmt"/>
      <line num="495" count="1" type="stmt"/>
      <line num="498" count="1" type="stmt"/>
      <line num="499" count="1" type="stmt"/>
      <line num="500" count="30" type="stmt"/>
      <line num="511" count="1" type="stmt"/>
      <line num="514" count="1" type="stmt"/>
      <line num="533" count="0" type="cond" truecount="0" falsecount="2"/>
      <line num="534" count="0" type="stmt"/>
      <line num="535" count="0" type="stmt"/>
      <line num="536" count="0" type="cond" truecount="0" falsecount="4"/>
      <line num="538" count="0" type="stmt"/>
      <line num="539" count="0" type="stmt"/>
      <line num="540" count="0" type="stmt"/>
      <line num="542" count="0" type="stmt"/>
      <line num="543" count="0" type="cond" truecount="0" falsecount="2"/>
      <line num="545" count="0" type="stmt"/>
      <line num="546" count="0" type="stmt"/>
      <line num="547" count="0" type="cond" truecount="0" falsecount="2"/>
      <line num="549" count="0" type="stmt"/>
      <line num="550" count="0" type="stmt"/>
      <line num="551" count="0" type="cond" truecount="0" falsecount="2"/>
      <line num="553" count="0" type="stmt"/>
      <line num="554" count="0" type="stmt"/>
      <line num="559" count="0" type="stmt"/>
      <line num="560" count="0" type="cond" truecount="0" falsecount="2"/>
      <line num="561" count="0" type="stmt"/>
      <line num="562" count="0" type="stmt"/>
      <line num="563" count="0" type="cond" truecount="0" falsecount="2"/>
      <line num="564" count="0" type="stmt"/>
      <line num="565" count="0" type="stmt"/>
      <line num="567" count="0" type="stmt"/>
      <line num="568" count="0" type="stmt"/>
      <line num="573" count="0" type="stmt"/>
      <line num="574" count="0" type="cond" truecount="0" falsecount="2"/>
      <line num="575" count="0" type="stmt"/>
      <line num="576" count="0" type="stmt"/>
      <line num="577" count="0" type="cond" truecount="0" falsecount="2"/>
      <line num="578" count="0" type="stmt"/>
      <line num="579" count="0" type="stmt"/>
      <line num="581" count="0" type="stmt"/>
      <line num="582" count="0" type="stmt"/>
      <line num="587" count="0" type="stmt"/>
      <line num="588" count="0" type="stmt"/>
      <line num="589" count="0" type="cond" truecount="0" falsecount="2"/>
      <line num="590" count="0" type="stmt"/>
      <line num="591" count="0" type="cond" truecount="0" falsecount="2"/>
      <line num="595" count="0" type="stmt"/>
      <line num="597" count="0" type="stmt"/>
      <line num="600" count="0" type="stmt"/>
      <line num="606" count="0" type="cond" truecount="0" falsecount="2"/>
      <line num="610" count="0" type="stmt"/>
      <line num="611" count="0" type="cond" truecount="0" falsecount="2"/>
      <line num="612" count="0" type="stmt"/>
      <line num="614" count="0" type="cond" truecount="0" falsecount="2"/>
      <line num="616" count="0" type="cond" truecount="0" falsecount="3"/>
      <line num="617" count="0" type="cond" truecount="0" falsecount="2"/>
      <line num="618" count="0" type="stmt"/>
      <line num="619" count="0" type="stmt"/>
      <line num="620" count="0" type="stmt"/>
      <line num="621" count="0" type="stmt"/>
      <line num="623" count="0" type="stmt"/>
      <line num="624" count="0" type="stmt"/>
      <line num="631" count="0" type="stmt"/>
      <line num="632" count="0" type="cond" truecount="0" falsecount="7"/>
      <line num="634" count="0" type="cond" truecount="0" falsecount="2"/>
      <line num="636" count="0" type="cond" truecount="0" falsecount="2"/>
      <line num="637" count="0" type="stmt"/>
      <line num="638" count="0" type="stmt"/>
      <line num="642" count="0" type="cond" truecount="0" falsecount="2"/>
      <line num="643" count="0" type="cond" truecount="0" falsecount="4"/>
      <line num="644" count="0" type="stmt"/>
      <line num="645" count="0" type="stmt"/>
      <line num="646" count="0" type="stmt"/>
      <line num="647" count="0" type="cond" truecount="0" falsecount="6"/>
      <line num="648" count="0" type="stmt"/>
      <line num="649" count="0" type="cond" truecount="0" falsecount="2"/>
      <line num="650" count="0" type="stmt"/>
      <line num="654" count="0" type="cond" truecount="0" falsecount="2"/>
      <line num="655" count="0" type="stmt"/>
      <line num="656" count="0" type="cond" truecount="0" falsecount="2"/>
      <line num="658" count="0" type="cond" truecount="0" falsecount="2"/>
      <line num="660" count="0" type="cond" truecount="0" falsecount="4"/>
      <line num="661" count="0" type="cond" truecount="0" falsecount="2"/>
      <line num="662" count="0" type="cond" truecount="0" falsecount="2"/>
      <line num="664" count="0" type="cond" truecount="0" falsecount="2"/>
      <line num="665" count="0" type="stmt"/>
      <line num="668" count="0" type="cond" truecount="0" falsecount="2"/>
      <line num="669" count="0" type="cond" truecount="0" falsecount="4"/>
      <line num="671" count="0" type="stmt"/>
      <line num="676" count="0" type="stmt"/>
      <line num="685" count="0" type="stmt"/>
      <line num="686" count="0" type="cond" truecount="0" falsecount="2"/>
      <line num="687" count="0" type="cond" truecount="0" falsecount="2"/>
      <line num="688" count="0" type="stmt"/>
      <line num="689" count="0" type="stmt"/>
      <line num="693" count="0" type="stmt"/>
      <line num="694" count="0" type="cond" truecount="0" falsecount="2"/>
      <line num="695" count="0" type="stmt"/>
      <line num="702" count="0" type="cond" truecount="0" falsecount="2"/>
      <line num="703" count="0" type="stmt"/>
      <line num="704" count="0" type="stmt"/>
      <line num="710" count="0" type="stmt"/>
      <line num="711" count="0" type="cond" truecount="0" falsecount="2"/>
      <line num="712" count="0" type="stmt"/>
      <line num="713" count="0" type="cond" truecount="0" falsecount="2"/>
      <line num="714" count="0" type="stmt"/>
      <line num="715" count="0" type="stmt"/>
      <line num="716" count="0" type="stmt"/>
      <line num="724" count="0" type="stmt"/>
      <line num="725" count="0" type="stmt"/>
      <line num="726" count="0" type="stmt"/>
      <line num="727" count="0" type="stmt"/>
      <line num="728" count="0" type="stmt"/>
      <line num="730" count="0" type="stmt"/>
      <line num="734" count="1" type="cond" truecount="1" falsecount="1"/>
      <line num="735" count="0" type="stmt"/>
      <line num="736" count="0" type="stmt"/>
      <line num="745" count="3" type="cond" truecount="1" falsecount="1"/>
      <line num="746" count="3" type="cond" truecount="1" falsecount="1"/>
      <line num="747" count="3" type="stmt"/>
      <line num="763" count="1" type="stmt"/>
      <line num="764" count="6" type="stmt"/>
      <line num="768" count="1" type="stmt"/>
      <line num="769" count="3" type="cond" truecount="1" falsecount="1"/>
      <line num="770" count="3" type="stmt"/>
      <line num="775" count="1" type="stmt"/>
      <line num="776" count="7" type="cond" truecount="1" falsecount="1"/>
      <line num="777" count="7" type="stmt"/>
      <line num="782" count="1" type="stmt"/>
      <line num="783" count="0" type="stmt"/>
      <line num="784" count="0" type="cond" truecount="0" falsecount="2"/>
      <line num="785" count="0" type="cond" truecount="0" falsecount="2"/>
      <line num="786" count="0" type="stmt"/>
      <line num="787" count="0" type="cond" truecount="0" falsecount="2"/>
      <line num="788" count="0" type="stmt"/>
      <line num="789" count="0" type="stmt"/>
      <line num="791" count="0" type="stmt"/>
      <line num="795" count="1" type="stmt"/>
      <line num="796" count="0" type="stmt"/>
      <line num="797" count="0" type="cond" truecount="0" falsecount="2"/>
      <line num="798" count="0" type="stmt"/>
      <line num="801" count="0" type="cond" truecount="0" falsecount="4"/>
      <line num="802" count="0" type="stmt"/>
      <line num="805" count="0" type="stmt"/>
      <line num="806" count="0" type="stmt"/>
      <line num="808" count="0" type="stmt"/>
      <line num="812" count="1" type="stmt"/>
      <line num="813" count="0" type="cond" truecount="0" falsecount="2"/>
      <line num="814" count="0" type="cond" truecount="0" falsecount="2"/>
      <line num="817" count="1" type="stmt"/>
      <line num="818" count="0" type="cond" truecount="0" falsecount="2"/>
      <line num="819" count="0" type="cond" truecount="0" falsecount="2"/>
      <line num="822" count="1" type="stmt"/>
      <line num="823" count="0" type="cond" truecount="0" falsecount="2"/>
      <line num="824" count="0" type="stmt"/>
      <line num="825" count="0" type="stmt"/>
      <line num="826" count="0" type="cond" truecount="0" falsecount="5"/>
      <line num="827" count="0" type="stmt"/>
      <line num="828" count="0" type="stmt"/>
      <line num="829" count="0" type="stmt"/>
      <line num="830" count="0" type="stmt"/>
      <line num="832" count="0" type="stmt"/>
      <line num="834" count="0" type="stmt"/>
      <line num="838" count="1" type="stmt"/>
      <line num="839" count="0" type="stmt"/>
      <line num="843" count="1" type="stmt"/>
      <line num="844" count="0" type="cond" truecount="0" falsecount="2"/>
      <line num="845" count="0" type="cond" truecount="0" falsecount="2"/>
      <line num="846" count="0" type="stmt"/>
      <line num="849" count="1" type="stmt"/>
      <line num="850" count="0" type="stmt"/>
      <line num="851" count="0" type="cond" truecount="0" falsecount="2"/>
      <line num="852" count="0" type="stmt"/>
      <line num="854" count="0" type="cond" truecount="0" falsecount="2"/>
      <line num="856" count="0" type="stmt"/>
      <line num="858" count="0" type="cond" truecount="0" falsecount="4"/>
      <line num="859" count="0" type="stmt"/>
      <line num="860" count="0" type="stmt"/>
      <line num="861" count="0" type="stmt"/>
      <line num="864" count="0" type="cond" truecount="0" falsecount="4"/>
      <line num="865" count="0" type="stmt"/>
      <line num="866" count="0" type="stmt"/>
      <line num="869" count="1" type="stmt"/>
      <line num="870" count="0" type="stmt"/>
      <line num="871" count="0" type="cond" truecount="0" falsecount="2"/>
      <line num="872" count="0" type="stmt"/>
      <line num="873" count="0" type="cond" truecount="0" falsecount="2"/>
      <line num="875" count="0" type="cond" truecount="0" falsecount="5"/>
      <line num="877" count="0" type="stmt"/>
      <line num="878" count="0" type="cond" truecount="0" falsecount="2"/>
      <line num="879" count="0" type="stmt"/>
      <line num="880" count="0" type="stmt"/>
      <line num="882" count="0" type="stmt"/>
      <line num="883" count="0" type="stmt"/>
      <line num="885" count="0" type="stmt"/>
      <line num="886" count="0" type="stmt"/>
      <line num="888" count="0" type="stmt"/>
      <line num="890" count="0" type="stmt"/>
      <line num="897" count="0" type="stmt"/>
      <line num="898" count="0" type="stmt"/>
      <line num="899" count="0" type="stmt"/>
      <line num="900" count="0" type="stmt"/>
      <line num="902" count="0" type="stmt"/>
      <line num="903" count="0" type="stmt"/>
      <line num="907" count="1" type="stmt"/>
      <line num="908" count="0" type="stmt"/>
      <line num="909" count="0" type="cond" truecount="0" falsecount="2"/>
      <line num="910" count="0" type="stmt"/>
      <line num="911" count="0" type="cond" truecount="0" falsecount="2"/>
      <line num="913" count="0" type="cond" truecount="0" falsecount="2"/>
      <line num="914" count="0" type="cond" truecount="0" falsecount="2"/>
      <line num="915" count="0" type="cond" truecount="0" falsecount="2"/>
      <line num="917" count="0" type="cond" truecount="0" falsecount="6"/>
      <line num="918" count="0" type="cond" truecount="0" falsecount="4"/>
      <line num="919" count="0" type="stmt"/>
      <line num="921" count="0" type="stmt"/>
      <line num="922" count="0" type="stmt"/>
      <line num="926" count="1" type="stmt"/>
      <line num="927" count="0" type="stmt"/>
      <line num="928" count="0" type="cond" truecount="0" falsecount="2"/>
      <line num="929" count="0" type="stmt"/>
      <line num="930" count="0" type="cond" truecount="0" falsecount="2"/>
      <line num="932" count="0" type="cond" truecount="0" falsecount="2"/>
      <line num="933" count="0" type="cond" truecount="0" falsecount="2"/>
      <line num="934" count="0" type="cond" truecount="0" falsecount="2"/>
      <line num="936" count="0" type="stmt"/>
      <line num="937" count="0" type="stmt"/>
      <line num="938" count="0" type="stmt"/>
      <line num="942" count="1" type="stmt"/>
      <line num="943" count="1" type="stmt"/>
      <line num="946" count="1" type="stmt"/>
      <line num="947" count="1" type="stmt"/>
      <line num="948" count="0" type="cond" truecount="0" falsecount="3"/>
      <line num="949" count="0" type="cond" truecount="0" falsecount="2"/>
      <line num="950" count="0" type="stmt"/>
      <line num="953" count="0" type="cond" truecount="0" falsecount="1"/>
      <line num="954" count="0" type="cond" truecount="0" falsecount="2"/>
      <line num="955" count="0" type="stmt"/>
      <line num="958" count="0" type="stmt"/>
      <line num="959" count="0" type="cond" truecount="0" falsecount="2"/>
      <line num="960" count="0" type="cond" truecount="0" falsecount="2"/>
      <line num="961" count="0" type="stmt"/>
      <line num="964" count="0" type="stmt"/>
      <line num="965" count="0" type="cond" truecount="0" falsecount="2"/>
      <line num="967" count="0" type="cond" truecount="0" falsecount="2"/>
      <line num="968" count="0" type="cond" truecount="0" falsecount="2"/>
      <line num="970" count="0" type="stmt"/>
      <line num="979" count="0" type="stmt"/>
      <line num="980" count="0" type="stmt"/>
      <line num="982" count="0" type="stmt"/>
      <line num="985" count="1" type="stmt"/>
      <line num="986" count="0" type="stmt"/>
      <line num="987" count="0" type="stmt"/>
      <line num="988" count="0" type="cond" truecount="0" falsecount="2"/>
      <line num="989" count="0" type="stmt"/>
      <line num="990" count="0" type="stmt"/>
      <line num="994" count="1" type="stmt"/>
      <line num="995" count="2" type="stmt"/>
      <line num="998" count="1" type="stmt"/>
      <line num="999" count="0" type="cond" truecount="0" falsecount="2"/>
      <line num="1000" count="0" type="stmt"/>
      <line num="1001" count="0" type="cond" truecount="0" falsecount="2"/>
      <line num="1004" count="1" type="stmt"/>
      <line num="1005" count="1" type="stmt"/>
      <line num="1006" count="1" type="cond" truecount="2" falsecount="2"/>
      <line num="1007" count="1" type="stmt"/>
      <line num="1010" count="0" type="cond" truecount="0" falsecount="2"/>
      <line num="1011" count="0" type="stmt"/>
      <line num="1012" count="0" type="cond" truecount="0" falsecount="2"/>
      <line num="1014" count="0" type="cond" truecount="0" falsecount="2"/>
      <line num="1015" count="0" type="stmt"/>
      <line num="1018" count="0" type="stmt"/>
      <line num="1019" count="0" type="stmt"/>
      <line num="1020" count="0" type="stmt"/>
      <line num="1021" count="0" type="stmt"/>
      <line num="1022" count="0" type="cond" truecount="0" falsecount="2"/>
      <line num="1023" count="0" type="cond" truecount="0" falsecount="2"/>
      <line num="1024" count="0" type="stmt"/>
      <line num="1025" count="0" type="cond" truecount="0" falsecount="2"/>
      <line num="1028" count="0" type="stmt"/>
      <line num="1042" count="0" type="stmt"/>
      <line num="1043" count="0" type="stmt"/>
      <line num="1044" count="0" type="stmt"/>
      <line num="1045" count="0" type="stmt"/>
      <line num="1046" count="0" type="stmt"/>
      <line num="1048" count="0" type="stmt"/>
      <line num="1049" count="0" type="stmt"/>
      <line num="1052" count="1" type="stmt"/>
      <line num="1053" count="0" type="stmt"/>
      <line num="1056" count="1" type="stmt"/>
      <line num="1057" count="0" type="stmt"/>
      <line num="1058" count="0" type="cond" truecount="0" falsecount="2"/>
      <line num="1059" count="0" type="stmt"/>
      <line num="1062" count="1" type="stmt"/>
      <line num="1063" count="0" type="stmt"/>
      <line num="1064" count="0" type="cond" truecount="0" falsecount="2"/>
      <line num="1065" count="0" type="stmt"/>
      <line num="1066" count="0" type="stmt"/>
      <line num="1067" count="0" type="stmt"/>
      <line num="1068" count="0" type="cond" truecount="0" falsecount="2"/>
      <line num="1069" count="0" type="stmt"/>
      <line num="1070" count="0" type="stmt"/>
      <line num="1074" count="1" type="stmt"/>
      <line num="1075" count="0" type="cond" truecount="0" falsecount="2"/>
      <line num="1076" count="0" type="stmt"/>
      <line num="1077" count="0" type="cond" truecount="0" falsecount="2"/>
      <line num="1079" count="0" type="stmt"/>
      <line num="1080" count="0" type="stmt"/>
      <line num="1081" count="0" type="stmt"/>
      <line num="1083" count="0" type="stmt"/>
      <line num="1088" count="0" type="stmt"/>
      <line num="1091" count="0" type="stmt"/>
      <line num="1096" count="1" type="stmt"/>
      <line num="1097" count="0" type="stmt"/>
      <line num="1098" count="0" type="cond" truecount="0" falsecount="4"/>
      <line num="1099" count="0" type="stmt"/>
      <line num="1102" count="1" type="stmt"/>
      <line num="1103" count="0" type="stmt"/>
      <line num="1104" count="0" type="cond" truecount="0" falsecount="2"/>
      <line num="1105" count="0" type="stmt"/>
      <line num="1106" count="0" type="stmt"/>
      <line num="1109" count="1" type="stmt"/>
      <line num="1110" count="0" type="stmt"/>
      <line num="1111" count="0" type="cond" truecount="0" falsecount="4"/>
      <line num="1112" count="0" type="stmt"/>
      <line num="1116" count="1" type="stmt"/>
      <line num="1117" count="0" type="stmt"/>
      <line num="1118" count="0" type="cond" truecount="0" falsecount="4"/>
      <line num="1119" count="0" type="stmt"/>
      <line num="1122" count="1" type="stmt"/>
      <line num="1123" count="0" type="stmt"/>
      <line num="1124" count="0" type="cond" truecount="0" falsecount="4"/>
      <line num="1126" count="0" type="stmt"/>
      <line num="1131" count="0" type="stmt"/>
      <line num="1132" count="0" type="stmt"/>
      <line num="1134" count="0" type="stmt"/>
      <line num="1135" count="0" type="stmt"/>
      <line num="1138" count="1" type="stmt"/>
      <line num="1139" count="0" type="stmt"/>
      <line num="1140" count="0" type="cond" truecount="0" falsecount="2"/>
      <line num="1142" count="0" type="stmt"/>
      <line num="1143" count="0" type="cond" truecount="0" falsecount="2"/>
      <line num="1144" count="0" type="stmt"/>
      <line num="1145" count="0" type="stmt"/>
      <line num="1148" count="1" type="stmt"/>
      <line num="1149" count="0" type="stmt"/>
      <line num="1150" count="0" type="cond" truecount="0" falsecount="2"/>
      <line num="1151" count="0" type="stmt"/>
      <line num="1152" count="0" type="cond" truecount="0" falsecount="2"/>
      <line num="1153" count="0" type="stmt"/>
      <line num="1154" count="0" type="cond" truecount="0" falsecount="2"/>
      <line num="1155" count="0" type="stmt"/>
      <line num="1156" count="0" type="stmt"/>
      <line num="1157" count="0" type="stmt"/>
      <line num="1158" count="0" type="stmt"/>
      <line num="1161" count="1" type="stmt"/>
      <line num="1162" count="0" type="stmt"/>
      <line num="1163" count="0" type="cond" truecount="0" falsecount="2"/>
      <line num="1164" count="0" type="stmt"/>
      <line num="1165" count="0" type="stmt"/>
      <line num="1166" count="0" type="stmt"/>
      <line num="1167" count="0" type="stmt"/>
      <line num="1168" count="0" type="stmt"/>
      <line num="1169" count="0" type="stmt"/>
      <line num="1173" count="1" type="stmt"/>
      <line num="1174" count="0" type="cond" truecount="0" falsecount="2"/>
      <line num="1175" count="0" type="stmt"/>
      <line num="1176" count="0" type="stmt"/>
      <line num="1177" count="0" type="cond" truecount="0" falsecount="4"/>
      <line num="1179" count="0" type="stmt"/>
      <line num="1180" count="0" type="stmt"/>
      <line num="1187" count="0" type="cond" truecount="0" falsecount="3"/>
      <line num="1188" count="0" type="cond" truecount="0" falsecount="3"/>
      <line num="1189" count="0" type="cond" truecount="0" falsecount="3"/>
      <line num="1194" count="1" type="stmt"/>
      <line num="1195" count="0" type="stmt"/>
      <line num="1199" count="1" type="stmt"/>
      <line num="1200" count="0" type="cond" truecount="0" falsecount="2"/>
      <line num="1201" count="0" type="stmt"/>
      <line num="1202" count="0" type="cond" truecount="0" falsecount="2"/>
      <line num="1204" count="0" type="stmt"/>
      <line num="1205" count="0" type="stmt"/>
      <line num="1206" count="0" type="cond" truecount="0" falsecount="4"/>
      <line num="1207" count="0" type="stmt"/>
      <line num="1208" count="0" type="stmt"/>
      <line num="1216" count="0" type="cond" truecount="0" falsecount="4"/>
      <line num="1219" count="0" type="stmt"/>
      <line num="1223" count="1" type="stmt"/>
      <line num="1224" count="0" type="stmt"/>
      <line num="1235" count="1" type="stmt"/>
      <line num="1236" count="0" type="stmt"/>
      <line num="1237" count="0" type="cond" truecount="0" falsecount="5"/>
      <line num="1238" count="0" type="stmt"/>
      <line num="1241" count="0" type="stmt"/>
      <line num="1242" count="0" type="stmt"/>
      <line num="1243" count="0" type="stmt"/>
      <line num="1244" count="0" type="stmt"/>
      <line num="1245" count="0" type="cond" truecount="0" falsecount="4"/>
      <line num="1246" count="0" type="cond" truecount="0" falsecount="2"/>
      <line num="1247" count="0" type="stmt"/>
      <line num="1248" count="0" type="cond" truecount="0" falsecount="2"/>
      <line num="1251" count="0" type="cond" truecount="0" falsecount="2"/>
      <line num="1252" count="0" type="stmt"/>
      <line num="1256" count="0" type="stmt"/>
      <line num="1257" count="0" type="stmt"/>
      <line num="1260" count="0" type="cond" truecount="0" falsecount="4"/>
      <line num="1261" count="0" type="stmt"/>
      <line num="1262" count="0" type="stmt"/>
      <line num="1268" count="0" type="stmt"/>
      <line num="1269" count="0" type="stmt"/>
      <line num="1280" count="0" type="stmt"/>
      <line num="1285" count="0" type="stmt"/>
      <line num="1299" count="1" type="stmt"/>
      <line num="1300" count="0" type="stmt"/>
      <line num="1302" count="0" type="stmt"/>
      <line num="1303" count="0" type="cond" truecount="0" falsecount="2"/>
      <line num="1306" count="0" type="cond" truecount="0" falsecount="2"/>
      <line num="1308" count="0" type="stmt"/>
      <line num="1309" count="0" type="stmt"/>
      <line num="1310" count="0" type="cond" truecount="0" falsecount="2"/>
      <line num="1311" count="0" type="stmt"/>
      <line num="1316" count="0" type="cond" truecount="0" falsecount="2"/>
      <line num="1317" count="0" type="stmt"/>
      <line num="1318" count="0" type="cond" truecount="0" falsecount="4"/>
      <line num="1319" count="0" type="stmt"/>
      <line num="1320" count="0" type="cond" truecount="0" falsecount="2"/>
      <line num="1322" count="0" type="stmt"/>
      <line num="1338" count="0" type="stmt"/>
      <line num="1340" count="0" type="stmt"/>
      <line num="1341" count="0" type="stmt"/>
      <line num="1342" count="0" type="stmt"/>
      <line num="1343" count="0" type="stmt"/>
      <line num="1344" count="0" type="stmt"/>
      <line num="1346" count="0" type="stmt"/>
      <line num="1347" count="0" type="stmt"/>
      <line num="1348" count="0" type="stmt"/>
      <line num="1353" count="1" type="stmt"/>
      <line num="1354" count="0" type="stmt"/>
      <line num="1355" count="0" type="cond" truecount="0" falsecount="2"/>
      <line num="1356" count="0" type="stmt"/>
      <line num="1357" count="0" type="stmt"/>
      <line num="1358" count="0" type="stmt"/>
      <line num="1362" count="1" type="stmt"/>
      <line num="1363" count="0" type="stmt"/>
      <line num="1364" count="0" type="cond" truecount="0" falsecount="5"/>
      <line num="1365" count="0" type="stmt"/>
      <line num="1367" count="0" type="stmt"/>
      <line num="1374" count="0" type="stmt"/>
      <line num="1375" count="0" type="stmt"/>
      <line num="1376" count="0" type="stmt"/>
      <line num="1380" count="1" type="stmt"/>
      <line num="1381" count="0" type="stmt"/>
      <line num="1382" count="0" type="cond" truecount="0" falsecount="2"/>
      <line num="1383" count="0" type="stmt"/>
      <line num="1384" count="0" type="stmt"/>
      <line num="1385" count="0" type="stmt"/>
      <line num="1390" count="1" type="stmt"/>
      <line num="1391" count="0" type="stmt"/>
      <line num="1392" count="0" type="cond" truecount="0" falsecount="2"/>
      <line num="1393" count="0" type="stmt"/>
      <line num="1395" count="0" type="cond" truecount="0" falsecount="2"/>
      <line num="1396" count="0" type="cond" truecount="0" falsecount="2"/>
      <line num="1397" count="0" type="cond" truecount="0" falsecount="2"/>
      <line num="1398" count="0" type="cond" truecount="0" falsecount="2"/>
      <line num="1399" count="0" type="cond" truecount="0" falsecount="2"/>
      <line num="1401" count="0" type="stmt"/>
      <line num="1402" count="0" type="stmt"/>
      <line num="1403" count="0" type="cond" truecount="0" falsecount="2"/>
      <line num="1404" count="0" type="stmt"/>
      <line num="1405" count="0" type="cond" truecount="0" falsecount="2"/>
      <line num="1407" count="0" type="stmt"/>
      <line num="1408" count="0" type="stmt"/>
      <line num="1412" count="1" type="stmt"/>
      <line num="1413" count="0" type="stmt"/>
      <line num="1414" count="0" type="cond" truecount="0" falsecount="2"/>
      <line num="1415" count="0" type="cond" truecount="0" falsecount="2"/>
      <line num="1418" count="0" type="cond" truecount="0" falsecount="2"/>
      <line num="1419" count="0" type="stmt"/>
      <line num="1420" count="0" type="stmt"/>
      <line num="1422" count="0" type="stmt"/>
      <line num="1430" count="0" type="cond" truecount="0" falsecount="2"/>
      <line num="1431" count="0" type="cond" truecount="0" falsecount="4"/>
      <line num="1433" count="0" type="stmt"/>
      <line num="1457" count="0" type="stmt"/>
      <line num="1460" count="1" type="stmt"/>
      <line num="1461" count="3" type="stmt"/>
      <line num="1463" count="3" type="stmt"/>
      <line num="1464" count="3" type="cond" truecount="1" falsecount="1"/>
      <line num="1465" count="3" type="cond" truecount="1" falsecount="1"/>
      <line num="1466" count="3" type="stmt"/>
      <line num="1470" count="1" type="stmt"/>
      <line num="1471" count="1" type="stmt"/>
      <line num="1478" count="1" type="stmt"/>
      <line num="1479" count="0" type="stmt"/>
      <line num="1480" count="0" type="stmt"/>
      <line num="1481" count="0" type="stmt"/>
      <line num="1484" count="0" type="cond" truecount="0" falsecount="2"/>
      <line num="1485" count="0" type="cond" truecount="0" falsecount="2"/>
      <line num="1486" count="0" type="cond" truecount="0" falsecount="2"/>
      <line num="1489" count="0" type="stmt"/>
      <line num="1490" count="0" type="cond" truecount="0" falsecount="2"/>
      <line num="1491" count="0" type="stmt"/>
      <line num="1492" count="0" type="cond" truecount="0" falsecount="2"/>
      <line num="1494" count="0" type="cond" truecount="0" falsecount="2"/>
      <line num="1495" count="0" type="cond" truecount="0" falsecount="2"/>
      <line num="1497" count="0" type="stmt"/>
      <line num="1498" count="0" type="stmt"/>
      <line num="1501" count="0" type="stmt"/>
      <line num="1502" count="0" type="stmt"/>
      <line num="1507" count="1" type="stmt"/>
      <line num="1508" count="3" type="stmt"/>
      <line num="1512" count="1" type="stmt"/>
      <line num="1513" count="1" type="stmt"/>
      <line num="1514" count="1" type="cond" truecount="3" falsecount="1"/>
      <line num="1515" count="0" type="stmt"/>
      <line num="1517" count="1" type="cond" truecount="1" falsecount="1"/>
      <line num="1524" count="1" type="cond" truecount="2" falsecount="0"/>
      <line num="1525" count="1" type="cond" truecount="3" falsecount="1"/>
      <line num="1526" count="0" type="stmt"/>
      <line num="1527" count="0" type="stmt"/>
      <line num="1532" count="1" type="stmt"/>
      <line num="1533" count="1" type="stmt"/>
      <line num="1535" count="1" type="cond" truecount="1" falsecount="1"/>
      <line num="1536" count="0" type="stmt"/>
      <line num="1539" count="0" type="stmt"/>
      <line num="1541" count="0" type="stmt"/>
      <line num="1542" count="0" type="stmt"/>
      <line num="1543" count="0" type="cond" truecount="0" falsecount="4"/>
      <line num="1544" count="0" type="stmt"/>
      <line num="1545" count="0" type="cond" truecount="0" falsecount="2"/>
      <line num="1546" count="0" type="cond" truecount="0" falsecount="2"/>
      <line num="1547" count="0" type="cond" truecount="0" falsecount="2"/>
      <line num="1548" count="0" type="cond" truecount="0" falsecount="2"/>
      <line num="1549" count="0" type="stmt"/>
      <line num="1551" count="0" type="cond" truecount="0" falsecount="4"/>
      <line num="1556" count="0" type="stmt"/>
      <line num="1559" count="0" type="stmt"/>
      <line num="1560" count="0" type="stmt"/>
      <line num="1561" count="0" type="stmt"/>
      <line num="1562" count="0" type="stmt"/>
      <line num="1565" count="0" type="stmt"/>
      <line num="1570" count="1" type="stmt"/>
    </file>
  </project>
</coverage>
