<?xml version="1.0" encoding="UTF-8"?>
<coverage generated="1776335000333" clover="3.2.0">
  <project timestamp="1776335000334" name="All files">
    <metrics statements="759" coveredstatements="244" conditionals="584" coveredconditionals="93" methods="150" coveredmethods="29" elements="1493" coveredelements="366" complexity="0" loc="759" ncloc="759" packages="1" files="1" classes="1"/>
    <file name="server.js" path="C:\Users\durga\OneDrive\Desktop\New folder (2)\server.js">
      <metrics statements="759" coveredstatements="244" conditionals="584" coveredconditionals="93" methods="150" coveredmethods="29"/>
      <line num="8" count="1" type="stmt"/>
      <line num="9" count="1" type="stmt"/>
      <line num="10" count="1" type="stmt"/>
      <line num="11" count="1" type="stmt"/>
      <line num="12" count="1" type="stmt"/>
      <line num="13" count="1" type="stmt"/>
      <line num="14" count="1" type="stmt"/>
      <line num="15" count="1" type="stmt"/>
      <line num="16" count="1" type="stmt"/>
      <line num="17" count="1" type="stmt"/>
      <line num="18" count="1" type="stmt"/>
      <line num="19" count="1" type="stmt"/>
      <line num="20" count="1" type="stmt"/>
      <line num="21" count="1" type="stmt"/>
      <line num="22" count="1" type="stmt"/>
      <line num="25" count="1" type="cond" truecount="2" falsecount="0"/>
      <line num="26" count="1" type="cond" truecount="2" falsecount="0"/>
      <line num="28" count="1" type="stmt"/>
      <line num="29" count="1" type="cond" truecount="3" falsecount="2"/>
      <line num="32" count="1" type="cond" truecount="1" falsecount="1"/>
      <line num="34" count="1" type="stmt"/>
      <line num="36" count="1" type="stmt"/>
      <line num="37" count="1" type="stmt"/>
      <line num="40" count="1" type="stmt"/>
      <line num="46" count="1" type="stmt"/>
      <line num="48" count="9" type="cond" truecount="2" falsecount="2"/>
      <line num="49" count="0" type="stmt"/>
      <line num="57" count="1" type="stmt"/>
      <line num="60" count="1" type="stmt"/>
      <line num="61" count="9" type="cond" truecount="2" falsecount="2"/>
      <line num="62" count="0" type="stmt"/>
      <line num="64" count="9" type="stmt"/>
      <line num="68" count="1" type="stmt"/>
      <line num="103" count="1" type="stmt"/>
      <line num="104" count="1" type="stmt"/>
      <line num="105" count="9" type="cond" truecount="2" falsecount="0"/>
      <line num="106" count="54" type="stmt"/>
      <line num="107" count="54" type="stmt"/>
      <line num="109" count="9" type="cond" truecount="2" falsecount="2"/>
      <line num="110" count="0" type="stmt"/>
      <line num="112" count="9" type="stmt"/>
      <line num="114" count="1" type="stmt"/>
      <line num="115" count="1" type="stmt"/>
      <line num="116" count="1" type="stmt"/>
      <line num="117" count="1" type="stmt"/>
      <line num="118" count="1" type="stmt"/>
      <line num="119" count="1" type="stmt"/>
      <line num="120" count="1" type="stmt"/>
      <line num="123" count="1" type="stmt"/>
      <line num="124" count="9" type="stmt"/>
      <line num="125" count="9" type="stmt"/>
      <line num="126" count="9" type="stmt"/>
      <line num="127" count="9" type="stmt"/>
      <line num="128" count="9" type="cond" truecount="1" falsecount="1"/>
      <line num="130" count="9" type="stmt"/>
      <line num="134" count="1" type="stmt"/>
      <line num="135" count="1" type="stmt"/>
      <line num="138" count="1" type="stmt"/>
      <line num="139" count="1" type="cond" truecount="2" falsecount="2"/>
      <line num="140" count="1" type="stmt"/>
      <line num="141" count="1" type="stmt"/>
      <line num="142" count="1" type="stmt"/>
      <line num="146" count="1" type="stmt"/>
      <line num="147" count="0" type="stmt"/>
      <line num="148" count="0" type="cond" truecount="0" falsecount="2"/>
      <line num="149" count="0" type="stmt"/>
      <line num="150" count="0" type="cond" truecount="0" falsecount="2"/>
      <line num="151" count="0" type="stmt"/>
      <line num="153" count="0" type="stmt"/>
      <line num="159" count="1" type="stmt"/>
      <line num="161" count="1" type="cond" truecount="1" falsecount="1"/>
      <line num="162" count="1" type="stmt"/>
      <line num="163" count="1" type="cond" truecount="3" falsecount="1"/>
      <line num="164" count="1" type="stmt"/>
      <line num="165" count="23" type="stmt"/>
      <line num="166" count="23" type="stmt"/>
      <line num="170" count="1" type="stmt"/>
      <line num="171" count="1" type="stmt"/>
      <line num="172" count="1" type="stmt"/>
      <line num="175" count="1" type="stmt"/>
      <line num="176" count="1" type="stmt"/>
      <line num="177" count="1" type="stmt"/>
      <line num="178" count="1" type="stmt"/>
      <line num="179" count="1" type="cond" truecount="3" falsecount="1"/>
      <line num="180" count="1" type="cond" truecount="2" falsecount="0"/>
      <line num="181" count="1" type="stmt"/>
      <line num="182" count="1" type="stmt"/>
      <line num="184" count="0" type="stmt"/>
      <line num="189" count="1" type="stmt"/>
      <line num="190" count="0" type="cond" truecount="0" falsecount="2"/>
      <line num="191" count="0" type="stmt"/>
      <line num="192" count="0" type="cond" truecount="0" falsecount="2"/>
      <line num="193" count="0" type="stmt"/>
      <line num="195" count="0" type="stmt"/>
      <line num="199" count="1" type="stmt"/>
      <line num="200" count="1" type="stmt"/>
      <line num="203" count="1" type="stmt"/>
      <line num="210" count="1" type="stmt"/>
      <line num="211" count="1" type="stmt"/>
      <line num="216" count="1" type="stmt"/>
      <line num="221" count="1" type="stmt"/>
      <line num="226" count="1" type="stmt"/>
      <line num="227" count="1" type="stmt"/>
      <line num="228" count="1" type="stmt"/>
      <line num="231" count="1" type="stmt"/>
      <line num="232" count="0" type="cond" truecount="0" falsecount="2"/>
      <line num="233" count="0" type="stmt"/>
      <line num="235" count="1" type="stmt"/>
      <line num="236" count="0" type="stmt"/>
      <line num="237" count="0" type="cond" truecount="0" falsecount="2"/>
      <line num="238" count="0" type="stmt"/>
      <line num="240" count="0" type="stmt"/>
      <line num="250" count="1" type="stmt"/>
      <line num="254" count="23" type="stmt"/>
      <line num="299" count="0" type="cond" truecount="0" falsecount="4"/>
      <line num="306" count="1" type="stmt"/>
      <line num="342" count="1" type="stmt"/>
      <line num="343" count="1" type="stmt"/>
      <line num="344" count="23" type="stmt"/>
      <line num="348" count="1" type="stmt"/>
      <line num="368" count="1" type="stmt"/>
      <line num="369" count="23" type="stmt"/>
      <line num="393" count="1" type="stmt"/>
      <line num="394" count="1" type="cond" truecount="2" falsecount="0"/>
      <line num="396" count="1" type="stmt"/>
      <line num="397" count="0" type="cond" truecount="0" falsecount="2"/>
      <line num="398" count="0" type="stmt"/>
      <line num="399" count="0" type="stmt"/>
      <line num="400" count="0" type="stmt"/>
      <line num="401" count="0" type="stmt"/>
      <line num="402" count="0" type="stmt"/>
      <line num="403" count="0" type="stmt"/>
      <line num="404" count="0" type="stmt"/>
      <line num="410" count="2" type="stmt"/>
      <line num="411" count="6" type="cond" truecount="1" falsecount="1"/>
      <line num="412" count="6" type="stmt"/>
      <line num="413" count="6" type="stmt"/>
      <line num="416" count="6" type="stmt"/>
      <line num="417" count="6" type="stmt"/>
      <line num="418" count="6" type="stmt"/>
      <line num="419" count="6" type="stmt"/>
      <line num="420" count="6" type="stmt"/>
      <line num="421" count="6" type="stmt"/>
      <line num="422" count="6" type="stmt"/>
      <line num="423" count="6" type="stmt"/>
      <line num="424" count="6" type="cond" truecount="1" falsecount="1"/>
      <line num="425" count="6" type="stmt"/>
      <line num="426" count="6" type="cond" truecount="2" falsecount="0"/>
      <line num="429" count="6" type="stmt"/>
      <line num="430" count="6" type="stmt"/>
      <line num="437" count="1" type="stmt"/>
      <line num="471" count="0" type="cond" truecount="0" falsecount="2"/>
      <line num="472" count="0" type="stmt"/>
      <line num="473" count="0" type="stmt"/>
      <line num="474" count="0" type="stmt"/>
      <line num="475" count="0" type="stmt"/>
      <line num="476" count="0" type="stmt"/>
      <line num="479" count="0" type="stmt"/>
      <line num="480" count="0" type="stmt"/>
      <line num="481" count="0" type="stmt"/>
      <line num="482" count="0" type="stmt"/>
      <line num="485" count="0" type="stmt"/>
      <line num="486" count="0" type="stmt"/>
      <line num="488" count="0" type="stmt"/>
      <line num="493" count="2" type="cond" truecount="1" falsecount="1"/>
      <line num="494" count="2" type="stmt"/>
      <line num="495" count="2" type="stmt"/>
      <line num="496" count="2" type="stmt"/>
      <line num="497" count="0" type="cond" truecount="0" falsecount="2"/>
      <line num="499" count="0" type="stmt"/>
      <line num="503" count="0" type="stmt"/>
      <line num="504" count="0" type="stmt"/>
      <line num="505" count="0" type="cond" truecount="0" falsecount="2"/>
      <line num="506" count="0" type="stmt"/>
      <line num="509" count="0" type="stmt"/>
      <line num="511" count="2" type="stmt"/>
      <line num="516" count="1" type="stmt"/>
      <line num="517" count="1" type="cond" truecount="1" falsecount="1"/>
      <line num="518" count="0" type="stmt"/>
      <line num="525" count="0" type="stmt"/>
      <line num="526" count="0" type="stmt"/>
      <line num="527" count="0" type="cond" truecount="0" falsecount="2"/>
      <line num="530" count="0" type="stmt"/>
      <line num="531" count="0" type="stmt"/>
      <line num="534" count="0" type="cond" truecount="0" falsecount="2"/>
      <line num="535" count="0" type="stmt"/>
      <line num="536" count="0" type="stmt"/>
      <line num="537" count="0" type="stmt"/>
      <line num="538" count="0" type="stmt"/>
      <line num="539" count="0" type="stmt"/>
      <line num="540" count="0" type="stmt"/>
      <line num="541" count="0" type="stmt"/>
      <line num="542" count="0" type="stmt"/>
      <line num="543" count="0" type="stmt"/>
      <line num="544" count="0" type="stmt"/>
      <line num="545" count="0" type="cond" truecount="0" falsecount="2"/>
      <line num="548" count="0" type="stmt"/>
      <line num="552" count="0" type="stmt"/>
      <line num="555" count="0" type="stmt"/>
      <line num="560" count="1" type="stmt"/>
      <line num="561" count="1" type="stmt"/>
      <line num="562" count="1" type="stmt"/>
      <line num="563" count="8" type="stmt"/>
      <line num="564" count="8" type="stmt"/>
      <line num="576" count="1" type="stmt"/>
      <line num="592" count="1" type="stmt"/>
      <line num="593" count="1" type="stmt"/>
      <line num="596" count="1" type="stmt"/>
      <line num="597" count="1" type="stmt"/>
      <line num="600" count="1" type="stmt"/>
      <line num="601" count="1" type="stmt"/>
      <line num="602" count="30" type="stmt"/>
      <line num="613" count="1" type="stmt"/>
      <line num="616" count="1" type="stmt"/>
      <line num="635" count="0" type="cond" truecount="0" falsecount="2"/>
      <line num="636" count="0" type="stmt"/>
      <line num="637" count="0" type="stmt"/>
      <line num="638" count="0" type="cond" truecount="0" falsecount="4"/>
      <line num="640" count="0" type="stmt"/>
      <line num="641" count="0" type="stmt"/>
      <line num="642" count="0" type="stmt"/>
      <line num="644" count="0" type="stmt"/>
      <line num="645" count="0" type="cond" truecount="0" falsecount="2"/>
      <line num="647" count="0" type="stmt"/>
      <line num="648" count="0" type="stmt"/>
      <line num="649" count="0" type="cond" truecount="0" falsecount="2"/>
      <line num="651" count="0" type="stmt"/>
      <line num="652" count="0" type="stmt"/>
      <line num="653" count="0" type="cond" truecount="0" falsecount="2"/>
      <line num="655" count="0" type="stmt"/>
      <line num="656" count="0" type="stmt"/>
      <line num="661" count="0" type="stmt"/>
      <line num="662" count="0" type="cond" truecount="0" falsecount="2"/>
      <line num="663" count="0" type="stmt"/>
      <line num="664" count="0" type="stmt"/>
      <line num="665" count="0" type="cond" truecount="0" falsecount="2"/>
      <line num="666" count="0" type="stmt"/>
      <line num="667" count="0" type="stmt"/>
      <line num="669" count="0" type="stmt"/>
      <line num="670" count="0" type="stmt"/>
      <line num="675" count="0" type="stmt"/>
      <line num="676" count="0" type="cond" truecount="0" falsecount="2"/>
      <line num="677" count="0" type="stmt"/>
      <line num="678" count="0" type="stmt"/>
      <line num="679" count="0" type="cond" truecount="0" falsecount="2"/>
      <line num="680" count="0" type="stmt"/>
      <line num="681" count="0" type="stmt"/>
      <line num="683" count="0" type="stmt"/>
      <line num="684" count="0" type="stmt"/>
      <line num="689" count="0" type="stmt"/>
      <line num="690" count="0" type="stmt"/>
      <line num="691" count="0" type="cond" truecount="0" falsecount="2"/>
      <line num="692" count="0" type="stmt"/>
      <line num="693" count="0" type="cond" truecount="0" falsecount="2"/>
      <line num="697" count="0" type="stmt"/>
      <line num="699" count="0" type="stmt"/>
      <line num="702" count="0" type="stmt"/>
      <line num="708" count="0" type="cond" truecount="0" falsecount="2"/>
      <line num="712" count="0" type="stmt"/>
      <line num="713" count="0" type="cond" truecount="0" falsecount="2"/>
      <line num="714" count="0" type="stmt"/>
      <line num="716" count="0" type="cond" truecount="0" falsecount="2"/>
      <line num="718" count="0" type="cond" truecount="0" falsecount="3"/>
      <line num="719" count="0" type="cond" truecount="0" falsecount="2"/>
      <line num="720" count="0" type="stmt"/>
      <line num="721" count="0" type="stmt"/>
      <line num="722" count="0" type="stmt"/>
      <line num="723" count="0" type="stmt"/>
      <line num="725" count="0" type="stmt"/>
      <line num="726" count="0" type="stmt"/>
      <line num="733" count="0" type="stmt"/>
      <line num="734" count="0" type="cond" truecount="0" falsecount="7"/>
      <line num="736" count="0" type="cond" truecount="0" falsecount="2"/>
      <line num="738" count="0" type="cond" truecount="0" falsecount="2"/>
      <line num="739" count="0" type="stmt"/>
      <line num="740" count="0" type="stmt"/>
      <line num="744" count="0" type="cond" truecount="0" falsecount="2"/>
      <line num="745" count="0" type="cond" truecount="0" falsecount="4"/>
      <line num="746" count="0" type="stmt"/>
      <line num="747" count="0" type="stmt"/>
      <line num="748" count="0" type="stmt"/>
      <line num="749" count="0" type="cond" truecount="0" falsecount="6"/>
      <line num="750" count="0" type="stmt"/>
      <line num="751" count="0" type="cond" truecount="0" falsecount="2"/>
      <line num="752" count="0" type="stmt"/>
      <line num="756" count="0" type="cond" truecount="0" falsecount="2"/>
      <line num="757" count="0" type="stmt"/>
      <line num="758" count="0" type="cond" truecount="0" falsecount="2"/>
      <line num="760" count="0" type="cond" truecount="0" falsecount="2"/>
      <line num="762" count="0" type="cond" truecount="0" falsecount="4"/>
      <line num="763" count="0" type="cond" truecount="0" falsecount="2"/>
      <line num="764" count="0" type="cond" truecount="0" falsecount="2"/>
      <line num="766" count="0" type="cond" truecount="0" falsecount="2"/>
      <line num="767" count="0" type="stmt"/>
      <line num="770" count="0" type="cond" truecount="0" falsecount="2"/>
      <line num="771" count="0" type="cond" truecount="0" falsecount="4"/>
      <line num="773" count="0" type="stmt"/>
      <line num="778" count="0" type="stmt"/>
      <line num="787" count="0" type="stmt"/>
      <line num="788" count="0" type="cond" truecount="0" falsecount="2"/>
      <line num="789" count="0" type="cond" truecount="0" falsecount="2"/>
      <line num="790" count="0" type="stmt"/>
      <line num="791" count="0" type="stmt"/>
      <line num="795" count="0" type="stmt"/>
      <line num="796" count="0" type="cond" truecount="0" falsecount="2"/>
      <line num="797" count="0" type="stmt"/>
      <line num="804" count="0" type="cond" truecount="0" falsecount="2"/>
      <line num="805" count="0" type="stmt"/>
      <line num="806" count="0" type="stmt"/>
      <line num="812" count="0" type="stmt"/>
      <line num="813" count="0" type="cond" truecount="0" falsecount="2"/>
      <line num="814" count="0" type="stmt"/>
      <line num="815" count="0" type="cond" truecount="0" falsecount="2"/>
      <line num="816" count="0" type="stmt"/>
      <line num="817" count="0" type="stmt"/>
      <line num="818" count="0" type="stmt"/>
      <line num="826" count="0" type="stmt"/>
      <line num="827" count="0" type="stmt"/>
      <line num="828" count="0" type="stmt"/>
      <line num="829" count="0" type="stmt"/>
      <line num="830" count="0" type="stmt"/>
      <line num="831" count="0" type="stmt"/>
      <line num="832" count="0" type="cond" truecount="0" falsecount="2"/>
      <line num="833" count="0" type="stmt"/>
      <line num="836" count="0" type="stmt"/>
      <line num="840" count="1" type="cond" truecount="1" falsecount="1"/>
      <line num="841" count="0" type="stmt"/>
      <line num="842" count="0" type="stmt"/>
      <line num="851" count="1" type="cond" truecount="1" falsecount="1"/>
      <line num="852" count="1" type="cond" truecount="1" falsecount="1"/>
      <line num="854" count="1" type="cond" truecount="3" falsecount="1"/>
      <line num="856" count="1" type="stmt"/>
      <line num="873" count="1" type="stmt"/>
      <line num="874" count="1" type="stmt"/>
      <line num="875" count="1" type="stmt"/>
      <line num="876" count="1" type="stmt"/>
      <line num="880" count="1" type="stmt"/>
      <line num="881" count="1" type="cond" truecount="1" falsecount="1"/>
      <line num="882" count="1" type="stmt"/>
      <line num="887" count="1" type="stmt"/>
      <line num="888" count="1" type="cond" truecount="1" falsecount="1"/>
      <line num="889" count="1" type="stmt"/>
      <line num="894" count="1" type="stmt"/>
      <line num="895" count="0" type="stmt"/>
      <line num="896" count="0" type="cond" truecount="0" falsecount="2"/>
      <line num="897" count="0" type="cond" truecount="0" falsecount="2"/>
      <line num="898" count="0" type="stmt"/>
      <line num="899" count="0" type="cond" truecount="0" falsecount="2"/>
      <line num="900" count="0" type="stmt"/>
      <line num="901" count="0" type="stmt"/>
      <line num="903" count="0" type="stmt"/>
      <line num="907" count="1" type="stmt"/>
      <line num="908" count="0" type="stmt"/>
      <line num="909" count="0" type="cond" truecount="0" falsecount="2"/>
      <line num="910" count="0" type="stmt"/>
      <line num="913" count="0" type="cond" truecount="0" falsecount="4"/>
      <line num="914" count="0" type="stmt"/>
      <line num="917" count="0" type="stmt"/>
      <line num="918" count="0" type="stmt"/>
      <line num="920" count="0" type="stmt"/>
      <line num="924" count="1" type="stmt"/>
      <line num="925" count="0" type="cond" truecount="0" falsecount="2"/>
      <line num="926" count="0" type="cond" truecount="0" falsecount="2"/>
      <line num="929" count="1" type="stmt"/>
      <line num="930" count="0" type="cond" truecount="0" falsecount="2"/>
      <line num="931" count="0" type="cond" truecount="0" falsecount="2"/>
      <line num="934" count="1" type="stmt"/>
      <line num="935" count="0" type="cond" truecount="0" falsecount="2"/>
      <line num="936" count="0" type="stmt"/>
      <line num="937" count="0" type="stmt"/>
      <line num="938" count="0" type="cond" truecount="0" falsecount="5"/>
      <line num="939" count="0" type="stmt"/>
      <line num="940" count="0" type="stmt"/>
      <line num="941" count="0" type="stmt"/>
      <line num="942" count="0" type="stmt"/>
      <line num="944" count="0" type="stmt"/>
      <line num="946" count="0" type="stmt"/>
      <line num="951" count="1" type="stmt"/>
      <line num="952" count="0" type="stmt"/>
      <line num="953" count="0" type="cond" truecount="0" falsecount="2"/>
      <line num="954" count="0" type="stmt"/>
      <line num="955" count="0" type="cond" truecount="0" falsecount="2"/>
      <line num="957" count="0" type="cond" truecount="0" falsecount="5"/>
      <line num="959" count="0" type="stmt"/>
      <line num="960" count="0" type="cond" truecount="0" falsecount="2"/>
      <line num="961" count="0" type="stmt"/>
      <line num="962" count="0" type="stmt"/>
      <line num="964" count="0" type="stmt"/>
      <line num="965" count="0" type="stmt"/>
      <line num="967" count="0" type="stmt"/>
      <line num="968" count="0" type="stmt"/>
      <line num="970" count="0" type="stmt"/>
      <line num="972" count="0" type="stmt"/>
      <line num="979" count="0" type="stmt"/>
      <line num="980" count="0" type="stmt"/>
      <line num="981" count="0" type="stmt"/>
      <line num="982" count="0" type="stmt"/>
      <line num="984" count="0" type="stmt"/>
      <line num="985" count="0" type="stmt"/>
      <line num="989" count="1" type="stmt"/>
      <line num="990" count="0" type="stmt"/>
      <line num="991" count="0" type="cond" truecount="0" falsecount="2"/>
      <line num="992" count="0" type="stmt"/>
      <line num="993" count="0" type="cond" truecount="0" falsecount="2"/>
      <line num="995" count="0" type="cond" truecount="0" falsecount="2"/>
      <line num="996" count="0" type="cond" truecount="0" falsecount="2"/>
      <line num="997" count="0" type="cond" truecount="0" falsecount="2"/>
      <line num="999" count="0" type="cond" truecount="0" falsecount="6"/>
      <line num="1000" count="0" type="cond" truecount="0" falsecount="4"/>
      <line num="1001" count="0" type="stmt"/>
      <line num="1003" count="0" type="stmt"/>
      <line num="1004" count="0" type="stmt"/>
      <line num="1008" count="1" type="stmt"/>
      <line num="1009" count="0" type="stmt"/>
      <line num="1010" count="0" type="cond" truecount="0" falsecount="2"/>
      <line num="1011" count="0" type="stmt"/>
      <line num="1012" count="0" type="cond" truecount="0" falsecount="2"/>
      <line num="1014" count="0" type="cond" truecount="0" falsecount="2"/>
      <line num="1015" count="0" type="cond" truecount="0" falsecount="2"/>
      <line num="1016" count="0" type="cond" truecount="0" falsecount="2"/>
      <line num="1018" count="0" type="stmt"/>
      <line num="1019" count="0" type="stmt"/>
      <line num="1020" count="0" type="stmt"/>
      <line num="1024" count="1" type="stmt"/>
      <line num="1025" count="0" type="stmt"/>
      <line num="1028" count="1" type="stmt"/>
      <line num="1029" count="1" type="stmt"/>
      <line num="1030" count="0" type="cond" truecount="0" falsecount="3"/>
      <line num="1031" count="0" type="cond" truecount="0" falsecount="2"/>
      <line num="1032" count="0" type="stmt"/>
      <line num="1035" count="0" type="cond" truecount="0" falsecount="1"/>
      <line num="1036" count="0" type="cond" truecount="0" falsecount="2"/>
      <line num="1037" count="0" type="stmt"/>
      <line num="1040" count="0" type="stmt"/>
      <line num="1041" count="0" type="cond" truecount="0" falsecount="2"/>
      <line num="1042" count="0" type="cond" truecount="0" falsecount="2"/>
      <line num="1043" count="0" type="stmt"/>
      <line num="1046" count="0" type="stmt"/>
      <line num="1047" count="0" type="cond" truecount="0" falsecount="2"/>
      <line num="1049" count="0" type="cond" truecount="0" falsecount="2"/>
      <line num="1050" count="0" type="cond" truecount="0" falsecount="2"/>
      <line num="1052" count="0" type="stmt"/>
      <line num="1061" count="0" type="stmt"/>
      <line num="1062" count="0" type="stmt"/>
      <line num="1064" count="0" type="stmt"/>
      <line num="1067" count="1" type="stmt"/>
      <line num="1068" count="0" type="stmt"/>
      <line num="1069" count="0" type="stmt"/>
      <line num="1070" count="0" type="cond" truecount="0" falsecount="2"/>
      <line num="1071" count="0" type="stmt"/>
      <line num="1072" count="0" type="stmt"/>
      <line num="1076" count="1" type="stmt"/>
      <line num="1077" count="0" type="stmt"/>
      <line num="1080" count="1" type="stmt"/>
      <line num="1081" count="0" type="cond" truecount="0" falsecount="2"/>
      <line num="1082" count="0" type="stmt"/>
      <line num="1083" count="0" type="cond" truecount="0" falsecount="2"/>
      <line num="1086" count="1" type="stmt"/>
      <line num="1087" count="1" type="stmt"/>
      <line num="1088" count="1" type="cond" truecount="3" falsecount="1"/>
      <line num="1089" count="0" type="stmt"/>
      <line num="1092" count="1" type="cond" truecount="1" falsecount="2"/>
      <line num="1093" count="1" type="cond" truecount="1" falsecount="1"/>
      <line num="1094" count="1" type="cond" truecount="1" falsecount="1"/>
      <line num="1096" count="1" type="cond" truecount="1" falsecount="1"/>
      <line num="1097" count="0" type="stmt"/>
      <line num="1098" count="1" type="cond" truecount="2" falsecount="0"/>
      <line num="1100" count="1" type="cond" truecount="1" falsecount="1"/>
      <line num="1101" count="0" type="stmt"/>
      <line num="1104" count="1" type="stmt"/>
      <line num="1105" count="1" type="stmt"/>
      <line num="1106" count="1" type="stmt"/>
      <line num="1107" count="12" type="stmt"/>
      <line num="1108" count="1" type="cond" truecount="1" falsecount="1"/>
      <line num="1109" count="0" type="cond" truecount="0" falsecount="2"/>
      <line num="1110" count="0" type="stmt"/>
      <line num="1111" count="0" type="cond" truecount="0" falsecount="2"/>
      <line num="1114" count="1" type="stmt"/>
      <line num="1128" count="1" type="stmt"/>
      <line num="1129" count="1" type="stmt"/>
      <line num="1130" count="1" type="stmt"/>
      <line num="1131" count="1" type="stmt"/>
      <line num="1132" count="1" type="stmt"/>
      <line num="1134" count="1" type="stmt"/>
      <line num="1135" count="1" type="stmt"/>
      <line num="1138" count="1" type="stmt"/>
      <line num="1139" count="0" type="stmt"/>
      <line num="1142" count="1" type="stmt"/>
      <line num="1143" count="0" type="stmt"/>
      <line num="1144" count="0" type="cond" truecount="0" falsecount="2"/>
      <line num="1145" count="0" type="stmt"/>
      <line num="1148" count="1" type="stmt"/>
      <line num="1149" count="0" type="stmt"/>
      <line num="1150" count="0" type="cond" truecount="0" falsecount="2"/>
      <line num="1151" count="0" type="stmt"/>
      <line num="1152" count="0" type="stmt"/>
      <line num="1153" count="0" type="cond" truecount="0" falsecount="3"/>
      <line num="1154" count="0" type="cond" truecount="0" falsecount="2"/>
      <line num="1155" count="0" type="cond" truecount="0" falsecount="2"/>
      <line num="1156" count="0" type="stmt"/>
      <line num="1157" count="0" type="cond" truecount="0" falsecount="2"/>
      <line num="1159" count="0" type="stmt"/>
      <line num="1160" count="0" type="stmt"/>
      <line num="1164" count="1" type="stmt"/>
      <line num="1165" count="0" type="cond" truecount="0" falsecount="2"/>
      <line num="1166" count="0" type="stmt"/>
      <line num="1167" count="0" type="cond" truecount="0" falsecount="2"/>
      <line num="1169" count="0" type="stmt"/>
      <line num="1170" count="0" type="stmt"/>
      <line num="1171" count="0" type="stmt"/>
      <line num="1173" count="0" type="stmt"/>
      <line num="1178" count="0" type="stmt"/>
      <line num="1181" count="0" type="stmt"/>
      <line num="1186" count="1" type="stmt"/>
      <line num="1187" count="0" type="stmt"/>
      <line num="1188" count="0" type="cond" truecount="0" falsecount="4"/>
      <line num="1189" count="0" type="stmt"/>
      <line num="1192" count="1" type="stmt"/>
      <line num="1193" count="0" type="stmt"/>
      <line num="1194" count="0" type="cond" truecount="0" falsecount="2"/>
      <line num="1195" count="0" type="stmt"/>
      <line num="1196" count="0" type="stmt"/>
      <line num="1199" count="1" type="stmt"/>
      <line num="1200" count="0" type="stmt"/>
      <line num="1201" count="0" type="cond" truecount="0" falsecount="4"/>
      <line num="1202" count="0" type="stmt"/>
      <line num="1206" count="1" type="stmt"/>
      <line num="1207" count="0" type="stmt"/>
      <line num="1208" count="0" type="cond" truecount="0" falsecount="4"/>
      <line num="1209" count="0" type="stmt"/>
      <line num="1212" count="1" type="stmt"/>
      <line num="1213" count="0" type="stmt"/>
      <line num="1214" count="0" type="cond" truecount="0" falsecount="4"/>
      <line num="1216" count="0" type="stmt"/>
      <line num="1221" count="0" type="stmt"/>
      <line num="1222" count="0" type="stmt"/>
      <line num="1224" count="0" type="stmt"/>
      <line num="1225" count="0" type="stmt"/>
      <line num="1228" count="1" type="stmt"/>
      <line num="1229" count="0" type="stmt"/>
      <line num="1230" count="0" type="cond" truecount="0" falsecount="2"/>
      <line num="1232" count="0" type="stmt"/>
      <line num="1233" count="0" type="cond" truecount="0" falsecount="2"/>
      <line num="1234" count="0" type="stmt"/>
      <line num="1235" count="0" type="stmt"/>
      <line num="1238" count="1" type="stmt"/>
      <line num="1239" count="0" type="stmt"/>
      <line num="1240" count="0" type="cond" truecount="0" falsecount="2"/>
      <line num="1241" count="0" type="stmt"/>
      <line num="1242" count="0" type="cond" truecount="0" falsecount="2"/>
      <line num="1243" count="0" type="stmt"/>
      <line num="1244" count="0" type="cond" truecount="0" falsecount="2"/>
      <line num="1245" count="0" type="stmt"/>
      <line num="1246" count="0" type="stmt"/>
      <line num="1247" count="0" type="stmt"/>
      <line num="1248" count="0" type="stmt"/>
      <line num="1251" count="1" type="stmt"/>
      <line num="1252" count="0" type="stmt"/>
      <line num="1253" count="0" type="cond" truecount="0" falsecount="2"/>
      <line num="1254" count="0" type="stmt"/>
      <line num="1255" count="0" type="stmt"/>
      <line num="1256" count="0" type="stmt"/>
      <line num="1257" count="0" type="stmt"/>
      <line num="1258" count="0" type="stmt"/>
      <line num="1259" count="0" type="stmt"/>
      <line num="1263" count="1" type="stmt"/>
      <line num="1264" count="0" type="cond" truecount="0" falsecount="2"/>
      <line num="1265" count="0" type="stmt"/>
      <line num="1266" count="0" type="stmt"/>
      <line num="1267" count="0" type="cond" truecount="0" falsecount="4"/>
      <line num="1269" count="0" type="stmt"/>
      <line num="1270" count="0" type="stmt"/>
      <line num="1277" count="0" type="cond" truecount="0" falsecount="3"/>
      <line num="1278" count="0" type="cond" truecount="0" falsecount="3"/>
      <line num="1279" count="0" type="cond" truecount="0" falsecount="3"/>
      <line num="1284" count="1" type="stmt"/>
      <line num="1285" count="0" type="stmt"/>
      <line num="1289" count="1" type="stmt"/>
      <line num="1290" count="0" type="cond" truecount="0" falsecount="2"/>
      <line num="1291" count="0" type="stmt"/>
      <line num="1292" count="0" type="cond" truecount="0" falsecount="2"/>
      <line num="1294" count="0" type="stmt"/>
      <line num="1295" count="0" type="stmt"/>
      <line num="1296" count="0" type="cond" truecount="0" falsecount="4"/>
      <line num="1297" count="0" type="stmt"/>
      <line num="1298" count="0" type="stmt"/>
      <line num="1306" count="0" type="cond" truecount="0" falsecount="4"/>
      <line num="1309" count="0" type="stmt"/>
      <line num="1313" count="1" type="stmt"/>
      <line num="1314" count="0" type="stmt"/>
      <line num="1325" count="1" type="stmt"/>
      <line num="1326" count="0" type="stmt"/>
      <line num="1327" count="0" type="cond" truecount="0" falsecount="5"/>
      <line num="1328" count="0" type="stmt"/>
      <line num="1331" count="0" type="stmt"/>
      <line num="1332" count="0" type="stmt"/>
      <line num="1333" count="0" type="stmt"/>
      <line num="1334" count="0" type="stmt"/>
      <line num="1335" count="0" type="cond" truecount="0" falsecount="4"/>
      <line num="1336" count="0" type="cond" truecount="0" falsecount="2"/>
      <line num="1337" count="0" type="stmt"/>
      <line num="1338" count="0" type="cond" truecount="0" falsecount="2"/>
      <line num="1341" count="0" type="cond" truecount="0" falsecount="2"/>
      <line num="1342" count="0" type="stmt"/>
      <line num="1346" count="0" type="stmt"/>
      <line num="1347" count="0" type="stmt"/>
      <line num="1350" count="0" type="cond" truecount="0" falsecount="4"/>
      <line num="1351" count="0" type="stmt"/>
      <line num="1352" count="0" type="stmt"/>
      <line num="1358" count="0" type="stmt"/>
      <line num="1359" count="0" type="stmt"/>
      <line num="1370" count="0" type="stmt"/>
      <line num="1375" count="0" type="stmt"/>
      <line num="1389" count="1" type="stmt"/>
      <line num="1390" count="0" type="stmt"/>
      <line num="1392" count="0" type="stmt"/>
      <line num="1393" count="0" type="cond" truecount="0" falsecount="2"/>
      <line num="1396" count="0" type="cond" truecount="0" falsecount="2"/>
      <line num="1397" count="0" type="cond" truecount="0" falsecount="4"/>
      <line num="1398" count="0" type="stmt"/>
      <line num="1402" count="0" type="stmt"/>
      <line num="1403" count="0" type="stmt"/>
      <line num="1404" count="0" type="cond" truecount="0" falsecount="2"/>
      <line num="1405" count="0" type="stmt"/>
      <line num="1410" count="0" type="cond" truecount="0" falsecount="2"/>
      <line num="1411" count="0" type="stmt"/>
      <line num="1412" count="0" type="cond" truecount="0" falsecount="4"/>
      <line num="1413" count="0" type="stmt"/>
      <line num="1414" count="0" type="cond" truecount="0" falsecount="2"/>
      <line num="1416" count="0" type="stmt"/>
      <line num="1432" count="0" type="stmt"/>
      <line num="1434" count="0" type="stmt"/>
      <line num="1435" count="0" type="stmt"/>
      <line num="1436" count="0" type="stmt"/>
      <line num="1437" count="0" type="stmt"/>
      <line num="1438" count="0" type="stmt"/>
      <line num="1440" count="0" type="stmt"/>
      <line num="1441" count="0" type="stmt"/>
      <line num="1442" count="0" type="stmt"/>
      <line num="1447" count="1" type="stmt"/>
      <line num="1448" count="0" type="stmt"/>
      <line num="1449" count="0" type="cond" truecount="0" falsecount="2"/>
      <line num="1450" count="0" type="stmt"/>
      <line num="1451" count="0" type="stmt"/>
      <line num="1452" count="0" type="stmt"/>
      <line num="1456" count="1" type="stmt"/>
      <line num="1457" count="0" type="stmt"/>
      <line num="1458" count="0" type="cond" truecount="0" falsecount="5"/>
      <line num="1459" count="0" type="stmt"/>
      <line num="1461" count="0" type="stmt"/>
      <line num="1468" count="0" type="stmt"/>
      <line num="1469" count="0" type="stmt"/>
      <line num="1470" count="0" type="stmt"/>
      <line num="1474" count="1" type="stmt"/>
      <line num="1475" count="0" type="stmt"/>
      <line num="1476" count="0" type="cond" truecount="0" falsecount="2"/>
      <line num="1477" count="0" type="stmt"/>
      <line num="1478" count="0" type="stmt"/>
      <line num="1479" count="0" type="stmt"/>
      <line num="1484" count="1" type="stmt"/>
      <line num="1485" count="0" type="stmt"/>
      <line num="1486" count="0" type="cond" truecount="0" falsecount="2"/>
      <line num="1487" count="0" type="stmt"/>
      <line num="1489" count="0" type="cond" truecount="0" falsecount="2"/>
      <line num="1490" count="0" type="cond" truecount="0" falsecount="2"/>
      <line num="1491" count="0" type="cond" truecount="0" falsecount="2"/>
      <line num="1492" count="0" type="cond" truecount="0" falsecount="2"/>
      <line num="1493" count="0" type="cond" truecount="0" falsecount="2"/>
      <line num="1495" count="0" type="stmt"/>
      <line num="1496" count="0" type="stmt"/>
      <line num="1497" count="0" type="cond" truecount="0" falsecount="2"/>
      <line num="1498" count="0" type="stmt"/>
      <line num="1499" count="0" type="cond" truecount="0" falsecount="2"/>
      <line num="1501" count="0" type="stmt"/>
      <line num="1502" count="0" type="stmt"/>
      <line num="1506" count="1" type="stmt"/>
      <line num="1507" count="0" type="stmt"/>
      <line num="1508" count="0" type="cond" truecount="0" falsecount="2"/>
      <line num="1509" count="0" type="cond" truecount="0" falsecount="2"/>
      <line num="1512" count="0" type="cond" truecount="0" falsecount="2"/>
      <line num="1513" count="0" type="stmt"/>
      <line num="1514" count="0" type="stmt"/>
      <line num="1516" count="0" type="stmt"/>
      <line num="1524" count="0" type="cond" truecount="0" falsecount="2"/>
      <line num="1525" count="0" type="cond" truecount="0" falsecount="4"/>
      <line num="1527" count="0" type="stmt"/>
      <line num="1551" count="0" type="stmt"/>
      <line num="1557" count="1" type="stmt"/>
      <line num="1558" count="2" type="stmt"/>
      <line num="1559" count="2" type="cond" truecount="2" falsecount="0"/>
      <line num="1560" count="1" type="stmt"/>
      <line num="1564" count="1" type="stmt"/>
      <line num="1565" count="1" type="stmt"/>
      <line num="1566" count="1" type="stmt"/>
      <line num="1567" count="1" type="stmt"/>
      <line num="1571" count="1" type="stmt"/>
      <line num="1574" count="1" type="stmt"/>
      <line num="1575" count="0" type="stmt"/>
      <line num="1588" count="1" type="stmt"/>
      <line num="1589" count="0" type="stmt"/>
      <line num="1590" count="0" type="stmt"/>
      <line num="1591" count="0" type="stmt"/>
      <line num="1594" count="0" type="stmt"/>
      <line num="1595" count="0" type="cond" truecount="0" falsecount="2"/>
      <line num="1596" count="0" type="cond" truecount="0" falsecount="2"/>
      <line num="1599" count="0" type="stmt"/>
      <line num="1600" count="0" type="cond" truecount="0" falsecount="2"/>
      <line num="1601" count="0" type="stmt"/>
      <line num="1602" count="0" type="cond" truecount="0" falsecount="2"/>
      <line num="1604" count="0" type="cond" truecount="0" falsecount="2"/>
      <line num="1605" count="0" type="cond" truecount="0" falsecount="2"/>
      <line num="1607" count="0" type="stmt"/>
      <line num="1608" count="0" type="stmt"/>
      <line num="1611" count="0" type="stmt"/>
      <line num="1612" count="0" type="stmt"/>
      <line num="1617" count="1" type="stmt"/>
      <line num="1618" count="0" type="stmt"/>
      <line num="1622" count="1" type="stmt"/>
      <line num="1623" count="0" type="stmt"/>
      <line num="1624" count="0" type="cond" truecount="0" falsecount="4"/>
      <line num="1625" count="0" type="stmt"/>
      <line num="1627" count="0" type="cond" truecount="0" falsecount="2"/>
      <line num="1634" count="1" type="cond" truecount="2" falsecount="0"/>
      <line num="1637" count="1" type="stmt"/>
      <line num="1638" count="0" type="stmt"/>
      <line num="1646" count="1" type="cond" truecount="3" falsecount="1"/>
      <line num="1647" count="0" type="stmt"/>
      <line num="1648" count="0" type="stmt"/>
      <line num="1654" count="1" type="stmt"/>
      <line num="1655" count="1" type="stmt"/>
      <line num="1656" count="1" type="stmt"/>
      <line num="1657" count="1" type="stmt"/>
      <line num="1658" count="1" type="stmt"/>
      <line num="1659" count="1" type="stmt"/>
      <line num="1661" count="0" type="stmt"/>
      <line num="1666" count="1" type="stmt"/>
      <line num="1668" count="1" type="cond" truecount="2" falsecount="2"/>
      <line num="1670" count="0" type="stmt"/>
      <line num="1671" count="1" type="cond" truecount="1" falsecount="1"/>
      <line num="1672" count="0" type="stmt"/>
      <line num="1673" count="0" type="stmt"/>
      <line num="1679" count="1" type="stmt"/>
      <line num="1681" count="0" type="stmt"/>
      <line num="1682" count="0" type="stmt"/>
      <line num="1683" count="0" type="cond" truecount="0" falsecount="4"/>
      <line num="1684" count="0" type="stmt"/>
      <line num="1685" count="0" type="cond" truecount="0" falsecount="2"/>
      <line num="1686" count="0" type="cond" truecount="0" falsecount="2"/>
      <line num="1687" count="0" type="cond" truecount="0" falsecount="2"/>
      <line num="1688" count="0" type="cond" truecount="0" falsecount="2"/>
      <line num="1689" count="0" type="stmt"/>
      <line num="1691" count="0" type="cond" truecount="0" falsecount="4"/>
      <line num="1696" count="0" type="stmt"/>
      <line num="1699" count="0" type="stmt"/>
      <line num="1700" count="0" type="stmt"/>
      <line num="1701" count="0" type="stmt"/>
      <line num="1702" count="0" type="stmt"/>
      <line num="1705" count="0" type="stmt"/>
      <line num="1709" count="1" type="stmt"/>
    </file>
  </project>
</coverage>
