{"C:\\Users\\durga\\OneDrive\\Desktop\\New folder (2)\\server.js": {"path":"C:\\Users\\durga\\OneDrive\\Desktop\\New folder (2)\\server.js","statementMap":{"0":{"start":{"line":8,"column":0},"end":{"line":8,"column":32}},"1":{"start":{"line":9,"column":19},"end":{"line":9,"column":37}},"2":{"start":{"line":10,"column":19},"end":{"line":10,"column":34}},"3":{"start":{"line":11,"column":19},"end":{"line":11,"column":39}},"4":{"start":{"line":12,"column":19},"end":{"line":12,"column":34}},"5":{"start":{"line":13,"column":19},"end":{"line":13,"column":36}},"6":{"start":{"line":14,"column":20},"end":{"line":14,"column":42}},"7":{"start":{"line":15,"column":23},"end":{"line":15,"column":38}},"8":{"start":{"line":16,"column":42},"end":{"line":16,"column":70}},"9":{"start":{"line":17,"column":41},"end":{"line":17,"column":56}},"10":{"start":{"line":18,"column":15},"end":{"line":18,"column":30}},"11":{"start":{"line":19,"column":15},"end":{"line":19,"column":32}},"12":{"start":{"line":20,"column":15},"end":{"line":20,"column":36}},"13":{"start":{"line":23,"column":28},"end":{"line":23,"column":65}},"14":{"start":{"line":24,"column":28},"end":{"line":24,"column":65}},"15":{"start":{"line":26,"column":0},"end":{"line":26,"column":69}},"16":{"start":{"line":26,"column":6},"end":{"line":26,"column":37}},"17":{"start":{"line":26,"column":51},"end":{"line":26,"column":67}},"18":{"start":{"line":27,"column":17},"end":{"line":29,"column":8}},"19":{"start":{"line":30,"column":0},"end":{"line":30,"column":108}},"20":{"start":{"line":30,"column":15},"end":{"line":30,"column":108}},"21":{"start":{"line":32,"column":24},"end":{"line":32,"column":26}},"22":{"start":{"line":34,"column":15},"end":{"line":34,"column":24}},"23":{"start":{"line":35,"column":15},"end":{"line":35,"column":37}},"24":{"start":{"line":38,"column":24},"end":{"line":42,"column":17}},"25":{"start":{"line":44,"column":20},"end":{"line":53,"column":1}},"26":{"start":{"line":46,"column":4},"end":{"line":46,"column":75}},"27":{"start":{"line":46,"column":53},"end":{"line":46,"column":75}},"28":{"start":{"line":47,"column":4},"end":{"line":47,"column":56}},"29":{"start":{"line":55,"column":11},"end":{"line":55,"column":87}},"30":{"start":{"line":58,"column":0},"end":{"line":74,"column":4}},"31":{"start":{"line":75,"column":0},"end":{"line":75,"column":27}},"32":{"start":{"line":76,"column":0},"end":{"line":76,"column":36}},"33":{"start":{"line":79,"column":0},"end":{"line":79,"column":52}},"34":{"start":{"line":80,"column":0},"end":{"line":80,"column":41}},"35":{"start":{"line":81,"column":0},"end":{"line":81,"column":64}},"36":{"start":{"line":84,"column":0},"end":{"line":88,"column":4}},"37":{"start":{"line":91,"column":21},"end":{"line":91,"column":50}},"38":{"start":{"line":92,"column":22},"end":{"line":96,"column":2}},"39":{"start":{"line":97,"column":19},"end":{"line":101,"column":2}},"40":{"start":{"line":102,"column":23},"end":{"line":106,"column":2}},"41":{"start":{"line":107,"column":0},"end":{"line":107,"column":23}},"42":{"start":{"line":108,"column":0},"end":{"line":108,"column":29}},"43":{"start":{"line":109,"column":0},"end":{"line":109,"column":40}},"44":{"start":{"line":112,"column":23},"end":{"line":115,"column":1}},"45":{"start":{"line":113,"column":2},"end":{"line":113,"column":42}},"46":{"start":{"line":113,"column":31},"end":{"line":113,"column":42}},"47":{"start":{"line":114,"column":2},"end":{"line":114,"column":58}},"48":{"start":{"line":116,"column":17},"end":{"line":122,"column":1}},"49":{"start":{"line":117,"column":17},"end":{"line":117,"column":38}},"50":{"start":{"line":118,"column":2},"end":{"line":120,"column":3}},"51":{"start":{"line":119,"column":4},"end":{"line":119,"column":76}},"52":{"start":{"line":121,"column":2},"end":{"line":121,"column":9}},"53":{"start":{"line":131,"column":20},"end":{"line":131,"column":22}},"54":{"start":{"line":135,"column":2},"end":{"line":176,"column":4}},"55":{"start":{"line":180,"column":2},"end":{"line":180,"column":89}},"56":{"start":{"line":187,"column":32},"end":{"line":220,"column":1}},"57":{"start":{"line":223,"column":20},"end":{"line":223,"column":22}},"58":{"start":{"line":224,"column":0},"end":{"line":226,"column":3}},"59":{"start":{"line":225,"column":2},"end":{"line":225,"column":47}},"60":{"start":{"line":229,"column":29},"end":{"line":246,"column":1}},"61":{"start":{"line":249,"column":0},"end":{"line":271,"column":3}},"62":{"start":{"line":250,"column":2},"end":{"line":270,"column":4}},"63":{"start":{"line":274,"column":16},"end":{"line":274,"column":54}},"64":{"start":{"line":275,"column":19},"end":{"line":275,"column":52}},"65":{"start":{"line":277,"column":2},"end":{"line":287,"column":5}},"66":{"start":{"line":278,"column":4},"end":{"line":286,"column":5}},"67":{"start":{"line":279,"column":20},"end":{"line":279,"column":44}},"68":{"start":{"line":280,"column":6},"end":{"line":280,"column":34}},"69":{"start":{"line":281,"column":6},"end":{"line":281,"column":34}},"70":{"start":{"line":282,"column":6},"end":{"line":282,"column":37}},"71":{"start":{"line":283,"column":6},"end":{"line":283,"column":32}},"72":{"start":{"line":284,"column":6},"end":{"line":284,"column":28}},"73":{"start":{"line":285,"column":6},"end":{"line":285,"column":97}},"74":{"start":{"line":291,"column":2},"end":{"line":313,"column":5}},"75":{"start":{"line":292,"column":4},"end":{"line":312,"column":5}},"76":{"start":{"line":293,"column":19},"end":{"line":293,"column":43}},"77":{"start":{"line":294,"column":20},"end":{"line":294,"column":38}},"78":{"start":{"line":297,"column":6},"end":{"line":297,"column":37}},"79":{"start":{"line":298,"column":6},"end":{"line":298,"column":37}},"80":{"start":{"line":299,"column":6},"end":{"line":299,"column":39}},"81":{"start":{"line":300,"column":6},"end":{"line":300,"column":43}},"82":{"start":{"line":301,"column":6},"end":{"line":301,"column":39}},"83":{"start":{"line":302,"column":6},"end":{"line":302,"column":43}},"84":{"start":{"line":303,"column":6},"end":{"line":303,"column":33}},"85":{"start":{"line":304,"column":6},"end":{"line":304,"column":33}},"86":{"start":{"line":305,"column":6},"end":{"line":305,"column":54}},"87":{"start":{"line":306,"column":6},"end":{"line":306,"column":43}},"88":{"start":{"line":307,"column":6},"end":{"line":307,"column":49}},"89":{"start":{"line":310,"column":6},"end":{"line":310,"column":58}},"90":{"start":{"line":311,"column":6},"end":{"line":311,"column":110}},"91":{"start":{"line":318,"column":28},"end":{"line":371,"column":1}},"92":{"start":{"line":375,"column":2},"end":{"line":375,"column":18}},"93":{"start":{"line":375,"column":11},"end":{"line":375,"column":18}},"94":{"start":{"line":376,"column":2},"end":{"line":393,"column":3}},"95":{"start":{"line":377,"column":24},"end":{"line":377,"column":34}},"96":{"start":{"line":378,"column":4},"end":{"line":381,"column":7}},"97":{"start":{"line":379,"column":21},"end":{"line":379,"column":60}},"98":{"start":{"line":380,"column":6},"end":{"line":380,"column":50}},"99":{"start":{"line":383,"column":24},"end":{"line":383,"column":34}},"100":{"start":{"line":384,"column":4},"end":{"line":387,"column":7}},"101":{"start":{"line":385,"column":21},"end":{"line":385,"column":60}},"102":{"start":{"line":386,"column":6},"end":{"line":386,"column":50}},"103":{"start":{"line":389,"column":4},"end":{"line":389,"column":68}},"104":{"start":{"line":390,"column":4},"end":{"line":390,"column":80}},"105":{"start":{"line":392,"column":4},"end":{"line":392,"column":58}},"106":{"start":{"line":397,"column":2},"end":{"line":397,"column":18}},"107":{"start":{"line":397,"column":11},"end":{"line":397,"column":18}},"108":{"start":{"line":398,"column":2},"end":{"line":411,"column":3}},"109":{"start":{"line":399,"column":23},"end":{"line":399,"column":65}},"110":{"start":{"line":400,"column":4},"end":{"line":402,"column":7}},"111":{"start":{"line":401,"column":6},"end":{"line":401,"column":41}},"112":{"start":{"line":404,"column":23},"end":{"line":404,"column":65}},"113":{"start":{"line":405,"column":4},"end":{"line":407,"column":7}},"114":{"start":{"line":406,"column":6},"end":{"line":406,"column":41}},"115":{"start":{"line":408,"column":4},"end":{"line":408,"column":70}},"116":{"start":{"line":410,"column":4},"end":{"line":410,"column":58}},"117":{"start":{"line":415,"column":0},"end":{"line":415,"column":18}},"118":{"start":{"line":416,"column":0},"end":{"line":418,"column":1}},"119":{"start":{"line":417,"column":2},"end":{"line":417,"column":38}},"120":{"start":{"line":424,"column":2},"end":{"line":454,"column":5}},"121":{"start":{"line":425,"column":23},"end":{"line":425,"column":41}},"122":{"start":{"line":426,"column":4},"end":{"line":426,"column":42}},"123":{"start":{"line":426,"column":35},"end":{"line":426,"column":42}},"124":{"start":{"line":429,"column":4},"end":{"line":429,"column":66}},"125":{"start":{"line":430,"column":4},"end":{"line":430,"column":70}},"126":{"start":{"line":433,"column":4},"end":{"line":447,"column":5}},"127":{"start":{"line":434,"column":6},"end":{"line":434,"column":57}},"128":{"start":{"line":435,"column":6},"end":{"line":435,"column":57}},"129":{"start":{"line":436,"column":6},"end":{"line":436,"column":59}},"130":{"start":{"line":437,"column":6},"end":{"line":437,"column":63}},"131":{"start":{"line":438,"column":6},"end":{"line":438,"column":59}},"132":{"start":{"line":439,"column":6},"end":{"line":439,"column":63}},"133":{"start":{"line":440,"column":6},"end":{"line":440,"column":53}},"134":{"start":{"line":441,"column":6},"end":{"line":441,"column":53}},"135":{"start":{"line":442,"column":6},"end":{"line":442,"column":63}},"136":{"start":{"line":443,"column":6},"end":{"line":443,"column":51}},"137":{"start":{"line":446,"column":6},"end":{"line":446,"column":25}},"138":{"start":{"line":450,"column":4},"end":{"line":450,"column":61}},"139":{"start":{"line":453,"column":4},"end":{"line":453,"column":69}},"140":{"start":{"line":458,"column":17},"end":{"line":458,"column":19}},"141":{"start":{"line":459,"column":22},"end":{"line":459,"column":24}},"142":{"start":{"line":460,"column":0},"end":{"line":471,"column":1}},"143":{"start":{"line":460,"column":13},"end":{"line":460,"column":14}},"144":{"start":{"line":461,"column":19},"end":{"line":461,"column":36}},"145":{"start":{"line":462,"column":2},"end":{"line":470,"column":5}},"146":{"start":{"line":474,"column":11},"end":{"line":487,"column":1}},"147":{"start":{"line":490,"column":13},"end":{"line":490,"column":15}},"148":{"start":{"line":491,"column":21},"end":{"line":491,"column":25}},"149":{"start":{"line":494,"column":13},"end":{"line":494,"column":15}},"150":{"start":{"line":495,"column":21},"end":{"line":495,"column":22}},"151":{"start":{"line":498,"column":12},"end":{"line":498,"column":14}},"152":{"start":{"line":499,"column":0},"end":{"line":508,"column":1}},"153":{"start":{"line":499,"column":13},"end":{"line":499,"column":14}},"154":{"start":{"line":500,"column":2},"end":{"line":507,"column":5}},"155":{"start":{"line":511,"column":0},"end":{"line":511,"column":22}},"156":{"start":{"line":514,"column":16},"end":{"line":525,"column":1}},"157":{"start":{"line":533,"column":14},"end":{"line":533,"column":46}},"158":{"start":{"line":534,"column":21},"end":{"line":534,"column":39}},"159":{"start":{"line":535,"column":16},"end":{"line":535,"column":34}},"160":{"start":{"line":536,"column":2},"end":{"line":536,"column":35}},"161":{"start":{"line":536,"column":28},"end":{"line":536,"column":35}},"162":{"start":{"line":538,"column":18},"end":{"line":538,"column":89}},"163":{"start":{"line":539,"column":21},"end":{"line":539,"column":53}},"164":{"start":{"line":540,"column":21},"end":{"line":540,"column":54}},"165":{"start":{"line":542,"column":2},"end":{"line":556,"column":5}},"166":{"start":{"line":543,"column":4},"end":{"line":555,"column":5}},"167":{"start":{"line":545,"column":23},"end":{"line":545,"column":47}},"168":{"start":{"line":546,"column":6},"end":{"line":546,"column":82}},"169":{"start":{"line":547,"column":11},"end":{"line":555,"column":5}},"170":{"start":{"line":549,"column":20},"end":{"line":549,"column":58}},"171":{"start":{"line":550,"column":6},"end":{"line":550,"column":80}},"172":{"start":{"line":551,"column":11},"end":{"line":555,"column":5}},"173":{"start":{"line":553,"column":23},"end":{"line":553,"column":77}},"174":{"start":{"line":554,"column":6},"end":{"line":554,"column":76}},"175":{"start":{"line":559,"column":2},"end":{"line":570,"column":5}},"176":{"start":{"line":560,"column":4},"end":{"line":569,"column":5}},"177":{"start":{"line":561,"column":6},"end":{"line":561,"column":76}},"178":{"start":{"line":562,"column":6},"end":{"line":562,"column":81}},"179":{"start":{"line":563,"column":11},"end":{"line":569,"column":5}},"180":{"start":{"line":564,"column":6},"end":{"line":564,"column":70}},"181":{"start":{"line":565,"column":6},"end":{"line":565,"column":58}},"182":{"start":{"line":567,"column":6},"end":{"line":567,"column":57}},"183":{"start":{"line":568,"column":6},"end":{"line":568,"column":28}},"184":{"start":{"line":573,"column":2},"end":{"line":584,"column":5}},"185":{"start":{"line":574,"column":4},"end":{"line":583,"column":5}},"186":{"start":{"line":575,"column":6},"end":{"line":575,"column":56}},"187":{"start":{"line":576,"column":6},"end":{"line":576,"column":61}},"188":{"start":{"line":577,"column":11},"end":{"line":583,"column":5}},"189":{"start":{"line":578,"column":6},"end":{"line":578,"column":51}},"190":{"start":{"line":579,"column":6},"end":{"line":579,"column":55}},"191":{"start":{"line":581,"column":6},"end":{"line":581,"column":51}},"192":{"start":{"line":582,"column":6},"end":{"line":582,"column":55}},"193":{"start":{"line":587,"column":2},"end":{"line":592,"column":5}},"194":{"start":{"line":588,"column":17},"end":{"line":588,"column":55}},"195":{"start":{"line":588,"column":39},"end":{"line":588,"column":54}},"196":{"start":{"line":589,"column":26},"end":{"line":589,"column":48}},"197":{"start":{"line":590,"column":4},"end":{"line":590,"column":73}},"198":{"start":{"line":591,"column":4},"end":{"line":591,"column":89}},"199":{"start":{"line":595,"column":2},"end":{"line":595,"column":77}},"200":{"start":{"line":595,"column":57},"end":{"line":595,"column":72}},"201":{"start":{"line":597,"column":2},"end":{"line":597,"column":77}},"202":{"start":{"line":600,"column":2},"end":{"line":605,"column":5}},"203":{"start":{"line":606,"column":2},"end":{"line":606,"column":74}},"204":{"start":{"line":606,"column":43},"end":{"line":606,"column":74}},"205":{"start":{"line":610,"column":16},"end":{"line":610,"column":34}},"206":{"start":{"line":611,"column":2},"end":{"line":611,"column":21}},"207":{"start":{"line":611,"column":14},"end":{"line":611,"column":21}},"208":{"start":{"line":612,"column":2},"end":{"line":627,"column":5}},"209":{"start":{"line":614,"column":4},"end":{"line":626,"column":5}},"210":{"start":{"line":616,"column":24},"end":{"line":616,"column":116}},"211":{"start":{"line":616,"column":40},"end":{"line":616,"column":115}},"212":{"start":{"line":617,"column":6},"end":{"line":625,"column":7}},"213":{"start":{"line":618,"column":8},"end":{"line":618,"column":33}},"214":{"start":{"line":619,"column":8},"end":{"line":619,"column":40}},"215":{"start":{"line":620,"column":8},"end":{"line":620,"column":110}},"216":{"start":{"line":621,"column":8},"end":{"line":621,"column":29}},"217":{"start":{"line":623,"column":8},"end":{"line":623,"column":135}},"218":{"start":{"line":624,"column":8},"end":{"line":624,"column":64}},"219":{"start":{"line":631,"column":21},"end":{"line":631,"column":39}},"220":{"start":{"line":632,"column":2},"end":{"line":632,"column":165}},"221":{"start":{"line":632,"column":158},"end":{"line":632,"column":165}},"222":{"start":{"line":634,"column":2},"end":{"line":634,"column":47}},"223":{"start":{"line":636,"column":2},"end":{"line":639,"column":3}},"224":{"start":{"line":637,"column":6},"end":{"line":637,"column":26}},"225":{"start":{"line":638,"column":6},"end":{"line":638,"column":26}},"226":{"start":{"line":642,"column":2},"end":{"line":652,"column":3}},"227":{"start":{"line":643,"column":4},"end":{"line":651,"column":5}},"228":{"start":{"line":644,"column":6},"end":{"line":644,"column":38}},"229":{"start":{"line":645,"column":6},"end":{"line":645,"column":51}},"230":{"start":{"line":646,"column":6},"end":{"line":646,"column":121}},"231":{"start":{"line":647,"column":11},"end":{"line":651,"column":5}},"232":{"start":{"line":648,"column":6},"end":{"line":648,"column":39}},"233":{"start":{"line":649,"column":21},"end":{"line":649,"column":106}},"234":{"start":{"line":650,"column":6},"end":{"line":650,"column":82}},"235":{"start":{"line":654,"column":2},"end":{"line":672,"column":3}},"236":{"start":{"line":655,"column":21},"end":{"line":655,"column":54}},"237":{"start":{"line":656,"column":26},"end":{"line":656,"column":50}},"238":{"start":{"line":658,"column":6},"end":{"line":666,"column":7}},"239":{"start":{"line":660,"column":8},"end":{"line":661,"column":105}},"240":{"start":{"line":660,"column":36},"end":{"line":660,"column":128}},"241":{"start":{"line":661,"column":13},"end":{"line":661,"column":105}},"242":{"start":{"line":662,"column":13},"end":{"line":666,"column":7}},"243":{"start":{"line":664,"column":8},"end":{"line":665,"column":38}},"244":{"start":{"line":664,"column":36},"end":{"line":664,"column":61}},"245":{"start":{"line":665,"column":13},"end":{"line":665,"column":38}},"246":{"start":{"line":668,"column":23},"end":{"line":668,"column":73}},"247":{"start":{"line":669,"column":19},"end":{"line":669,"column":105}},"248":{"start":{"line":671,"column":6},"end":{"line":671,"column":63}},"249":{"start":{"line":676,"column":16},"end":{"line":684,"column":3}},"250":{"start":{"line":685,"column":2},"end":{"line":685,"column":24}},"251":{"start":{"line":686,"column":2},"end":{"line":686,"column":39}},"252":{"start":{"line":686,"column":26},"end":{"line":686,"column":39}},"253":{"start":{"line":687,"column":2},"end":{"line":688,"column":31}},"254":{"start":{"line":687,"column":11},"end":{"line":687,"column":56}},"255":{"start":{"line":688,"column":7},"end":{"line":688,"column":31}},"256":{"start":{"line":689,"column":2},"end":{"line":689,"column":15}},"257":{"start":{"line":693,"column":16},"end":{"line":693,"column":34}},"258":{"start":{"line":694,"column":2},"end":{"line":694,"column":21}},"259":{"start":{"line":694,"column":14},"end":{"line":694,"column":21}},"260":{"start":{"line":695,"column":21},"end":{"line":700,"column":3}},"261":{"start":{"line":702,"column":2},"end":{"line":705,"column":3}},"262":{"start":{"line":703,"column":14},"end":{"line":703,"column":71}},"263":{"start":{"line":704,"column":4},"end":{"line":704,"column":43}},"264":{"start":{"line":710,"column":2},"end":{"line":719,"column":5}},"265":{"start":{"line":711,"column":4},"end":{"line":718,"column":5}},"266":{"start":{"line":712,"column":6},"end":{"line":712,"column":65}},"267":{"start":{"line":713,"column":6},"end":{"line":717,"column":7}},"268":{"start":{"line":714,"column":8},"end":{"line":714,"column":31}},"269":{"start":{"line":715,"column":8},"end":{"line":715,"column":25}},"270":{"start":{"line":716,"column":8},"end":{"line":716,"column":72}},"271":{"start":{"line":724,"column":2},"end":{"line":729,"column":5}},"272":{"start":{"line":725,"column":4},"end":{"line":725,"column":23}},"273":{"start":{"line":726,"column":4},"end":{"line":726,"column":23}},"274":{"start":{"line":727,"column":4},"end":{"line":727,"column":30}},"275":{"start":{"line":728,"column":4},"end":{"line":728,"column":27}},"276":{"start":{"line":730,"column":2},"end":{"line":730,"column":18}},"277":{"start":{"line":734,"column":0},"end":{"line":737,"column":1}},"278":{"start":{"line":735,"column":2},"end":{"line":735,"column":35}},"279":{"start":{"line":736,"column":2},"end":{"line":736,"column":35}},"280":{"start":{"line":745,"column":16},"end":{"line":745,"column":72}},"281":{"start":{"line":746,"column":21},"end":{"line":746,"column":77}},"282":{"start":{"line":747,"column":2},"end":{"line":756,"column":4}},"283":{"start":{"line":763,"column":0},"end":{"line":765,"column":3}},"284":{"start":{"line":764,"column":2},"end":{"line":764,"column":61}},"285":{"start":{"line":768,"column":0},"end":{"line":774,"column":3}},"286":{"start":{"line":769,"column":14},"end":{"line":769,"column":56}},"287":{"start":{"line":770,"column":2},"end":{"line":773,"column":5}},"288":{"start":{"line":775,"column":0},"end":{"line":781,"column":3}},"289":{"start":{"line":776,"column":14},"end":{"line":776,"column":56}},"290":{"start":{"line":777,"column":2},"end":{"line":780,"column":5}},"291":{"start":{"line":782,"column":0},"end":{"line":793,"column":3}},"292":{"start":{"line":783,"column":33},"end":{"line":783,"column":41}},"293":{"start":{"line":784,"column":14},"end":{"line":784,"column":46}},"294":{"start":{"line":785,"column":2},"end":{"line":792,"column":3}},"295":{"start":{"line":786,"column":4},"end":{"line":786,"column":47}},"296":{"start":{"line":787,"column":4},"end":{"line":787,"column":36}},"297":{"start":{"line":787,"column":17},"end":{"line":787,"column":36}},"298":{"start":{"line":788,"column":4},"end":{"line":788,"column":69}},"299":{"start":{"line":789,"column":4},"end":{"line":789,"column":75}},"300":{"start":{"line":791,"column":4},"end":{"line":791,"column":75}},"301":{"start":{"line":795,"column":0},"end":{"line":810,"column":3}},"302":{"start":{"line":796,"column":14},"end":{"line":796,"column":27}},"303":{"start":{"line":797,"column":2},"end":{"line":809,"column":3}},"304":{"start":{"line":798,"column":4},"end":{"line":798,"column":64}},"305":{"start":{"line":801,"column":4},"end":{"line":803,"column":5}},"306":{"start":{"line":802,"column":6},"end":{"line":802,"column":53}},"307":{"start":{"line":805,"column":4},"end":{"line":805,"column":69}},"308":{"start":{"line":806,"column":4},"end":{"line":806,"column":58}},"309":{"start":{"line":808,"column":4},"end":{"line":808,"column":75}},"310":{"start":{"line":812,"column":0},"end":{"line":815,"column":3}},"311":{"start":{"line":813,"column":14},"end":{"line":813,"column":56}},"312":{"start":{"line":814,"column":2},"end":{"line":814,"column":69}},"313":{"start":{"line":817,"column":0},"end":{"line":820,"column":3}},"314":{"start":{"line":818,"column":14},"end":{"line":818,"column":56}},"315":{"start":{"line":819,"column":2},"end":{"line":819,"column":69}},"316":{"start":{"line":822,"column":0},"end":{"line":835,"column":3}},"317":{"start":{"line":823,"column":14},"end":{"line":823,"column":55}},"318":{"start":{"line":824,"column":16},"end":{"line":824,"column":34}},"319":{"start":{"line":825,"column":23},"end":{"line":825,"column":31}},"320":{"start":{"line":826,"column":2},"end":{"line":833,"column":3}},"321":{"start":{"line":827,"column":18},"end":{"line":827,"column":43}},"322":{"start":{"line":828,"column":4},"end":{"line":828,"column":30}},"323":{"start":{"line":829,"column":4},"end":{"line":831,"column":7}},"324":{"start":{"line":830,"column":6},"end":{"line":830,"column":50}},"325":{"start":{"line":832,"column":4},"end":{"line":832,"column":104}},"326":{"start":{"line":834,"column":2},"end":{"line":834,"column":58}},"327":{"start":{"line":838,"column":0},"end":{"line":840,"column":3}},"328":{"start":{"line":839,"column":2},"end":{"line":839,"column":61}},"329":{"start":{"line":843,"column":0},"end":{"line":847,"column":3}},"330":{"start":{"line":844,"column":14},"end":{"line":844,"column":56}},"331":{"start":{"line":845,"column":16},"end":{"line":845,"column":72}},"332":{"start":{"line":846,"column":2},"end":{"line":846,"column":43}},"333":{"start":{"line":849,"column":0},"end":{"line":867,"column":3}},"334":{"start":{"line":850,"column":33},"end":{"line":850,"column":41}},"335":{"start":{"line":851,"column":14},"end":{"line":851,"column":46}},"336":{"start":{"line":852,"column":21},"end":{"line":852,"column":39}},"337":{"start":{"line":854,"column":2},"end":{"line":854,"column":93}},"338":{"start":{"line":854,"column":19},"end":{"line":854,"column":93}},"339":{"start":{"line":856,"column":2},"end":{"line":856,"column":39}},"340":{"start":{"line":858,"column":2},"end":{"line":862,"column":3}},"341":{"start":{"line":859,"column":4},"end":{"line":859,"column":55}},"342":{"start":{"line":860,"column":4},"end":{"line":860,"column":55}},"343":{"start":{"line":861,"column":4},"end":{"line":861,"column":51}},"344":{"start":{"line":864,"column":2},"end":{"line":864,"column":144}},"345":{"start":{"line":865,"column":2},"end":{"line":865,"column":59}},"346":{"start":{"line":866,"column":2},"end":{"line":866,"column":65}},"347":{"start":{"line":869,"column":0},"end":{"line":904,"column":3}},"348":{"start":{"line":870,"column":32},"end":{"line":870,"column":40}},"349":{"start":{"line":871,"column":14},"end":{"line":871,"column":46}},"350":{"start":{"line":872,"column":21},"end":{"line":872,"column":39}},"351":{"start":{"line":873,"column":2},"end":{"line":873,"column":66}},"352":{"start":{"line":873,"column":19},"end":{"line":873,"column":66}},"353":{"start":{"line":875,"column":2},"end":{"line":901,"column":3}},"354":{"start":{"line":877,"column":6},"end":{"line":877,"column":39}},"355":{"start":{"line":878,"column":6},"end":{"line":878,"column":56}},"356":{"start":{"line":878,"column":34},"end":{"line":878,"column":56}},"357":{"start":{"line":879,"column":6},"end":{"line":879,"column":78}},"358":{"start":{"line":880,"column":6},"end":{"line":880,"column":12}},"359":{"start":{"line":882,"column":6},"end":{"line":882,"column":37}},"360":{"start":{"line":883,"column":6},"end":{"line":883,"column":12}},"361":{"start":{"line":885,"column":6},"end":{"line":885,"column":40}},"362":{"start":{"line":886,"column":6},"end":{"line":886,"column":12}},"363":{"start":{"line":888,"column":6},"end":{"line":888,"column":39}},"364":{"start":{"line":890,"column":6},"end":{"line":896,"column":8}},"365":{"start":{"line":897,"column":6},"end":{"line":897,"column":46}},"366":{"start":{"line":897,"column":31},"end":{"line":897,"column":44}},"367":{"start":{"line":898,"column":6},"end":{"line":898,"column":76}},"368":{"start":{"line":898,"column":33},"end":{"line":898,"column":52}},"369":{"start":{"line":898,"column":53},"end":{"line":898,"column":72}},"370":{"start":{"line":899,"column":6},"end":{"line":899,"column":55}},"371":{"start":{"line":900,"column":6},"end":{"line":900,"column":12}},"372":{"start":{"line":902,"column":2},"end":{"line":902,"column":38}},"373":{"start":{"line":903,"column":2},"end":{"line":903,"column":48}},"374":{"start":{"line":907,"column":0},"end":{"line":923,"column":3}},"375":{"start":{"line":908,"column":53},"end":{"line":908,"column":61}},"376":{"start":{"line":909,"column":14},"end":{"line":909,"column":46}},"377":{"start":{"line":910,"column":21},"end":{"line":910,"column":39}},"378":{"start":{"line":911,"column":2},"end":{"line":911,"column":66}},"379":{"start":{"line":911,"column":19},"end":{"line":911,"column":66}},"380":{"start":{"line":913,"column":2},"end":{"line":913,"column":74}},"381":{"start":{"line":913,"column":31},"end":{"line":913,"column":74}},"382":{"start":{"line":914,"column":2},"end":{"line":914,"column":74}},"383":{"start":{"line":914,"column":31},"end":{"line":914,"column":74}},"384":{"start":{"line":915,"column":2},"end":{"line":915,"column":38}},"385":{"start":{"line":915,"column":13},"end":{"line":915,"column":38}},"386":{"start":{"line":917,"column":15},"end":{"line":917,"column":111}},"387":{"start":{"line":918,"column":2},"end":{"line":920,"column":3}},"388":{"start":{"line":919,"column":4},"end":{"line":919,"column":183}},"389":{"start":{"line":921,"column":2},"end":{"line":921,"column":59}},"390":{"start":{"line":922,"column":2},"end":{"line":922,"column":48}},"391":{"start":{"line":926,"column":0},"end":{"line":939,"column":3}},"392":{"start":{"line":927,"column":45},"end":{"line":927,"column":53}},"393":{"start":{"line":928,"column":14},"end":{"line":928,"column":46}},"394":{"start":{"line":929,"column":21},"end":{"line":929,"column":39}},"395":{"start":{"line":930,"column":2},"end":{"line":930,"column":66}},"396":{"start":{"line":930,"column":19},"end":{"line":930,"column":66}},"397":{"start":{"line":932,"column":2},"end":{"line":932,"column":41}},"398":{"start":{"line":932,"column":13},"end":{"line":932,"column":41}},"399":{"start":{"line":933,"column":2},"end":{"line":933,"column":41}},"400":{"start":{"line":933,"column":13},"end":{"line":933,"column":41}},"401":{"start":{"line":934,"column":2},"end":{"line":934,"column":38}},"402":{"start":{"line":934,"column":13},"end":{"line":934,"column":38}},"403":{"start":{"line":936,"column":2},"end":{"line":936,"column":59}},"404":{"start":{"line":937,"column":2},"end":{"line":937,"column":125}},"405":{"start":{"line":938,"column":2},"end":{"line":938,"column":48}},"406":{"start":{"line":942,"column":0},"end":{"line":944,"column":3}},"407":{"start":{"line":943,"column":2},"end":{"line":943,"column":48}},"408":{"start":{"line":946,"column":24},"end":{"line":946,"column":33}},"409":{"start":{"line":947,"column":0},"end":{"line":983,"column":3}},"410":{"start":{"line":948,"column":17},"end":{"line":948,"column":69}},"411":{"start":{"line":949,"column":2},"end":{"line":951,"column":3}},"412":{"start":{"line":950,"column":4},"end":{"line":950,"column":132}},"413":{"start":{"line":953,"column":32},"end":{"line":953,"column":40}},"414":{"start":{"line":954,"column":2},"end":{"line":956,"column":3}},"415":{"start":{"line":955,"column":4},"end":{"line":955,"column":97}},"416":{"start":{"line":958,"column":15},"end":{"line":958,"column":52}},"417":{"start":{"line":958,"column":36},"end":{"line":958,"column":51}},"418":{"start":{"line":959,"column":2},"end":{"line":959,"column":86}},"419":{"start":{"line":959,"column":13},"end":{"line":959,"column":86}},"420":{"start":{"line":960,"column":2},"end":{"line":962,"column":3}},"421":{"start":{"line":961,"column":4},"end":{"line":961,"column":75}},"422":{"start":{"line":964,"column":2},"end":{"line":964,"column":23}},"423":{"start":{"line":965,"column":2},"end":{"line":965,"column":57}},"424":{"start":{"line":965,"column":36},"end":{"line":965,"column":57}},"425":{"start":{"line":967,"column":14},"end":{"line":967,"column":56}},"426":{"start":{"line":968,"column":16},"end":{"line":968,"column":72}},"427":{"start":{"line":970,"column":17},"end":{"line":977,"column":3}},"428":{"start":{"line":979,"column":2},"end":{"line":979,"column":34}},"429":{"start":{"line":980,"column":2},"end":{"line":980,"column":30}},"430":{"start":{"line":982,"column":2},"end":{"line":982,"column":44}},"431":{"start":{"line":985,"column":0},"end":{"line":991,"column":3}},"432":{"start":{"line":986,"column":21},"end":{"line":986,"column":29}},"433":{"start":{"line":987,"column":15},"end":{"line":987,"column":52}},"434":{"start":{"line":987,"column":36},"end":{"line":987,"column":51}},"435":{"start":{"line":988,"column":2},"end":{"line":988,"column":86}},"436":{"start":{"line":988,"column":13},"end":{"line":988,"column":86}},"437":{"start":{"line":989,"column":2},"end":{"line":989,"column":19}},"438":{"start":{"line":990,"column":2},"end":{"line":990,"column":42}},"439":{"start":{"line":994,"column":0},"end":{"line":996,"column":3}},"440":{"start":{"line":995,"column":2},"end":{"line":995,"column":42}},"441":{"start":{"line":998,"column":0},"end":{"line":1002,"column":3}},"442":{"start":{"line":999,"column":14},"end":{"line":999,"column":56}},"443":{"start":{"line":1000,"column":16},"end":{"line":1000,"column":34}},"444":{"start":{"line":1001,"column":2},"end":{"line":1001,"column":62}},"445":{"start":{"line":1004,"column":0},"end":{"line":1050,"column":3}},"446":{"start":{"line":1005,"column":46},"end":{"line":1005,"column":54}},"447":{"start":{"line":1006,"column":2},"end":{"line":1008,"column":3}},"448":{"start":{"line":1007,"column":4},"end":{"line":1007,"column":81}},"449":{"start":{"line":1010,"column":21},"end":{"line":1012,"column":73}},"450":{"start":{"line":1011,"column":34},"end":{"line":1011,"column":55}},"451":{"start":{"line":1012,"column":34},"end":{"line":1012,"column":72}},"452":{"start":{"line":1014,"column":2},"end":{"line":1016,"column":3}},"453":{"start":{"line":1015,"column":4},"end":{"line":1015,"column":92}},"454":{"start":{"line":1018,"column":14},"end":{"line":1018,"column":15}},"455":{"start":{"line":1019,"column":20},"end":{"line":1019,"column":21}},"456":{"start":{"line":1020,"column":21},"end":{"line":1026,"column":20}},"457":{"start":{"line":1021,"column":21},"end":{"line":1021,"column":53}},"458":{"start":{"line":1021,"column":36},"end":{"line":1021,"column":52}},"459":{"start":{"line":1022,"column":4},"end":{"line":1022,"column":31}},"460":{"start":{"line":1022,"column":19},"end":{"line":1022,"column":31}},"461":{"start":{"line":1023,"column":4},"end":{"line":1023,"column":46}},"462":{"start":{"line":1024,"column":4},"end":{"line":1024,"column":59}},"463":{"start":{"line":1025,"column":4},"end":{"line":1025,"column":47}},"464":{"start":{"line":1028,"column":16},"end":{"line":1040,"column":3}},"465":{"start":{"line":1042,"column":2},"end":{"line":1042,"column":21}},"466":{"start":{"line":1043,"column":2},"end":{"line":1043,"column":19}},"467":{"start":{"line":1044,"column":2},"end":{"line":1044,"column":30}},"468":{"start":{"line":1045,"column":2},"end":{"line":1045,"column":26}},"469":{"start":{"line":1046,"column":2},"end":{"line":1046,"column":34}},"470":{"start":{"line":1048,"column":2},"end":{"line":1048,"column":30}},"471":{"start":{"line":1049,"column":2},"end":{"line":1049,"column":43}},"472":{"start":{"line":1052,"column":0},"end":{"line":1054,"column":3}},"473":{"start":{"line":1053,"column":2},"end":{"line":1053,"column":65}},"474":{"start":{"line":1056,"column":0},"end":{"line":1060,"column":3}},"475":{"start":{"line":1057,"column":16},"end":{"line":1057,"column":56}},"476":{"start":{"line":1057,"column":33},"end":{"line":1057,"column":55}},"477":{"start":{"line":1058,"column":2},"end":{"line":1058,"column":88}},"478":{"start":{"line":1058,"column":14},"end":{"line":1058,"column":88}},"479":{"start":{"line":1059,"column":2},"end":{"line":1059,"column":43}},"480":{"start":{"line":1062,"column":0},"end":{"line":1071,"column":3}},"481":{"start":{"line":1063,"column":16},"end":{"line":1063,"column":56}},"482":{"start":{"line":1063,"column":33},"end":{"line":1063,"column":55}},"483":{"start":{"line":1064,"column":2},"end":{"line":1064,"column":88}},"484":{"start":{"line":1064,"column":14},"end":{"line":1064,"column":88}},"485":{"start":{"line":1065,"column":2},"end":{"line":1065,"column":29}},"486":{"start":{"line":1066,"column":2},"end":{"line":1066,"column":19}},"487":{"start":{"line":1067,"column":21},"end":{"line":1067,"column":77}},"488":{"start":{"line":1067,"column":49},"end":{"line":1067,"column":76}},"489":{"start":{"line":1068,"column":2},"end":{"line":1068,"column":89}},"490":{"start":{"line":1068,"column":18},"end":{"line":1068,"column":89}},"491":{"start":{"line":1069,"column":2},"end":{"line":1069,"column":33}},"492":{"start":{"line":1070,"column":2},"end":{"line":1070,"column":43}},"493":{"start":{"line":1074,"column":0},"end":{"line":1093,"column":3}},"494":{"start":{"line":1075,"column":14},"end":{"line":1075,"column":56}},"495":{"start":{"line":1076,"column":16},"end":{"line":1076,"column":34}},"496":{"start":{"line":1077,"column":2},"end":{"line":1077,"column":62}},"497":{"start":{"line":1077,"column":14},"end":{"line":1077,"column":62}},"498":{"start":{"line":1079,"column":23},"end":{"line":1079,"column":32}},"499":{"start":{"line":1080,"column":16},"end":{"line":1080,"column":27}},"500":{"start":{"line":1081,"column":19},"end":{"line":1081,"column":79}},"501":{"start":{"line":1081,"column":44},"end":{"line":1081,"column":75}},"502":{"start":{"line":1083,"column":17},"end":{"line":1086,"column":3}},"503":{"start":{"line":1088,"column":2},"end":{"line":1092,"column":6}},"504":{"start":{"line":1091,"column":42},"end":{"line":1091,"column":61}},"505":{"start":{"line":1091,"column":72},"end":{"line":1091,"column":76}},"506":{"start":{"line":1096,"column":0},"end":{"line":1100,"column":3}},"507":{"start":{"line":1097,"column":14},"end":{"line":1097,"column":33}},"508":{"start":{"line":1098,"column":19},"end":{"line":1098,"column":89}},"509":{"start":{"line":1098,"column":44},"end":{"line":1098,"column":79}},"510":{"start":{"line":1099,"column":2},"end":{"line":1099,"column":46}},"511":{"start":{"line":1102,"column":0},"end":{"line":1107,"column":3}},"512":{"start":{"line":1103,"column":16},"end":{"line":1103,"column":66}},"513":{"start":{"line":1103,"column":33},"end":{"line":1103,"column":65}},"514":{"start":{"line":1104,"column":2},"end":{"line":1104,"column":88}},"515":{"start":{"line":1104,"column":14},"end":{"line":1104,"column":88}},"516":{"start":{"line":1105,"column":2},"end":{"line":1105,"column":28}},"517":{"start":{"line":1106,"column":2},"end":{"line":1106,"column":43}},"518":{"start":{"line":1109,"column":0},"end":{"line":1113,"column":3}},"519":{"start":{"line":1110,"column":36},"end":{"line":1110,"column":44}},"520":{"start":{"line":1111,"column":16},"end":{"line":1111,"column":69}},"521":{"start":{"line":1112,"column":2},"end":{"line":1112,"column":43}},"522":{"start":{"line":1116,"column":0},"end":{"line":1120,"column":3}},"523":{"start":{"line":1117,"column":14},"end":{"line":1117,"column":33}},"524":{"start":{"line":1118,"column":19},"end":{"line":1118,"column":87}},"525":{"start":{"line":1118,"column":43},"end":{"line":1118,"column":78}},"526":{"start":{"line":1119,"column":2},"end":{"line":1119,"column":46}},"527":{"start":{"line":1122,"column":0},"end":{"line":1136,"column":3}},"528":{"start":{"line":1123,"column":31},"end":{"line":1123,"column":39}},"529":{"start":{"line":1124,"column":2},"end":{"line":1124,"column":103}},"530":{"start":{"line":1124,"column":22},"end":{"line":1124,"column":103}},"531":{"start":{"line":1126,"column":19},"end":{"line":1130,"column":3}},"532":{"start":{"line":1131,"column":2},"end":{"line":1131,"column":23}},"533":{"start":{"line":1132,"column":2},"end":{"line":1132,"column":22}},"534":{"start":{"line":1134,"column":2},"end":{"line":1134,"column":36}},"535":{"start":{"line":1135,"column":2},"end":{"line":1135,"column":46}},"536":{"start":{"line":1138,"column":0},"end":{"line":1146,"column":3}},"537":{"start":{"line":1139,"column":14},"end":{"line":1139,"column":60}},"538":{"start":{"line":1139,"column":36},"end":{"line":1139,"column":59}},"539":{"start":{"line":1140,"column":2},"end":{"line":1140,"column":89}},"540":{"start":{"line":1140,"column":15},"end":{"line":1140,"column":89}},"541":{"start":{"line":1142,"column":23},"end":{"line":1142,"column":46}},"542":{"start":{"line":1143,"column":2},"end":{"line":1143,"column":49}},"543":{"start":{"line":1143,"column":19},"end":{"line":1143,"column":49}},"544":{"start":{"line":1144,"column":2},"end":{"line":1144,"column":42}},"545":{"start":{"line":1145,"column":2},"end":{"line":1145,"column":30}},"546":{"start":{"line":1148,"column":0},"end":{"line":1159,"column":3}},"547":{"start":{"line":1149,"column":12},"end":{"line":1149,"column":53}},"548":{"start":{"line":1149,"column":29},"end":{"line":1149,"column":52}},"549":{"start":{"line":1150,"column":2},"end":{"line":1150,"column":84}},"550":{"start":{"line":1150,"column":10},"end":{"line":1150,"column":84}},"551":{"start":{"line":1151,"column":25},"end":{"line":1151,"column":33}},"552":{"start":{"line":1152,"column":2},"end":{"line":1152,"column":26}},"553":{"start":{"line":1153,"column":2},"end":{"line":1153,"column":26}},"554":{"start":{"line":1154,"column":2},"end":{"line":1154,"column":47}},"555":{"start":{"line":1155,"column":2},"end":{"line":1155,"column":15}},"556":{"start":{"line":1156,"column":2},"end":{"line":1156,"column":86}},"557":{"start":{"line":1157,"column":2},"end":{"line":1157,"column":29}},"558":{"start":{"line":1158,"column":2},"end":{"line":1158,"column":39}},"559":{"start":{"line":1161,"column":0},"end":{"line":1170,"column":3}},"560":{"start":{"line":1162,"column":12},"end":{"line":1162,"column":53}},"561":{"start":{"line":1162,"column":29},"end":{"line":1162,"column":52}},"562":{"start":{"line":1163,"column":2},"end":{"line":1163,"column":84}},"563":{"start":{"line":1163,"column":10},"end":{"line":1163,"column":84}},"564":{"start":{"line":1164,"column":2},"end":{"line":1164,"column":25}},"565":{"start":{"line":1165,"column":2},"end":{"line":1165,"column":27}},"566":{"start":{"line":1166,"column":2},"end":{"line":1166,"column":23}},"567":{"start":{"line":1167,"column":2},"end":{"line":1167,"column":15}},"568":{"start":{"line":1168,"column":2},"end":{"line":1168,"column":29}},"569":{"start":{"line":1169,"column":2},"end":{"line":1169,"column":39}},"570":{"start":{"line":1173,"column":0},"end":{"line":1192,"column":3}},"571":{"start":{"line":1174,"column":14},"end":{"line":1174,"column":56}},"572":{"start":{"line":1175,"column":16},"end":{"line":1175,"column":34}},"573":{"start":{"line":1176,"column":21},"end":{"line":1176,"column":39}},"574":{"start":{"line":1177,"column":2},"end":{"line":1177,"column":77}},"575":{"start":{"line":1177,"column":29},"end":{"line":1177,"column":77}},"576":{"start":{"line":1179,"column":23},"end":{"line":1179,"column":105}},"577":{"start":{"line":1179,"column":58},"end":{"line":1179,"column":74}},"578":{"start":{"line":1180,"column":2},"end":{"line":1191,"column":5}},"579":{"start":{"line":1187,"column":39},"end":{"line":1187,"column":95}},"580":{"start":{"line":1188,"column":39},"end":{"line":1188,"column":105}},"581":{"start":{"line":1189,"column":40},"end":{"line":1189,"column":105}},"582":{"start":{"line":1194,"column":0},"end":{"line":1196,"column":3}},"583":{"start":{"line":1195,"column":2},"end":{"line":1195,"column":60}},"584":{"start":{"line":1199,"column":0},"end":{"line":1220,"column":3}},"585":{"start":{"line":1200,"column":14},"end":{"line":1200,"column":56}},"586":{"start":{"line":1201,"column":16},"end":{"line":1201,"column":34}},"587":{"start":{"line":1202,"column":2},"end":{"line":1202,"column":62}},"588":{"start":{"line":1202,"column":14},"end":{"line":1202,"column":62}},"589":{"start":{"line":1204,"column":16},"end":{"line":1218,"column":4}},"590":{"start":{"line":1205,"column":17},"end":{"line":1205,"column":58}},"591":{"start":{"line":1205,"column":39},"end":{"line":1205,"column":57}},"592":{"start":{"line":1206,"column":23},"end":{"line":1206,"column":99}},"593":{"start":{"line":1207,"column":24},"end":{"line":1207,"column":45}},"594":{"start":{"line":1208,"column":4},"end":{"line":1217,"column":6}},"595":{"start":{"line":1216,"column":63},"end":{"line":1216,"column":103}},"596":{"start":{"line":1219,"column":2},"end":{"line":1219,"column":43}},"597":{"start":{"line":1223,"column":0},"end":{"line":1230,"column":3}},"598":{"start":{"line":1224,"column":2},"end":{"line":1229,"column":5}},"599":{"start":{"line":1235,"column":0},"end":{"line":1296,"column":3}},"600":{"start":{"line":1236,"column":32},"end":{"line":1236,"column":40}},"601":{"start":{"line":1237,"column":2},"end":{"line":1239,"column":3}},"602":{"start":{"line":1238,"column":4},"end":{"line":1238,"column":84}},"603":{"start":{"line":1241,"column":14},"end":{"line":1241,"column":15}},"604":{"start":{"line":1242,"column":20},"end":{"line":1242,"column":21}},"605":{"start":{"line":1243,"column":21},"end":{"line":1249,"column":20}},"606":{"start":{"line":1244,"column":21},"end":{"line":1244,"column":53}},"607":{"start":{"line":1244,"column":36},"end":{"line":1244,"column":52}},"608":{"start":{"line":1245,"column":4},"end":{"line":1245,"column":54}},"609":{"start":{"line":1245,"column":42},"end":{"line":1245,"column":54}},"610":{"start":{"line":1246,"column":4},"end":{"line":1246,"column":46}},"611":{"start":{"line":1247,"column":4},"end":{"line":1247,"column":59}},"612":{"start":{"line":1248,"column":4},"end":{"line":1248,"column":47}},"613":{"start":{"line":1251,"column":2},"end":{"line":1253,"column":3}},"614":{"start":{"line":1252,"column":4},"end":{"line":1252,"column":97}},"615":{"start":{"line":1256,"column":21},"end":{"line":1256,"column":67}},"616":{"start":{"line":1257,"column":2},"end":{"line":1257,"column":86}},"617":{"start":{"line":1260,"column":2},"end":{"line":1282,"column":3}},"618":{"start":{"line":1261,"column":4},"end":{"line":1281,"column":5}},"619":{"start":{"line":1262,"column":23},"end":{"line":1267,"column":8}},"620":{"start":{"line":1268,"column":6},"end":{"line":1268,"column":59}},"621":{"start":{"line":1269,"column":6},"end":{"line":1278,"column":9}},"622":{"start":{"line":1280,"column":6},"end":{"line":1280,"column":67}},"623":{"start":{"line":1285,"column":2},"end":{"line":1295,"column":5}},"624":{"start":{"line":1299,"column":0},"end":{"line":1349,"column":3}},"625":{"start":{"line":1300,"column":98},"end":{"line":1300,"column":106}},"626":{"start":{"line":1302,"column":18},"end":{"line":1302,"column":45}},"627":{"start":{"line":1303,"column":2},"end":{"line":1303,"column":100}},"628":{"start":{"line":1303,"column":16},"end":{"line":1303,"column":100}},"629":{"start":{"line":1306,"column":2},"end":{"line":1313,"column":3}},"630":{"start":{"line":1308,"column":17},"end":{"line":1308,"column":62}},"631":{"start":{"line":1309,"column":24},"end":{"line":1309,"column":99}},"632":{"start":{"line":1310,"column":4},"end":{"line":1312,"column":5}},"633":{"start":{"line":1311,"column":6},"end":{"line":1311,"column":102}},"634":{"start":{"line":1316,"column":14},"end":{"line":1316,"column":56}},"635":{"start":{"line":1317,"column":16},"end":{"line":1317,"column":34}},"636":{"start":{"line":1318,"column":21},"end":{"line":1319,"column":70}},"637":{"start":{"line":1318,"column":50},"end":{"line":1318,"column":96}},"638":{"start":{"line":1319,"column":50},"end":{"line":1319,"column":69}},"639":{"start":{"line":1320,"column":2},"end":{"line":1320,"column":101}},"640":{"start":{"line":1320,"column":19},"end":{"line":1320,"column":101}},"641":{"start":{"line":1322,"column":16},"end":{"line":1336,"column":3}},"642":{"start":{"line":1338,"column":2},"end":{"line":1338,"column":78}},"643":{"start":{"line":1340,"column":2},"end":{"line":1340,"column":21}},"644":{"start":{"line":1341,"column":2},"end":{"line":1341,"column":19}},"645":{"start":{"line":1342,"column":2},"end":{"line":1342,"column":30}},"646":{"start":{"line":1343,"column":2},"end":{"line":1343,"column":26}},"647":{"start":{"line":1344,"column":2},"end":{"line":1344,"column":40}},"648":{"start":{"line":1346,"column":2},"end":{"line":1346,"column":37}},"649":{"start":{"line":1347,"column":2},"end":{"line":1347,"column":30}},"650":{"start":{"line":1348,"column":2},"end":{"line":1348,"column":43}},"651":{"start":{"line":1353,"column":0},"end":{"line":1359,"column":3}},"652":{"start":{"line":1354,"column":15},"end":{"line":1354,"column":53}},"653":{"start":{"line":1354,"column":30},"end":{"line":1354,"column":52}},"654":{"start":{"line":1355,"column":2},"end":{"line":1355,"column":86}},"655":{"start":{"line":1355,"column":13},"end":{"line":1355,"column":86}},"656":{"start":{"line":1356,"column":2},"end":{"line":1356,"column":35}},"657":{"start":{"line":1357,"column":2},"end":{"line":1357,"column":31}},"658":{"start":{"line":1358,"column":2},"end":{"line":1358,"column":42}},"659":{"start":{"line":1362,"column":0},"end":{"line":1377,"column":3}},"660":{"start":{"line":1363,"column":53},"end":{"line":1363,"column":61}},"661":{"start":{"line":1364,"column":2},"end":{"line":1366,"column":3}},"662":{"start":{"line":1365,"column":4},"end":{"line":1365,"column":93}},"663":{"start":{"line":1367,"column":15},"end":{"line":1373,"column":3}},"664":{"start":{"line":1374,"column":2},"end":{"line":1374,"column":18}},"665":{"start":{"line":1375,"column":2},"end":{"line":1375,"column":31}},"666":{"start":{"line":1376,"column":2},"end":{"line":1376,"column":42}},"667":{"start":{"line":1380,"column":0},"end":{"line":1386,"column":3}},"668":{"start":{"line":1381,"column":14},"end":{"line":1381,"column":57}},"669":{"start":{"line":1381,"column":34},"end":{"line":1381,"column":56}},"670":{"start":{"line":1382,"column":2},"end":{"line":1382,"column":88}},"671":{"start":{"line":1382,"column":15},"end":{"line":1382,"column":88}},"672":{"start":{"line":1383,"column":20},"end":{"line":1383,"column":39}},"673":{"start":{"line":1384,"column":2},"end":{"line":1384,"column":31}},"674":{"start":{"line":1385,"column":2},"end":{"line":1385,"column":45}},"675":{"start":{"line":1390,"column":0},"end":{"line":1409,"column":3}},"676":{"start":{"line":1391,"column":32},"end":{"line":1391,"column":40}},"677":{"start":{"line":1392,"column":14},"end":{"line":1392,"column":46}},"678":{"start":{"line":1393,"column":16},"end":{"line":1393,"column":34}},"679":{"start":{"line":1395,"column":2},"end":{"line":1395,"column":89}},"680":{"start":{"line":1395,"column":15},"end":{"line":1395,"column":89}},"681":{"start":{"line":1396,"column":16},"end":{"line":1396,"column":72}},"682":{"start":{"line":1396,"column":33},"end":{"line":1396,"column":71}},"683":{"start":{"line":1397,"column":2},"end":{"line":1397,"column":101}},"684":{"start":{"line":1397,"column":14},"end":{"line":1397,"column":101}},"685":{"start":{"line":1398,"column":2},"end":{"line":1398,"column":114}},"686":{"start":{"line":1398,"column":36},"end":{"line":1398,"column":114}},"687":{"start":{"line":1399,"column":2},"end":{"line":1399,"column":134}},"688":{"start":{"line":1399,"column":36},"end":{"line":1399,"column":134}},"689":{"start":{"line":1401,"column":2},"end":{"line":1401,"column":29}},"690":{"start":{"line":1402,"column":2},"end":{"line":1402,"column":19}},"691":{"start":{"line":1403,"column":2},"end":{"line":1406,"column":3}},"692":{"start":{"line":1404,"column":23},"end":{"line":1404,"column":79}},"693":{"start":{"line":1404,"column":51},"end":{"line":1404,"column":78}},"694":{"start":{"line":1405,"column":4},"end":{"line":1405,"column":91}},"695":{"start":{"line":1405,"column":20},"end":{"line":1405,"column":91}},"696":{"start":{"line":1407,"column":2},"end":{"line":1407,"column":54}},"697":{"start":{"line":1408,"column":2},"end":{"line":1408,"column":86}},"698":{"start":{"line":1412,"column":0},"end":{"line":1458,"column":3}},"699":{"start":{"line":1413,"column":40},"end":{"line":1413,"column":49}},"700":{"start":{"line":1414,"column":14},"end":{"line":1414,"column":46}},"701":{"start":{"line":1415,"column":16},"end":{"line":1415,"column":72}},"702":{"start":{"line":1418,"column":18},"end":{"line":1418,"column":72}},"703":{"start":{"line":1418,"column":40},"end":{"line":1418,"column":53}},"704":{"start":{"line":1419,"column":19},"end":{"line":1419,"column":81}},"705":{"start":{"line":1419,"column":43},"end":{"line":1419,"column":63}},"706":{"start":{"line":1419,"column":74},"end":{"line":1419,"column":80}},"707":{"start":{"line":1420,"column":20},"end":{"line":1420,"column":64}},"708":{"start":{"line":1420,"column":44},"end":{"line":1420,"column":63}},"709":{"start":{"line":1422,"column":23},"end":{"line":1429,"column":3}},"710":{"start":{"line":1430,"column":15},"end":{"line":1430,"column":59}},"711":{"start":{"line":1431,"column":15},"end":{"line":1431,"column":86}},"712":{"start":{"line":1433,"column":22},"end":{"line":1455,"column":3}},"713":{"start":{"line":1457,"column":2},"end":{"line":1457,"column":135}},"714":{"start":{"line":1460,"column":0},"end":{"line":1467,"column":3}},"715":{"start":{"line":1461,"column":14},"end":{"line":1461,"column":27}},"716":{"start":{"line":1463,"column":2},"end":{"line":1463,"column":21}},"717":{"start":{"line":1464,"column":16},"end":{"line":1464,"column":72}},"718":{"start":{"line":1465,"column":16},"end":{"line":1465,"column":72}},"719":{"start":{"line":1466,"column":2},"end":{"line":1466,"column":54}},"720":{"start":{"line":1470,"column":0},"end":{"line":1470,"column":87}},"721":{"start":{"line":1470,"column":27},"end":{"line":1470,"column":85}},"722":{"start":{"line":1471,"column":0},"end":{"line":1471,"column":100}},"723":{"start":{"line":1471,"column":36},"end":{"line":1471,"column":98}},"724":{"start":{"line":1478,"column":0},"end":{"line":1504,"column":3}},"725":{"start":{"line":1479,"column":2},"end":{"line":1487,"column":5}},"726":{"start":{"line":1480,"column":4},"end":{"line":1480,"column":34}},"727":{"start":{"line":1481,"column":4},"end":{"line":1481,"column":67}},"728":{"start":{"line":1484,"column":4},"end":{"line":1484,"column":90}},"729":{"start":{"line":1485,"column":4},"end":{"line":1485,"column":90}},"730":{"start":{"line":1486,"column":4},"end":{"line":1486,"column":88}},"731":{"start":{"line":1486,"column":50},"end":{"line":1486,"column":85}},"732":{"start":{"line":1489,"column":2},"end":{"line":1499,"column":5}},"733":{"start":{"line":1490,"column":16},"end":{"line":1490,"column":53}},"734":{"start":{"line":1491,"column":23},"end":{"line":1491,"column":41}},"735":{"start":{"line":1492,"column":4},"end":{"line":1492,"column":28}},"736":{"start":{"line":1492,"column":21},"end":{"line":1492,"column":28}},"737":{"start":{"line":1494,"column":4},"end":{"line":1494,"column":86}},"738":{"start":{"line":1494,"column":38},"end":{"line":1494,"column":86}},"739":{"start":{"line":1495,"column":4},"end":{"line":1495,"column":86}},"740":{"start":{"line":1495,"column":38},"end":{"line":1495,"column":86}},"741":{"start":{"line":1497,"column":4},"end":{"line":1497,"column":61}},"742":{"start":{"line":1498,"column":4},"end":{"line":1498,"column":104}},"743":{"start":{"line":1501,"column":2},"end":{"line":1503,"column":5}},"744":{"start":{"line":1502,"column":4},"end":{"line":1502,"column":53}},"745":{"start":{"line":1507,"column":0},"end":{"line":1509,"column":3}},"746":{"start":{"line":1508,"column":2},"end":{"line":1508,"column":76}},"747":{"start":{"line":1512,"column":0},"end":{"line":1518,"column":3}},"748":{"start":{"line":1513,"column":2},"end":{"line":1513,"column":48}},"749":{"start":{"line":1514,"column":2},"end":{"line":1516,"column":3}},"750":{"start":{"line":1515,"column":4},"end":{"line":1515,"column":79}},"751":{"start":{"line":1517,"column":2},"end":{"line":1517,"column":73}},"752":{"start":{"line":1524,"column":13},"end":{"line":1524,"column":37}},"753":{"start":{"line":1525,"column":0},"end":{"line":1529,"column":1}},"754":{"start":{"line":1526,"column":2},"end":{"line":1528,"column":5}},"755":{"start":{"line":1527,"column":4},"end":{"line":1527,"column":91}},"756":{"start":{"line":1532,"column":0},"end":{"line":1532,"column":23}},"757":{"start":{"line":1533,"column":0},"end":{"line":1533,"column":19}},"758":{"start":{"line":1535,"column":0},"end":{"line":1567,"column":1}},"759":{"start":{"line":1536,"column":2},"end":{"line":1536,"column":45}},"760":{"start":{"line":1539,"column":2},"end":{"line":1566,"column":12}},"761":{"start":{"line":1541,"column":4},"end":{"line":1553,"column":7}},"762":{"start":{"line":1542,"column":19},"end":{"line":1542,"column":43}},"763":{"start":{"line":1543,"column":6},"end":{"line":1552,"column":7}},"764":{"start":{"line":1544,"column":21},"end":{"line":1544,"column":34}},"765":{"start":{"line":1545,"column":8},"end":{"line":1545,"column":76}},"766":{"start":{"line":1545,"column":24},"end":{"line":1545,"column":76}},"767":{"start":{"line":1546,"column":8},"end":{"line":1546,"column":77}},"768":{"start":{"line":1546,"column":25},"end":{"line":1546,"column":77}},"769":{"start":{"line":1547,"column":8},"end":{"line":1550,"column":9}},"770":{"start":{"line":1548,"column":10},"end":{"line":1549,"column":69}},"771":{"start":{"line":1548,"column":43},"end":{"line":1548,"column":97}},"772":{"start":{"line":1549,"column":15},"end":{"line":1549,"column":69}},"773":{"start":{"line":1551,"column":8},"end":{"line":1551,"column":73}},"774":{"start":{"line":1556,"column":4},"end":{"line":1556,"column":23}},"775":{"start":{"line":1559,"column":4},"end":{"line":1563,"column":7}},"776":{"start":{"line":1560,"column":16},"end":{"line":1560,"column":34}},"777":{"start":{"line":1561,"column":6},"end":{"line":1561,"column":62}},"778":{"start":{"line":1562,"column":6},"end":{"line":1562,"column":54}},"779":{"start":{"line":1565,"column":4},"end":{"line":1565,"column":88}},"780":{"start":{"line":1570,"column":0},"end":{"line":1570,"column":21}}},"fnMap":{"0":{"name":"(anonymous_0)","decl":{"start":{"line":45,"column":10},"end":{"line":45,"column":11}},"loc":{"start":{"line":45,"column":26},"end":{"line":48,"column":3}},"line":45},"1":{"name":"(anonymous_1)","decl":{"start":{"line":112,"column":23},"end":{"line":112,"column":24}},"loc":{"start":{"line":112,"column":32},"end":{"line":115,"column":1}},"line":112},"2":{"name":"(anonymous_2)","decl":{"start":{"line":116,"column":17},"end":{"line":116,"column":18}},"loc":{"start":{"line":116,"column":37},"end":{"line":122,"column":1}},"line":116},"3":{"name":"createVenueTemplate","decl":{"start":{"line":134,"column":9},"end":{"line":134,"column":28}},"loc":{"start":{"line":134,"column":38},"end":{"line":177,"column":1}},"line":134},"4":{"name":"getVenueState","decl":{"start":{"line":179,"column":9},"end":{"line":179,"column":22}},"loc":{"start":{"line":179,"column":28},"end":{"line":181,"column":1}},"line":179},"5":{"name":"(anonymous_5)","decl":{"start":{"line":224,"column":32},"end":{"line":224,"column":33}},"loc":{"start":{"line":224,"column":37},"end":{"line":226,"column":1}},"line":224},"6":{"name":"(anonymous_6)","decl":{"start":{"line":249,"column":32},"end":{"line":249,"column":33}},"loc":{"start":{"line":249,"column":37},"end":{"line":271,"column":1}},"line":249},"7":{"name":"refreshDailySchedule","decl":{"start":{"line":273,"column":9},"end":{"line":273,"column":29}},"loc":{"start":{"line":273,"column":32},"end":{"line":288,"column":1}},"line":273},"8":{"name":"(anonymous_8)","decl":{"start":{"line":277,"column":19},"end":{"line":277,"column":20}},"loc":{"start":{"line":277,"column":28},"end":{"line":287,"column":3}},"line":277},"9":{"name":"applyRealitySync","decl":{"start":{"line":290,"column":9},"end":{"line":290,"column":25}},"loc":{"start":{"line":290,"column":28},"end":{"line":314,"column":1}},"line":290},"10":{"name":"(anonymous_10)","decl":{"start":{"line":291,"column":43},"end":{"line":291,"column":44}},"loc":{"start":{"line":291,"column":50},"end":{"line":313,"column":3}},"line":291},"11":{"name":"saveStadiumData","decl":{"start":{"line":374,"column":15},"end":{"line":374,"column":30}},"loc":{"start":{"line":374,"column":33},"end":{"line":394,"column":1}},"line":374},"12":{"name":"(anonymous_12)","decl":{"start":{"line":378,"column":39},"end":{"line":378,"column":40}},"loc":{"start":{"line":378,"column":46},"end":{"line":381,"column":5}},"line":378},"13":{"name":"(anonymous_13)","decl":{"start":{"line":384,"column":39},"end":{"line":384,"column":40}},"loc":{"start":{"line":384,"column":46},"end":{"line":387,"column":5}},"line":384},"14":{"name":"loadStadiumData","decl":{"start":{"line":396,"column":15},"end":{"line":396,"column":30}},"loc":{"start":{"line":396,"column":33},"end":{"line":412,"column":1}},"line":396},"15":{"name":"(anonymous_15)","decl":{"start":{"line":400,"column":23},"end":{"line":400,"column":24}},"loc":{"start":{"line":400,"column":30},"end":{"line":402,"column":5}},"line":400},"16":{"name":"(anonymous_16)","decl":{"start":{"line":405,"column":23},"end":{"line":405,"column":24}},"loc":{"start":{"line":405,"column":30},"end":{"line":407,"column":5}},"line":405},"17":{"name":"runWorldAgent","decl":{"start":{"line":423,"column":9},"end":{"line":423,"column":22}},"loc":{"start":{"line":423,"column":25},"end":{"line":455,"column":1}},"line":423},"18":{"name":"(anonymous_18)","decl":{"start":{"line":424,"column":37},"end":{"line":424,"column":38}},"loc":{"start":{"line":424,"column":44},"end":{"line":454,"column":3}},"line":424},"19":{"name":"simulateCrowd","decl":{"start":{"line":532,"column":9},"end":{"line":532,"column":22}},"loc":{"start":{"line":532,"column":34},"end":{"line":607,"column":1}},"line":532},"20":{"name":"(anonymous_20)","decl":{"start":{"line":542,"column":22},"end":{"line":542,"column":23}},"loc":{"start":{"line":542,"column":30},"end":{"line":556,"column":3}},"line":542},"21":{"name":"(anonymous_21)","decl":{"start":{"line":559,"column":22},"end":{"line":559,"column":23}},"loc":{"start":{"line":559,"column":30},"end":{"line":570,"column":3}},"line":559},"22":{"name":"(anonymous_22)","decl":{"start":{"line":573,"column":28},"end":{"line":573,"column":29}},"loc":{"start":{"line":573,"column":33},"end":{"line":584,"column":3}},"line":573},"23":{"name":"(anonymous_23)","decl":{"start":{"line":587,"column":26},"end":{"line":587,"column":27}},"loc":{"start":{"line":587,"column":31},"end":{"line":592,"column":3}},"line":587},"24":{"name":"(anonymous_24)","decl":{"start":{"line":588,"column":34},"end":{"line":588,"column":35}},"loc":{"start":{"line":588,"column":39},"end":{"line":588,"column":54}},"line":588},"25":{"name":"(anonymous_25)","decl":{"start":{"line":595,"column":45},"end":{"line":595,"column":46}},"loc":{"start":{"line":595,"column":57},"end":{"line":595,"column":72}},"line":595},"26":{"name":"autoDispatchStaff","decl":{"start":{"line":609,"column":9},"end":{"line":609,"column":26}},"loc":{"start":{"line":609,"column":32},"end":{"line":628,"column":1}},"line":609},"27":{"name":"(anonymous_27)","decl":{"start":{"line":612,"column":22},"end":{"line":612,"column":23}},"loc":{"start":{"line":612,"column":30},"end":{"line":627,"column":3}},"line":612},"28":{"name":"(anonymous_28)","decl":{"start":{"line":616,"column":35},"end":{"line":616,"column":36}},"loc":{"start":{"line":616,"column":40},"end":{"line":616,"column":115}},"line":616},"29":{"name":"simulateMatch","decl":{"start":{"line":630,"column":9},"end":{"line":630,"column":22}},"loc":{"start":{"line":630,"column":28},"end":{"line":673,"column":1}},"line":630},"30":{"name":"addAlert","decl":{"start":{"line":675,"column":9},"end":{"line":675,"column":17}},"loc":{"start":{"line":675,"column":46},"end":{"line":690,"column":1}},"line":675},"31":{"name":"generateRandomAlerts","decl":{"start":{"line":692,"column":9},"end":{"line":692,"column":29}},"loc":{"start":{"line":692,"column":35},"end":{"line":706,"column":1}},"line":692},"32":{"name":"processOrders","decl":{"start":{"line":709,"column":9},"end":{"line":709,"column":22}},"loc":{"start":{"line":709,"column":25},"end":{"line":720,"column":1}},"line":709},"33":{"name":"(anonymous_33)","decl":{"start":{"line":710,"column":17},"end":{"line":710,"column":18}},"loc":{"start":{"line":710,"column":26},"end":{"line":719,"column":3}},"line":710},"34":{"name":"runSimulation","decl":{"start":{"line":723,"column":9},"end":{"line":723,"column":22}},"loc":{"start":{"line":723,"column":25},"end":{"line":731,"column":1}},"line":723},"35":{"name":"(anonymous_35)","decl":{"start":{"line":724,"column":37},"end":{"line":724,"column":38}},"loc":{"start":{"line":724,"column":44},"end":{"line":729,"column":3}},"line":724},"36":{"name":"getStadiumStats","decl":{"start":{"line":744,"column":9},"end":{"line":744,"column":24}},"loc":{"start":{"line":744,"column":30},"end":{"line":757,"column":1}},"line":744},"37":{"name":"(anonymous_37)","decl":{"start":{"line":763,"column":25},"end":{"line":763,"column":26}},"loc":{"start":{"line":763,"column":39},"end":{"line":765,"column":1}},"line":763},"38":{"name":"(anonymous_38)","decl":{"start":{"line":768,"column":22},"end":{"line":768,"column":23}},"loc":{"start":{"line":768,"column":36},"end":{"line":774,"column":1}},"line":768},"39":{"name":"(anonymous_39)","decl":{"start":{"line":775,"column":22},"end":{"line":775,"column":23}},"loc":{"start":{"line":775,"column":36},"end":{"line":781,"column":1}},"line":775},"40":{"name":"(anonymous_40)","decl":{"start":{"line":782,"column":28},"end":{"line":782,"column":29}},"loc":{"start":{"line":782,"column":42},"end":{"line":793,"column":1}},"line":782},"41":{"name":"(anonymous_41)","decl":{"start":{"line":795,"column":35},"end":{"line":795,"column":36}},"loc":{"start":{"line":795,"column":49},"end":{"line":810,"column":1}},"line":795},"42":{"name":"(anonymous_42)","decl":{"start":{"line":812,"column":28},"end":{"line":812,"column":29}},"loc":{"start":{"line":812,"column":42},"end":{"line":815,"column":1}},"line":812},"43":{"name":"(anonymous_43)","decl":{"start":{"line":817,"column":28},"end":{"line":817,"column":29}},"loc":{"start":{"line":817,"column":42},"end":{"line":820,"column":1}},"line":817},"44":{"name":"(anonymous_44)","decl":{"start":{"line":822,"column":32},"end":{"line":822,"column":33}},"loc":{"start":{"line":822,"column":46},"end":{"line":835,"column":1}},"line":822},"45":{"name":"(anonymous_45)","decl":{"start":{"line":829,"column":24},"end":{"line":829,"column":25}},"loc":{"start":{"line":829,"column":29},"end":{"line":831,"column":5}},"line":829},"46":{"name":"(anonymous_46)","decl":{"start":{"line":838,"column":25},"end":{"line":838,"column":26}},"loc":{"start":{"line":838,"column":39},"end":{"line":840,"column":1}},"line":838},"47":{"name":"(anonymous_47)","decl":{"start":{"line":843,"column":22},"end":{"line":843,"column":23}},"loc":{"start":{"line":843,"column":36},"end":{"line":847,"column":1}},"line":843},"48":{"name":"(anonymous_48)","decl":{"start":{"line":849,"column":28},"end":{"line":849,"column":29}},"loc":{"start":{"line":849,"column":42},"end":{"line":867,"column":1}},"line":849},"49":{"name":"(anonymous_49)","decl":{"start":{"line":869,"column":31},"end":{"line":869,"column":32}},"loc":{"start":{"line":869,"column":45},"end":{"line":904,"column":1}},"line":869},"50":{"name":"(anonymous_50)","decl":{"start":{"line":897,"column":26},"end":{"line":897,"column":27}},"loc":{"start":{"line":897,"column":31},"end":{"line":897,"column":44}},"line":897},"51":{"name":"(anonymous_51)","decl":{"start":{"line":898,"column":26},"end":{"line":898,"column":27}},"loc":{"start":{"line":898,"column":31},"end":{"line":898,"column":74}},"line":898},"52":{"name":"(anonymous_52)","decl":{"start":{"line":907,"column":29},"end":{"line":907,"column":30}},"loc":{"start":{"line":907,"column":43},"end":{"line":923,"column":1}},"line":907},"53":{"name":"(anonymous_53)","decl":{"start":{"line":926,"column":30},"end":{"line":926,"column":31}},"loc":{"start":{"line":926,"column":44},"end":{"line":939,"column":1}},"line":926},"54":{"name":"(anonymous_54)","decl":{"start":{"line":942,"column":28},"end":{"line":942,"column":29}},"loc":{"start":{"line":942,"column":42},"end":{"line":944,"column":1}},"line":942},"55":{"name":"(anonymous_55)","decl":{"start":{"line":947,"column":28},"end":{"line":947,"column":29}},"loc":{"start":{"line":947,"column":42},"end":{"line":983,"column":1}},"line":947},"56":{"name":"(anonymous_56)","decl":{"start":{"line":958,"column":31},"end":{"line":958,"column":32}},"loc":{"start":{"line":958,"column":36},"end":{"line":958,"column":51}},"line":958},"57":{"name":"(anonymous_57)","decl":{"start":{"line":985,"column":31},"end":{"line":985,"column":32}},"loc":{"start":{"line":985,"column":45},"end":{"line":991,"column":1}},"line":985},"58":{"name":"(anonymous_58)","decl":{"start":{"line":987,"column":31},"end":{"line":987,"column":32}},"loc":{"start":{"line":987,"column":36},"end":{"line":987,"column":51}},"line":987},"59":{"name":"(anonymous_59)","decl":{"start":{"line":994,"column":26},"end":{"line":994,"column":27}},"loc":{"start":{"line":994,"column":40},"end":{"line":996,"column":1}},"line":994},"60":{"name":"(anonymous_60)","decl":{"start":{"line":998,"column":33},"end":{"line":998,"column":34}},"loc":{"start":{"line":998,"column":47},"end":{"line":1002,"column":1}},"line":998},"61":{"name":"(anonymous_61)","decl":{"start":{"line":1004,"column":28},"end":{"line":1004,"column":29}},"loc":{"start":{"line":1004,"column":42},"end":{"line":1050,"column":1}},"line":1004},"62":{"name":"(anonymous_62)","decl":{"start":{"line":1011,"column":29},"end":{"line":1011,"column":30}},"loc":{"start":{"line":1011,"column":34},"end":{"line":1011,"column":55}},"line":1011},"63":{"name":"(anonymous_63)","decl":{"start":{"line":1012,"column":29},"end":{"line":1012,"column":30}},"loc":{"start":{"line":1012,"column":34},"end":{"line":1012,"column":72}},"line":1012},"64":{"name":"(anonymous_64)","decl":{"start":{"line":1020,"column":31},"end":{"line":1020,"column":32}},"loc":{"start":{"line":1020,"column":39},"end":{"line":1026,"column":3}},"line":1020},"65":{"name":"(anonymous_65)","decl":{"start":{"line":1021,"column":31},"end":{"line":1021,"column":32}},"loc":{"start":{"line":1021,"column":36},"end":{"line":1021,"column":52}},"line":1021},"66":{"name":"(anonymous_66)","decl":{"start":{"line":1052,"column":28},"end":{"line":1052,"column":29}},"loc":{"start":{"line":1052,"column":42},"end":{"line":1054,"column":1}},"line":1052},"67":{"name":"(anonymous_67)","decl":{"start":{"line":1056,"column":32},"end":{"line":1056,"column":33}},"loc":{"start":{"line":1056,"column":46},"end":{"line":1060,"column":1}},"line":1056},"68":{"name":"(anonymous_68)","decl":{"start":{"line":1057,"column":28},"end":{"line":1057,"column":29}},"loc":{"start":{"line":1057,"column":33},"end":{"line":1057,"column":55}},"line":1057},"69":{"name":"(anonymous_69)","decl":{"start":{"line":1062,"column":42},"end":{"line":1062,"column":43}},"loc":{"start":{"line":1062,"column":56},"end":{"line":1071,"column":1}},"line":1062},"70":{"name":"(anonymous_70)","decl":{"start":{"line":1063,"column":28},"end":{"line":1063,"column":29}},"loc":{"start":{"line":1063,"column":33},"end":{"line":1063,"column":55}},"line":1063},"71":{"name":"(anonymous_71)","decl":{"start":{"line":1067,"column":44},"end":{"line":1067,"column":45}},"loc":{"start":{"line":1067,"column":49},"end":{"line":1067,"column":76}},"line":1067},"72":{"name":"(anonymous_72)","decl":{"start":{"line":1074,"column":32},"end":{"line":1074,"column":33}},"loc":{"start":{"line":1074,"column":46},"end":{"line":1093,"column":1}},"line":1074},"73":{"name":"(anonymous_73)","decl":{"start":{"line":1081,"column":35},"end":{"line":1081,"column":36}},"loc":{"start":{"line":1081,"column":44},"end":{"line":1081,"column":75}},"line":1081},"74":{"name":"(anonymous_74)","decl":{"start":{"line":1091,"column":37},"end":{"line":1091,"column":38}},"loc":{"start":{"line":1091,"column":42},"end":{"line":1091,"column":61}},"line":1091},"75":{"name":"(anonymous_75)","decl":{"start":{"line":1091,"column":67},"end":{"line":1091,"column":68}},"loc":{"start":{"line":1091,"column":72},"end":{"line":1091,"column":76}},"line":1091},"76":{"name":"(anonymous_76)","decl":{"start":{"line":1096,"column":23},"end":{"line":1096,"column":24}},"loc":{"start":{"line":1096,"column":37},"end":{"line":1100,"column":1}},"line":1096},"77":{"name":"(anonymous_77)","decl":{"start":{"line":1098,"column":39},"end":{"line":1098,"column":40}},"loc":{"start":{"line":1098,"column":44},"end":{"line":1098,"column":79}},"line":1098},"78":{"name":"(anonymous_78)","decl":{"start":{"line":1102,"column":40},"end":{"line":1102,"column":41}},"loc":{"start":{"line":1102,"column":54},"end":{"line":1107,"column":1}},"line":1102},"79":{"name":"(anonymous_79)","decl":{"start":{"line":1103,"column":28},"end":{"line":1103,"column":29}},"loc":{"start":{"line":1103,"column":33},"end":{"line":1103,"column":65}},"line":1103},"80":{"name":"(anonymous_80)","decl":{"start":{"line":1109,"column":31},"end":{"line":1109,"column":32}},"loc":{"start":{"line":1109,"column":45},"end":{"line":1113,"column":1}},"line":1109},"81":{"name":"(anonymous_81)","decl":{"start":{"line":1116,"column":22},"end":{"line":1116,"column":23}},"loc":{"start":{"line":1116,"column":36},"end":{"line":1120,"column":1}},"line":1116},"82":{"name":"(anonymous_82)","decl":{"start":{"line":1118,"column":38},"end":{"line":1118,"column":39}},"loc":{"start":{"line":1118,"column":43},"end":{"line":1118,"column":78}},"line":1118},"83":{"name":"(anonymous_83)","decl":{"start":{"line":1122,"column":27},"end":{"line":1122,"column":28}},"loc":{"start":{"line":1122,"column":41},"end":{"line":1136,"column":1}},"line":1122},"84":{"name":"(anonymous_84)","decl":{"start":{"line":1138,"column":29},"end":{"line":1138,"column":30}},"loc":{"start":{"line":1138,"column":43},"end":{"line":1146,"column":1}},"line":1138},"85":{"name":"(anonymous_85)","decl":{"start":{"line":1139,"column":30},"end":{"line":1139,"column":31}},"loc":{"start":{"line":1139,"column":36},"end":{"line":1139,"column":59}},"line":1139},"86":{"name":"(anonymous_86)","decl":{"start":{"line":1148,"column":36},"end":{"line":1148,"column":37}},"loc":{"start":{"line":1148,"column":50},"end":{"line":1159,"column":1}},"line":1148},"87":{"name":"(anonymous_87)","decl":{"start":{"line":1149,"column":23},"end":{"line":1149,"column":24}},"loc":{"start":{"line":1149,"column":29},"end":{"line":1149,"column":52}},"line":1149},"88":{"name":"(anonymous_88)","decl":{"start":{"line":1161,"column":35},"end":{"line":1161,"column":36}},"loc":{"start":{"line":1161,"column":49},"end":{"line":1170,"column":1}},"line":1161},"89":{"name":"(anonymous_89)","decl":{"start":{"line":1162,"column":23},"end":{"line":1162,"column":24}},"loc":{"start":{"line":1162,"column":29},"end":{"line":1162,"column":52}},"line":1162},"90":{"name":"(anonymous_90)","decl":{"start":{"line":1173,"column":26},"end":{"line":1173,"column":27}},"loc":{"start":{"line":1173,"column":40},"end":{"line":1192,"column":1}},"line":1173},"91":{"name":"(anonymous_91)","decl":{"start":{"line":1179,"column":48},"end":{"line":1179,"column":49}},"loc":{"start":{"line":1179,"column":58},"end":{"line":1179,"column":74}},"line":1179},"92":{"name":"(anonymous_92)","decl":{"start":{"line":1187,"column":34},"end":{"line":1187,"column":35}},"loc":{"start":{"line":1187,"column":39},"end":{"line":1187,"column":95}},"line":1187},"93":{"name":"(anonymous_93)","decl":{"start":{"line":1188,"column":34},"end":{"line":1188,"column":35}},"loc":{"start":{"line":1188,"column":39},"end":{"line":1188,"column":105}},"line":1188},"94":{"name":"(anonymous_94)","decl":{"start":{"line":1189,"column":35},"end":{"line":1189,"column":36}},"loc":{"start":{"line":1189,"column":40},"end":{"line":1189,"column":105}},"line":1189},"95":{"name":"(anonymous_95)","decl":{"start":{"line":1194,"column":40},"end":{"line":1194,"column":41}},"loc":{"start":{"line":1194,"column":54},"end":{"line":1196,"column":1}},"line":1194},"96":{"name":"(anonymous_96)","decl":{"start":{"line":1199,"column":24},"end":{"line":1199,"column":25}},"loc":{"start":{"line":1199,"column":38},"end":{"line":1220,"column":1}},"line":1199},"97":{"name":"(anonymous_97)","decl":{"start":{"line":1204,"column":32},"end":{"line":1204,"column":33}},"loc":{"start":{"line":1204,"column":40},"end":{"line":1218,"column":3}},"line":1204},"98":{"name":"(anonymous_98)","decl":{"start":{"line":1205,"column":34},"end":{"line":1205,"column":35}},"loc":{"start":{"line":1205,"column":39},"end":{"line":1205,"column":57}},"line":1205},"99":{"name":"(anonymous_99)","decl":{"start":{"line":1216,"column":58},"end":{"line":1216,"column":59}},"loc":{"start":{"line":1216,"column":63},"end":{"line":1216,"column":103}},"line":1216},"100":{"name":"(anonymous_100)","decl":{"start":{"line":1223,"column":23},"end":{"line":1223,"column":24}},"loc":{"start":{"line":1223,"column":37},"end":{"line":1230,"column":1}},"line":1223},"101":{"name":"(anonymous_101)","decl":{"start":{"line":1235,"column":38},"end":{"line":1235,"column":39}},"loc":{"start":{"line":1235,"column":58},"end":{"line":1296,"column":1}},"line":1235},"102":{"name":"(anonymous_102)","decl":{"start":{"line":1243,"column":31},"end":{"line":1243,"column":32}},"loc":{"start":{"line":1243,"column":39},"end":{"line":1249,"column":3}},"line":1243},"103":{"name":"(anonymous_103)","decl":{"start":{"line":1244,"column":31},"end":{"line":1244,"column":32}},"loc":{"start":{"line":1244,"column":36},"end":{"line":1244,"column":52}},"line":1244},"104":{"name":"(anonymous_104)","decl":{"start":{"line":1299,"column":32},"end":{"line":1299,"column":33}},"loc":{"start":{"line":1299,"column":46},"end":{"line":1349,"column":1}},"line":1299},"105":{"name":"(anonymous_105)","decl":{"start":{"line":1318,"column":45},"end":{"line":1318,"column":46}},"loc":{"start":{"line":1318,"column":50},"end":{"line":1318,"column":96}},"line":1318},"106":{"name":"(anonymous_106)","decl":{"start":{"line":1319,"column":45},"end":{"line":1319,"column":46}},"loc":{"start":{"line":1319,"column":50},"end":{"line":1319,"column":69}},"line":1319},"107":{"name":"(anonymous_107)","decl":{"start":{"line":1353,"column":38},"end":{"line":1353,"column":39}},"loc":{"start":{"line":1353,"column":52},"end":{"line":1359,"column":1}},"line":1353},"108":{"name":"(anonymous_108)","decl":{"start":{"line":1354,"column":25},"end":{"line":1354,"column":26}},"loc":{"start":{"line":1354,"column":30},"end":{"line":1354,"column":52}},"line":1354},"109":{"name":"(anonymous_109)","decl":{"start":{"line":1362,"column":31},"end":{"line":1362,"column":32}},"loc":{"start":{"line":1362,"column":45},"end":{"line":1377,"column":1}},"line":1362},"110":{"name":"(anonymous_110)","decl":{"start":{"line":1380,"column":33},"end":{"line":1380,"column":34}},"loc":{"start":{"line":1380,"column":47},"end":{"line":1386,"column":1}},"line":1380},"111":{"name":"(anonymous_111)","decl":{"start":{"line":1381,"column":29},"end":{"line":1381,"column":30}},"loc":{"start":{"line":1381,"column":34},"end":{"line":1381,"column":56}},"line":1381},"112":{"name":"(anonymous_112)","decl":{"start":{"line":1390,"column":36},"end":{"line":1390,"column":37}},"loc":{"start":{"line":1390,"column":50},"end":{"line":1409,"column":1}},"line":1390},"113":{"name":"(anonymous_113)","decl":{"start":{"line":1396,"column":28},"end":{"line":1396,"column":29}},"loc":{"start":{"line":1396,"column":33},"end":{"line":1396,"column":71}},"line":1396},"114":{"name":"(anonymous_114)","decl":{"start":{"line":1404,"column":46},"end":{"line":1404,"column":47}},"loc":{"start":{"line":1404,"column":51},"end":{"line":1404,"column":78}},"line":1404},"115":{"name":"(anonymous_115)","decl":{"start":{"line":1412,"column":32},"end":{"line":1412,"column":33}},"loc":{"start":{"line":1412,"column":46},"end":{"line":1458,"column":1}},"line":1412},"116":{"name":"(anonymous_116)","decl":{"start":{"line":1418,"column":35},"end":{"line":1418,"column":36}},"loc":{"start":{"line":1418,"column":40},"end":{"line":1418,"column":53}},"line":1418},"117":{"name":"(anonymous_117)","decl":{"start":{"line":1419,"column":38},"end":{"line":1419,"column":39}},"loc":{"start":{"line":1419,"column":43},"end":{"line":1419,"column":63}},"line":1419},"118":{"name":"(anonymous_118)","decl":{"start":{"line":1419,"column":69},"end":{"line":1419,"column":70}},"loc":{"start":{"line":1419,"column":74},"end":{"line":1419,"column":80}},"line":1419},"119":{"name":"(anonymous_119)","decl":{"start":{"line":1420,"column":39},"end":{"line":1420,"column":40}},"loc":{"start":{"line":1420,"column":44},"end":{"line":1420,"column":63}},"line":1420},"120":{"name":"(anonymous_120)","decl":{"start":{"line":1460,"column":28},"end":{"line":1460,"column":29}},"loc":{"start":{"line":1460,"column":42},"end":{"line":1467,"column":1}},"line":1460},"121":{"name":"(anonymous_121)","decl":{"start":{"line":1470,"column":13},"end":{"line":1470,"column":14}},"loc":{"start":{"line":1470,"column":27},"end":{"line":1470,"column":85}},"line":1470},"122":{"name":"(anonymous_122)","decl":{"start":{"line":1471,"column":22},"end":{"line":1471,"column":23}},"loc":{"start":{"line":1471,"column":36},"end":{"line":1471,"column":98}},"line":1471},"123":{"name":"(anonymous_123)","decl":{"start":{"line":1478,"column":20},"end":{"line":1478,"column":21}},"loc":{"start":{"line":1478,"column":32},"end":{"line":1504,"column":1}},"line":1478},"124":{"name":"(anonymous_124)","decl":{"start":{"line":1479,"column":28},"end":{"line":1479,"column":29}},"loc":{"start":{"line":1479,"column":37},"end":{"line":1487,"column":3}},"line":1479},"125":{"name":"(anonymous_125)","decl":{"start":{"line":1486,
[...]
2,"column":14},"end":{"line":1392,"column":23}},{"start":{"line":1392,"column":27},"end":{"line":1392,"column":46}}],"line":1392},"211":{"loc":{"start":{"line":1395,"column":2},"end":{"line":1395,"column":89}},"type":"if","locations":[{"start":{"line":1395,"column":2},"end":{"line":1395,"column":89}},{"start":{},"end":{}}],"line":1395},"212":{"loc":{"start":{"line":1396,"column":33},"end":{"line":1396,"column":71}},"type":"binary-expr","locations":[{"start":{"line":1396,"column":33},"end":{"line":1396,"column":52}},{"start":{"line":1396,"column":56},"end":{"line":1396,"column":71}}],"line":1396},"213":{"loc":{"start":{"line":1397,"column":2},"end":{"line":1397,"column":101}},"type":"if","locations":[{"start":{"line":1397,"column":2},"end":{"line":1397,"column":101}},{"start":{},"end":{}}],"line":1397},"214":{"loc":{"start":{"line":1398,"column":2},"end":{"line":1398,"column":114}},"type":"if","locations":[{"start":{"line":1398,"column":2},"end":{"line":1398,"column":114}},{"start":{},"end":{}}],"line":1398},"215":{"loc":{"start":{"line":1399,"column":2},"end":{"line":1399,"column":134}},"type":"if","locations":[{"start":{"line":1399,"column":2},"end":{"line":1399,"column":134}},{"start":{},"end":{}}],"line":1399},"216":{"loc":{"start":{"line":1403,"column":2},"end":{"line":1406,"column":3}},"type":"if","locations":[{"start":{"line":1403,"column":2},"end":{"line":1406,"column":3}},{"start":{},"end":{}}],"line":1403},"217":{"loc":{"start":{"line":1405,"column":4},"end":{"line":1405,"column":91}},"type":"if","locations":[{"start":{"line":1405,"column":4},"end":{"line":1405,"column":91}},{"start":{},"end":{}}],"line":1405},"218":{"loc":{"start":{"line":1414,"column":14},"end":{"line":1414,"column":46}},"type":"binary-expr","locations":[{"start":{"line":1414,"column":14},"end":{"line":1414,"column":23}},{"start":{"line":1414,"column":27},"end":{"line":1414,"column":46}}],"line":1414},"219":{"loc":{"start":{"line":1415,"column":16},"end":{"line":1415,"column":72}},"type":"binary-expr","locations":[{"start":{"line":1415,"column":16},"end":{"line":1415,"column":34}},{"start":{"line":1415,"column":38},"end":{"line":1415,"column":72}}],"line":1415},"220":{"loc":{"start":{"line":1418,"column":18},"end":{"line":1418,"column":72}},"type":"binary-expr","locations":[{"start":{"line":1418,"column":18},"end":{"line":1418,"column":54}},{"start":{"line":1418,"column":58},"end":{"line":1418,"column":72}}],"line":1418},"221":{"loc":{"start":{"line":1430,"column":15},"end":{"line":1430,"column":59}},"type":"binary-expr","locations":[{"start":{"line":1430,"column":15},"end":{"line":1430,"column":31}},{"start":{"line":1430,"column":35},"end":{"line":1430,"column":59}}],"line":1430},"222":{"loc":{"start":{"line":1431,"column":15},"end":{"line":1431,"column":86}},"type":"cond-expr","locations":[{"start":{"line":1431,"column":38},"end":{"line":1431,"column":44}},{"start":{"line":1431,"column":47},"end":{"line":1431,"column":86}}],"line":1431},"223":{"loc":{"start":{"line":1431,"column":47},"end":{"line":1431,"column":86}},"type":"cond-expr","locations":[{"start":{"line":1431,"column":70},"end":{"line":1431,"column":78}},{"start":{"line":1431,"column":81},"end":{"line":1431,"column":86}}],"line":1431},"224":{"loc":{"start":{"line":1437,"column":30},"end":{"line":1437,"column":94}},"type":"cond-expr","locations":[{"start":{"line":1437,"column":47},"end":{"line":1437,"column":54}},{"start":{"line":1437,"column":57},"end":{"line":1437,"column":94}}],"line":1437},"225":{"loc":{"start":{"line":1437,"column":57},"end":{"line":1437,"column":94}},"type":"cond-expr","locations":[{"start":{"line":1437,"column":77},"end":{"line":1437,"column":84}},{"start":{"line":1437,"column":87},"end":{"line":1437,"column":94}}],"line":1437},"226":{"loc":{"start":{"line":1444,"column":30},"end":{"line":1444,"column":64}},"type":"cond-expr","locations":[{"start":{"line":1444,"column":47},"end":{"line":1444,"column":54}},{"start":{"line":1444,"column":57},"end":{"line":1444,"column":64}}],"line":1444},"227":{"loc":{"start":{"line":1464,"column":16},"end":{"line":1464,"column":72}},"type":"binary-expr","locations":[{"start":{"line":1464,"column":16},"end":{"line":1464,"column":34}},{"start":{"line":1464,"column":38},"end":{"line":1464,"column":72}}],"line":1464},"228":{"loc":{"start":{"line":1465,"column":16},"end":{"line":1465,"column":72}},"type":"binary-expr","locations":[{"start":{"line":1465,"column":16},"end":{"line":1465,"column":34}},{"start":{"line":1465,"column":38},"end":{"line":1465,"column":72}}],"line":1465},"229":{"loc":{"start":{"line":1484,"column":32},"end":{"line":1484,"column":88}},"type":"binary-expr","locations":[{"start":{"line":1484,"column":32},"end":{"line":1484,"column":50}},{"start":{"line":1484,"column":54},"end":{"line":1484,"column":88}}],"line":1484},"230":{"loc":{"start":{"line":1485,"column":32},"end":{"line":1485,"column":88}},"type":"binary-expr","locations":[{"start":{"line":1485,"column":32},"end":{"line":1485,"column":50}},{"start":{"line":1485,"column":54},"end":{"line":1485,"column":88}}],"line":1485},"231":{"loc":{"start":{"line":1486,"column":50},"end":{"line":1486,"column":85}},"type":"binary-expr","locations":[{"start":{"line":1486,"column":50},"end":{"line":1486,"column":69}},{"start":{"line":1486,"column":73},"end":{"line":1486,"column":85}}],"line":1486},"232":{"loc":{"start":{"line":1490,"column":16},"end":{"line":1490,"column":53}},"type":"binary-expr","locations":[{"start":{"line":1490,"column":16},"end":{"line":1490,"column":30}},{"start":{"line":1490,"column":34},"end":{"line":1490,"column":53}}],"line":1490},"233":{"loc":{"start":{"line":1492,"column":4},"end":{"line":1492,"column":28}},"type":"if","locations":[{"start":{"line":1492,"column":4},"end":{"line":1492,"column":28}},{"start":{},"end":{}}],"line":1492},"234":{"loc":{"start":{"line":1494,"column":4},"end":{"line":1494,"column":86}},"type":"if","locations":[{"start":{"line":1494,"column":4},"end":{"line":1494,"column":86}},{"start":{},"end":{}}],"line":1494},"235":{"loc":{"start":{"line":1495,"column":4},"end":{"line":1495,"column":86}},"type":"if","locations":[{"start":{"line":1495,"column":4},"end":{"line":1495,"column":86}},{"start":{},"end":{}}],"line":1495},"236":{"loc":{"start":{"line":1514,"column":2},"end":{"line":1516,"column":3}},"type":"if","locations":[{"start":{"line":1514,"column":2},"end":{"line":1516,"column":3}},{"start":{},"end":{}}],"line":1514},"237":{"loc":{"start":{"line":1514,"column":6},"end":{"line":1514,"column":49}},"type":"binary-expr","locations":[{"start":{"line":1514,"column":6},"end":{"line":1514,"column":17}},{"start":{"line":1514,"column":21},"end":{"line":1514,"column":49}}],"line":1514},"238":{"loc":{"start":{"line":1517,"column":13},"end":{"line":1517,"column":30}},"type":"binary-expr","locations":[{"start":{"line":1517,"column":13},"end":{"line":1517,"column":23}},{"start":{"line":1517,"column":27},"end":{"line":1517,"column":30}}],"line":1517},"239":{"loc":{"start":{"line":1524,"column":13},"end":{"line":1524,"column":37}},"type":"binary-expr","locations":[{"start":{"line":1524,"column":13},"end":{"line":1524,"column":29}},{"start":{"line":1524,"column":33},"end":{"line":1524,"column":37}}],"line":1524},"240":{"loc":{"start":{"line":1525,"column":0},"end":{"line":1529,"column":1}},"type":"if","locations":[{"start":{"line":1525,"column":0},"end":{"line":1529,"column":1}},{"start":{},"end":{}}],"line":1525},"241":{"loc":{"start":{"line":1525,"column":4},"end":{"line":1525,"column":76}},"type":"binary-expr","locations":[{"start":{"line":1525,"column":4},"end":{"line":1525,"column":41}},{"start":{"line":1525,"column":45},"end":{"line":1525,"column":76}}],"line":1525},"242":{"loc":{"start":{"line":1535,"column":0},"end":{"line":1567,"column":1}},"type":"if","locations":[{"start":{"line":1535,"column":0},"end":{"line":1567,"column":1}},{"start":{},"end":{}}],"line":1535},"243":{"loc":{"start":{"line":1543,"column":6},"end":{"line":1552,"column":7}},"type":"if","locations":[{"start":{"line":1543,"column":6},"end":{"line":1552,"column":7}},{"start":{},"end":{}}],"line":1543},"244":{"loc":{"start":{"line":1543,"column":10},"end":{"line":1543,"column":71}},"type":"binary-expr","locations":[{"start":{"line":1543,"column":10},"end":{"line":1543,"column":39}},{"start":{"line":1543,"column":43},"end":{"line":1543,"column":71}}],"line":1543},"245":{"loc":{"start":{"line":1545,"column":8},"end":{"line":1545,"column":76}},"type":"if","locations":[{"start":{"line":1545,"column":8},"end":{"line":1545,"column":76}},{"start":{},"end":{}}],"line":1545},"246":{"loc":{"start":{"line":1546,"column":8},"end":{"line":1546,"column":77}},"type":"if","locations":[{"start":{"line":1546,"column":8},"end":{"line":1546,"column":77}},{"start":{},"end":{}}],"line":1546},"247":{"loc":{"start":{"line":1547,"column":8},"end":{"line":1550,"column":9}},"type":"if","locations":[{"start":{"line":1547,"column":8},"end":{"line":1550,"column":9}},{"start":{},"end":{}}],"line":1547},"248":{"loc":{"start":{"line":1548,"column":10},"end":{"line":1549,"column":69}},"type":"if","locations":[{"start":{"line":1548,"column":10},"end":{"line":1549,"column":69}},{"start":{"line":1549,"column":15},"end":{"line":1549,"column":69}}],"line":1548},"249":{"loc":{"start":{"line":1551,"column":23},"end":{"line":1551,"column":39}},"type":"binary-expr","locations":[{"start":{"line":1551,"column":23},"end":{"line":1551,"column":34}},{"start":{"line":1551,"column":38},"end":{"line":1551,"column":39}}],"line":1551},"250":{"loc":{"start":{"line":1551,"column":44},"end":{"line":1551,"column":71}},"type":"cond-expr","locations":[{"start":{"line":1551,"column":66},"end":{"line":1551,"column":67}},{"start":{"line":1551,"column":70},"end":{"line":1551,"column":71}}],"line":1551}},"s":{"0":1,"1":1,"2":1,"3":1,"4":1,"5":1,"6":1,"7":1,"8":1,"9":1,"10":1,"11":1,"12":1,"13":1,"14":1,"15":1,"16":1,"17":0,"18":1,"19":1,"20":1,"21":1,"22":1,"23":1,"24":1,"25":1,"26":36,"27":36,"28":0,"29":1,"30":1,"31":1,"32":1,"33":1,"34":1,"35":1,"36":1,"37":1,"38":1,"39":1,"40":1,"41":1,"42":1,"43":1,"44":1,"45":0,"46":0,"47":0,"48":1,"49":0,"50":0,"51":0,"52":0,"53":1,"54":23,"55":0,"56":1,"57":1,"58":1,"59":23,"60":1,"61":1,"62":23,"63":1,"64":1,"65":1,"66":5,"67":5,"68":5,"69":5,"70":5,"71":5,"72":5,"73":5,"74":4,"75":16,"76":16,"77":16,"78":16,"79":16,"80":16,"81":16,"82":16,"83":16,"84":16,"85":16,"86":16,"87":16,"88":16,"89":16,"90":16,"91":1,"92":0,"93":0,"94":0,"95":0,"96":0,"97":0,"98":0,"99":0,"100":0,"101":0,"102":0,"103":0,"104":0,"105":0,"106":1,"107":1,"108":0,"109":0,"110":0,"111":0,"112":0,"113":0,"114":0,"115":0,"116":0,"117":1,"118":1,"119":0,"120":0,"121":0,"122":0,"123":0,"124":0,"125":0,"126":0,"127":0,"128":0,"129":0,"130":0,"131":0,"132":0,"133":0,"134":0,"135":0,"136":0,"137":0,"138":0,"139":0,"140":1,"141":1,"142":1,"143":1,"144":8,"145":8,"146":1,"147":1,"148":1,"149":1,"150":1,"151":1,"152":1,"153":1,"154":30,"155":1,"156":1,"157":0,"158":0,"159":0,"160":0,"161":0,"162":0,"163":0,"164":0,"165":0,"166":0,"167":0,"168":0,"169":0,"170":0,"171":0,"172":0,"173":0,"174":0,"175":0,"176":0,"177":0,"178":0,"179":0,"180":0,"181":0,"182":0,"183":0,"184":0,"185":0,"186":0,"187":0,"188":0,"189":0,"190":0,"191":0,"192":0,"193":0,"194":0,"195":0,"196":0,"197":0,"198":0,"199":0,"200":0,"201":0,"202":0,"203":0,"204":0,"205":0,"206":0,"207":0,"208":0,"209":0,"210":0,"211":0,"212":0,"213":0,"214":0,"215":0,"216":0,"217":0,"218":0,"219":0,"220":0,"221":0,"222":0,"223":0,"224":0,"225":0,"226":0,"227":0,"228":0,"229":0,"230":0,"231":0,"232":0,"233":0,"234":0,"235":0,"236":0,"237":0,"238":0,"239":0,"240":0,"241":0,"242":0,"243":0,"244":0,"245":0,"246":0,"247":0,"248":0,"249":0,"250":0,"251":0,"252":0,"253":0,"254":0,"255":0,"256":0,"257":0,"258":0,"259":0,"260":0,"261":0,"262":0,"263":0,"264":0,"265":0,"266":0,"267":0,"268":0,"269":0,"270":0,"271":0,"272":0,"273":0,"274":0,"275":0,"276":0,"277":1,"278":0,"279":0,"280":3,"281":3,"282":3,"283":1,"284":6,"285":1,"286":3,"287":3,"288":1,"289":7,"290":7,"291":1,"292":0,"293":0,"294":0,"295":0,"296":0,"297":0,"298":0,"299":0,"300":0,"301":1,"302":0,"303":0,"304":0,"305":0,"306":0,"307":0,"308":0,"309":0,"310":1,"311":0,"312":0,"313":1,"314":0,"315":0,"316":1,"317":0,"318":0,"319":0,"320":0,"321":0,"322":0,"323":0,"324":0,"325":0,"326":0,"327":1,"328":0,"329":1,"330":0,"331":0,"332":0,"333":1,"334":0,"335":0,"336":0,"337":0,"338":0,"339":0,"340":0,"341":0,"342":0,"343":0,"344":0,"345":0,"346":0,"347":1,"348":0,"349":0,"350":0,"351":0,"352":0,"353":0,"354":0,"355":0,"356":0,"357":0,"358":0,"359":0,"360":0,"361":0,"362":0,"363":0,"364":0,"365":0,"366":0,"367":0,"368":0,"369":0,"370":0,"371":0,"372":0,"373":0,"374":1,"375":0,"376":0,"377":0,"378":0,"379":0,"380":0,"381":0,"382":0,"383":0,"384":0,"385":0,"386":0,"387":0,"388":0,"389":0,"390":0,"391":1,"392":0,"393":0,"394":0,"395":0,"396":0,"397":0,"398":0,"399":0,"400":0,"401":0,"402":0,"403":0,"404":0,"405":0,"406":1,"407":1,"408":1,"409":1,"410":0,"411":0,"412":0,"413":0,"414":0,"415":0,"416":0,"417":0,"418":0,"419":0,"420":0,"421":0,"422":0,"423":0,"424":0,"425":0,"426":0,"427":0,"428":0,"429":0,"430":0,"431":1,"432":0,"433":0,"434":0,"435":0,"436":0,"437":0,"438":0,"439":1,"440":2,"441":1,"442":0,"443":0,"444":0,"445":1,"446":1,"447":1,"448":1,"449":0,"450":0,"451":0,"452":0,"453":0,"454":0,"455":0,"456":0,"457":0,"458":0,"459":0,"460":0,"461":0,"462":0,"463":0,"464":0,"465":0,"466":0,"467":0,"468":0,"469":0,"470":0,"471":0,"472":1,"473":0,"474":1,"475":0,"476":0,"477":0,"478":0,"479":0,"480":1,"481":0,"482":0,"483":0,"484":0,"485":0,"486":0,"487":0,"488":0,"489":0,"490":0,"491":0,"492":0,"493":1,"494":0,"495":0,"496":0,"497":0,"498":0,"499":0,"500":0,"501":0,"502":0,"503":0,"504":0,"505":0,"506":1,"507":0,"508":0,"509":0,"510":0,"511":1,"512":0,"513":0,"514":0,"515":0,"516":0,"517":0,"518":1,"519":0,"520":0,"521":0,"522":1,"523":0,"524":0,"525":0,"526":0,"527":1,"528":0,"529":0,"530":0,"531":0,"532":0,"533":0,"534":0,"535":0,"536":1,"537":0,"538":0,"539":0,"540":0,"541":0,"542":0,"543":0,"544":0,"545":0,"546":1,"547":0,"548":0,"549":0,"550":0,"551":0,"552":0,"553":0,"554":0,"555":0,"556":0,"557":0,"558":0,"559":1,"560":0,"561":0,"562":0,"563":0,"564":0,"565":0,"566":0,"567":0,"568":0,"569":0,"570":1,"571":0,"572":0,"573":0,"574":0,"575":0,"576":0,"577":0,"578":0,"579":0,"580":0,"581":0,"582":1,"583":0,"584":1,"585":0,"586":0,"587":0,"588":0,"589":0,"590":0,"591":0,"592":0,"593":0,"594":0,"595":0,"596":0,"597":1,"598":0,"599":1,"600":0,"601":0,"602":0,"603":0,"604":0,"605":0,"606":0,"607":0,"608":0,"609":0,"610":0,"611":0,"612":0,"613":0,"614":0,"615":0,"616":0,"617":0,"618":0,"619":0,"620":0,"621":0,"622":0,"623":0,"624":1,"625":0,"626":0,"627":0,"628":0,"629":0,"630":0,"631":0,"632":0,"633":0,"634":0,"635":0,"636":0,"637":0,"638":0,"639":0,"640":0,"641":0,"642":0,"643":0,"644":0,"645":0,"646":0,"647":0,"648":0,"649":0,"650":0,"651":1,"652":0,"653":0,"654":0,"655":0,"656":0,"657":0,"658":0,"659":1,"660":0,"661":0,"662":0,"663":0,"664":0,"665":0,"666":0,"667":1,"668":0,"669":0,"670":0,"671":0,"672":0,"673":0,"674":0,"675":1,"676":0,"677":0,"678":0,"679":0,"680":0,"681":0,"682":0,"683":0,"684":0,"685":0,"686":0,"687":0,"688":0,"689":0,"690":0,"691":0,"692":0,"693":0,"694":0,"695":0,"696":0,"697":0,"698":1,"699":0,"700":0,"701":0,"702":0,"703":0,"704":0,"705":0,"706":0,"707":0,"708":0,"709":0,"710":0,"711":0,"712":0,"713":0,"714":1,"715":3,"716":3,"717":3,"718":3,"719":3,"720":1,"721":0,"722":1,"723":1,"724":1,"725":0,"726":0,"727":0,"728":0,"729":0,"730":0,"731":0,"732":0,"733":0,"734":0,"735":0,"736":0,"737":0,"738":0,"739":0,"740":0,"741":0,"742":0,"743":0,"744":0,"745":1,"746":3,"747":1,"748":1,"749":1,"750":0,"751":1,"752":1,"753":1,"754":0,"755":0,"756":1,"757":1,"758":1,"759":0,"760":0,"761":0,"762":0,"763":0,"764":0,"765":0,"766":0,"767":0,"768":0,"769":0,"770":0,"771":0,"772":0,"773":0,"774":0,"775":0,"776":0,"777":0,"778":0,"779":0,"780":1},"f":{"0":36,"1":0,"2":0,"3":23,"4":0,"5":23,"6":23,"7":1,"8":5,"9":4,"10":16,"11":0,"12":0,"13":0,"14":1,"15":0,"16":0,"17":0,"18":0,"19":0,"20":0,"21":0,"22":0,"23":0,"24":0,"25":0,"26":0,"27":0,"28":0,"29":0,"30":0,"31":0,"32":0,"33":0,"34":0,"35":0,"36":3,"37":6,"38":3,"39":7,"40":0,"41":0,"42":0,"43":0,"44":0,"45":0,"46":0,"47":0,"48":0,"49":0,"50":0,"51":0,"52":0,"53":0,"54":1,"55":0,"56":0,"57":0,"58":0,"59":2,"60":0,"61":1,"62":0,"63":0,"64":0,"65":0,"66":0,"67":0,"68":0,"69":0,"70":0,"71":0,"72":0,"73":0,"74":0,"75":0,"76":0,"77":0,"78":0,"79":0,"80":0,"81":0,"82":0,"83":0,"84":0,"85":0,"86":0,"87":0,"88":0,"89":0,"90":0,"91":0,"92":0,"93":0,"94":0,"95":0,"96":0,"97":0,"98":0,"99":0,"100":0,"101":0,"102":0,"103":0,"104":0,"105":0,"106":0,"107":0,"108":0,"109":0,"110":0,"111":0,"112":0,"113":0,"114":0,"115":0,"116":0,"117":0,"118":0,"119":0,"120":3,"121":0,"122":1,"123":0,"124":0,"125":0,"126":0,"127":0,"128":3,"129":1,"130":0,"131":0,"132":0,"133":0},"b":{"0":[1,1],"1":[1,1],"2":[0,1],"3":[1,1,0],"4":[1,0],"5":[36,0],"6":[36,0],"7":[0,0],"8":[0,0],"9":[23,0],"10":[23,0],"11":[23,0],"12":[23,0],"13":[23,0],"14":[23,0],"15":[0,0],"16":[0,0],"17":[13,10],"18":[13,10],"19":[1,0],"20":[5,0],"21":[16,0],"22":[16,0],"23":[16,4],"24":[0,0],"25":[1,0],"26":[0,1],"27":[0,0],"28":[0,0],"29":[0,0],"30":[10,20],"31":[10,10],"32":[0,0],"33":[0,0],"34":[0,0],"35":[0,0],"36":[0,0],"37":[0,0],"38":[0,0],"39":[0,0],"40":[0,0],"41":[0,0],"42":[0,0],"43":[0,0],"44":[0,0],"45":[0,0],"46":[0,0],"47":[0,0,0],"48":[0,0],"49":[0,0],"50":[0,0,0,0,0],"51":[0,0],"52":[0,0],"53":[0,0],"54":[0,0],"55":[0,0],"56":[0,0],"57":[0,0,0,0],"58":[0,0],"59":[0,0],"60":[0,0],"61":[0,0],"62":[0,0],"63":[0,0],"64":[0,0],"65":[0,0],"66":[0,0],"67":[0,0],"68":[0,0],"69":[0,0],"70":[0,0],"71":[0,0],"72":[0,0],"73":[0,0],"74":[0,0],"75":[0,0],"76":[0,1],"77":[3,0],"78":[3,0],"79":[3,0],"80":[7,0],"81":[7,0],"82":[0,0],"83":[0,0],"84":[0,0],"85":[0,0],"86":[0,0],"87":[0,0],"88":[0,0],"89":[0,0],"90":[0,0],"91":[0,0],"92":[0,0],"93":[0,0],"94":[0,0,0],"95":[0,0],"96":[0,0],"97":[0,0],"98":[0,0],"99":[0,0],"100":[0,0],"101":[0,0],"102":[0,0],"103":[0,0],"104":[0,0],"105":[0,0,0,0,0],"106":[0,0],"107":[0,0],"108":[0,0],"109":[0,0],"110":[0,0],"111":[0,0],"112":[0,0],"113":[0,0],"114":[0,0],"115":[0,0],"116":[0,0],"117":[0,0],"118":[0,0],"119":[0,0],"120":[0,0],"121":[0,0],"122":[0,0],"123":[0,0],"124":[0,0],"125":[0,0],"126":[0,0,0],"127":[0,0],"128":[0],"129":[0,0],"130":[0,0],"131":[0,0],"132":[0,0],"133":[0,0],"134":[0,0],"135":[0,0],"136":[0,0],"137":[0,0],"138":[1,0],"139":[1,0],"140":[0,0],"141":[0,0],"142":[0,0],"143":[0,0],"144":[0,0],"145":[0,0],"146":[0,0],"147":[0,0],"148":[0,0],"149":[0,0],"150":[0,0],"151":[0,0],"152":[0,0],"153":[0,0],"154":[0,0],"155":[0,0],"156":[0,0],"157":[0,0],"158":[0,0],"159":[0,0],"160":[0,0],"161":[0,0],"162":[0,0],"163":[0,0],"164":[0,0],"165":[0,0],"166":[0,0],"167":[0,0],"168":[0,0],"169":[0,0],"170":[0,0],"171":[0,0],"172":[0,0],"173":[0,0],"174":[0,0],"175":[0,0],"176":[0,0,0],"177":[0,0,0],"178":[0,0,0],"179":[0,0],"180":[0,0],"181":[0,0],"182":[0,0],"183":[0,0],"184":[0,0],"185":[0,0],"186":[0,0],"187":[0,0],"188":[0,0,0],"189":[0,0],"190":[0,0],"191":[0,0],"192":[0,0],"193":[0,0],"194":[0,0],"195":[0,0],"196":[0,0],"197":[0,0],"198":[0,0],"199":[0,0],"200":[0,0],"201":[0,0],"202":[0,0],"203":[0,0],"204":[0,0],"205":[0,0],"206":[0,0,0],"207":[0,0],"208":[0,0],"209":[0,0],"210":[0,0],"211":[0,0],"212":[0,0],"213":[0,0],"214":[0,0],"215":[0,0],"216":[0,0],"217":[0,0],"218":[0,0],"219":[0,0],"220":[0,0],"221":[0,0],"222":[0,0],"223":[0,0],"224":[0,0],"225":[0,0],"226":[0,0],"227":[3,0],"228":[3,0],"229":[0,0],"230":[0,0],"231":[0,0],"232":[0,0],"233":[0,0],"234":[0,0],"235":[0,0],"236":[0,1],"237":[1,1],"238":[1,0],"239":[1,1],"240":[0,1],"241":[1,1],"242":[0,1],"243":[0,0],"244":[0,0],"245":[0,0],"246":[0,0],"247":[0,0],"248":[0,0],"249":[0,0],"250":[0,0]},"_coverageSchema":"1a1c01bbd47fc00a2c39e90264f33305004495a9","hash":"971368b979b903cddbd68f0acb4e9bddad79954b"}
}
