{"C:\\Users\\durga\\OneDrive\\Desktop\\New folder (2)\\server.js": {"path":"C:\\Users\\durga\\OneDrive\\Desktop\\New folder (2)\\server.js","statementMap":{"0":{"start":{"line":8,"column":0},"end":{"line":8,"column":32}},"1":{"start":{"line":9,"column":19},"end":{"line":9,"column":37}},"2":{"start":{"line":10,"column":19},"end":{"line":10,"column":34}},"3":{"start":{"line":11,"column":19},"end":{"line":11,"column":39}},"4":{"start":{"line":12,"column":19},"end":{"line":12,"column":34}},"5":{"start":{"line":13,"column":19},"end":{"line":13,"column":36}},"6":{"start":{"line":14,"column":20},"end":{"line":14,"column":42}},"7":{"start":{"line":15,"column":23},"end":{"line":15,"column":38}},"8":{"start":{"line":16,"column":42},"end":{"line":16,"column":70}},"9":{"start":{"line":17,"column":41},"end":{"line":17,"column":56}},"10":{"start":{"line":18,"column":15},"end":{"line":18,"column":30}},"11":{"start":{"line":19,"column":15},"end":{"line":19,"column":32}},"12":{"start":{"line":20,"column":15},"end":{"line":20,"column":38}},"13":{"start":{"line":21,"column":21},"end":{"line":21,"column":45}},"14":{"start":{"line":22,"column":15},"end":{"line":22,"column":36}},"15":{"start":{"line":25,"column":28},"end":{"line":25,"column":65}},"16":{"start":{"line":26,"column":28},"end":{"line":26,"column":65}},"17":{"start":{"line":28,"column":0},"end":{"line":28,"column":69}},"18":{"start":{"line":28,"column":6},"end":{"line":28,"column":37}},"19":{"start":{"line":28,"column":51},"end":{"line":28,"column":67}},"20":{"start":{"line":29,"column":17},"end":{"line":31,"column":8}},"21":{"start":{"line":32,"column":0},"end":{"line":32,"column":108}},"22":{"start":{"line":32,"column":15},"end":{"line":32,"column":108}},"23":{"start":{"line":34,"column":24},"end":{"line":34,"column":26}},"24":{"start":{"line":36,"column":15},"end":{"line":36,"column":24}},"25":{"start":{"line":37,"column":15},"end":{"line":37,"column":37}},"26":{"start":{"line":40,"column":24},"end":{"line":44,"column":17}},"27":{"start":{"line":46,"column":20},"end":{"line":55,"column":1}},"28":{"start":{"line":48,"column":4},"end":{"line":48,"column":75}},"29":{"start":{"line":48,"column":53},"end":{"line":48,"column":75}},"30":{"start":{"line":49,"column":4},"end":{"line":49,"column":56}},"31":{"start":{"line":57,"column":11},"end":{"line":57,"column":87}},"32":{"start":{"line":60,"column":0},"end":{"line":85,"column":4}},"33":{"start":{"line":88,"column":22},"end":{"line":88,"column":98}},"34":{"start":{"line":89,"column":0},"end":{"line":98,"column":3}},"35":{"start":{"line":90,"column":13},"end":{"line":90,"column":60}},"36":{"start":{"line":91,"column":23},"end":{"line":91,"column":118}},"37":{"start":{"line":91,"column":107},"end":{"line":91,"column":117}},"38":{"start":{"line":92,"column":22},"end":{"line":92,"column":65}},"39":{"start":{"line":92,"column":48},"end":{"line":92,"column":64}},"40":{"start":{"line":94,"column":2},"end":{"line":96,"column":3}},"41":{"start":{"line":95,"column":4},"end":{"line":95,"column":107}},"42":{"start":{"line":97,"column":2},"end":{"line":97,"column":9}},"43":{"start":{"line":99,"column":0},"end":{"line":99,"column":23}},"44":{"start":{"line":100,"column":12},"end":{"line":100,"column":26}},"45":{"start":{"line":101,"column":0},"end":{"line":101,"column":15}},"46":{"start":{"line":102,"column":0},"end":{"line":102,"column":27}},"47":{"start":{"line":103,"column":0},"end":{"line":103,"column":41}},"48":{"start":{"line":104,"column":0},"end":{"line":104,"column":63}},"49":{"start":{"line":105,"column":0},"end":{"line":105,"column":24}},"50":{"start":{"line":108,"column":0},"end":{"line":116,"column":3}},"51":{"start":{"line":109,"column":16},"end":{"line":109,"column":32}},"52":{"start":{"line":110,"column":2},"end":{"line":114,"column":5}},"53":{"start":{"line":111,"column":20},"end":{"line":111,"column":41}},"54":{"start":{"line":112,"column":15},"end":{"line":112,"column":64}},"55":{"start":{"line":113,"column":4},"end":{"line":113,"column":80}},"56":{"start":{"line":113,"column":18},"end":{"line":113,"column":80}},"57":{"start":{"line":115,"column":2},"end":{"line":115,"column":9}},"58":{"start":{"line":119,"column":17},"end":{"line":119,"column":26}},"59":{"start":{"line":120,"column":18},"end":{"line":120,"column":23}},"60":{"start":{"line":123,"column":16},"end":{"line":123,"column":33}},"61":{"start":{"line":124,"column":2},"end":{"line":124,"column":70}},"62":{"start":{"line":124,"column":52},"end":{"line":124,"column":70}},"63":{"start":{"line":125,"column":15},"end":{"line":125,"column":24}},"64":{"start":{"line":126,"column":2},"end":{"line":126,"column":48}},"65":{"start":{"line":127,"column":2},"end":{"line":127,"column":14}},"66":{"start":{"line":131,"column":20},"end":{"line":140,"column":1}},"67":{"start":{"line":132,"column":16},"end":{"line":132,"column":39}},"68":{"start":{"line":133,"column":2},"end":{"line":133,"column":94}},"69":{"start":{"line":133,"column":14},"end":{"line":133,"column":94}},"70":{"start":{"line":134,"column":2},"end":{"line":139,"column":3}},"71":{"start":{"line":135,"column":4},"end":{"line":135,"column":83}},"72":{"start":{"line":136,"column":4},"end":{"line":136,"column":11}},"73":{"start":{"line":138,"column":4},"end":{"line":138,"column":71}},"74":{"start":{"line":144,"column":24},"end":{"line":144,"column":28}},"75":{"start":{"line":146,"column":2},"end":{"line":146,"column":50}},"76":{"start":{"line":146,"column":25},"end":{"line":146,"column":50}},"77":{"start":{"line":147,"column":2},"end":{"line":147,"column":25}},"78":{"start":{"line":148,"column":2},"end":{"line":153,"column":3}},"79":{"start":{"line":149,"column":4},"end":{"line":152,"column":7}},"80":{"start":{"line":150,"column":18},"end":{"line":150,"column":40}},"81":{"start":{"line":151,"column":6},"end":{"line":151,"column":62}},"82":{"start":{"line":155,"column":2},"end":{"line":155,"column":56}},"83":{"start":{"line":156,"column":2},"end":{"line":156,"column":27}},"84":{"start":{"line":159,"column":0},"end":{"line":170,"column":3}},"85":{"start":{"line":160,"column":33},"end":{"line":160,"column":41}},"86":{"start":{"line":161,"column":16},"end":{"line":161,"column":37}},"87":{"start":{"line":162,"column":23},"end":{"line":162,"column":53}},"88":{"start":{"line":163,"column":2},"end":{"line":169,"column":3}},"89":{"start":{"line":164,"column":18},"end":{"line":164,"column":132}},"90":{"start":{"line":165,"column":4},"end":{"line":165,"column":104}},"91":{"start":{"line":166,"column":4},"end":{"line":166,"column":32}},"92":{"start":{"line":168,"column":4},"end":{"line":168,"column":123}},"93":{"start":{"line":173,"column":18},"end":{"line":181,"column":1}},"94":{"start":{"line":174,"column":2},"end":{"line":174,"column":73}},"95":{"start":{"line":174,"column":32},"end":{"line":174,"column":73}},"96":{"start":{"line":175,"column":2},"end":{"line":180,"column":3}},"97":{"start":{"line":176,"column":4},"end":{"line":176,"column":89}},"98":{"start":{"line":177,"column":4},"end":{"line":177,"column":11}},"99":{"start":{"line":179,"column":4},"end":{"line":179,"column":38}},"100":{"start":{"line":183,"column":0},"end":{"line":183,"column":111}},"101":{"start":{"line":183,"column":47},"end":{"line":183,"column":109}},"102":{"start":{"line":184,"column":0},"end":{"line":184,"column":116}},"103":{"start":{"line":184,"column":52},"end":{"line":184,"column":114}},"104":{"start":{"line":187,"column":0},"end":{"line":191,"column":4}},"105":{"start":{"line":194,"column":21},"end":{"line":194,"column":50}},"106":{"start":{"line":195,"column":22},"end":{"line":199,"column":2}},"107":{"start":{"line":200,"column":19},"end":{"line":204,"column":2}},"108":{"start":{"line":205,"column":23},"end":{"line":209,"column":2}},"109":{"start":{"line":210,"column":0},"end":{"line":210,"column":23}},"110":{"start":{"line":211,"column":0},"end":{"line":211,"column":29}},"111":{"start":{"line":212,"column":0},"end":{"line":212,"column":40}},"112":{"start":{"line":215,"column":23},"end":{"line":218,"column":1}},"113":{"start":{"line":216,"column":2},"end":{"line":216,"column":42}},"114":{"start":{"line":216,"column":31},"end":{"line":216,"column":42}},"115":{"start":{"line":217,"column":2},"end":{"line":217,"column":58}},"116":{"start":{"line":219,"column":17},"end":{"line":225,"column":1}},"117":{"start":{"line":220,"column":17},"end":{"line":220,"column":38}},"118":{"start":{"line":221,"column":2},"end":{"line":223,"column":3}},"119":{"start":{"line":222,"column":4},"end":{"line":222,"column":76}},"120":{"start":{"line":224,"column":2},"end":{"line":224,"column":9}},"121":{"start":{"line":234,"column":20},"end":{"line":234,"column":22}},"122":{"start":{"line":238,"column":2},"end":{"line":279,"column":4}},"123":{"start":{"line":283,"column":2},"end":{"line":283,"column":89}},"124":{"start":{"line":290,"column":32},"end":{"line":323,"column":1}},"125":{"start":{"line":326,"column":20},"end":{"line":326,"column":22}},"126":{"start":{"line":327,"column":0},"end":{"line":329,"column":3}},"127":{"start":{"line":328,"column":2},"end":{"line":328,"column":47}},"128":{"start":{"line":332,"column":29},"end":{"line":349,"column":1}},"129":{"start":{"line":352,"column":0},"end":{"line":374,"column":3}},"130":{"start":{"line":353,"column":2},"end":{"line":373,"column":4}},"131":{"start":{"line":377,"column":16},"end":{"line":377,"column":54}},"132":{"start":{"line":378,"column":19},"end":{"line":378,"column":52}},"133":{"start":{"line":380,"column":2},"end":{"line":390,"column":5}},"134":{"start":{"line":381,"column":4},"end":{"line":389,"column":5}},"135":{"start":{"line":382,"column":20},"end":{"line":382,"column":44}},"136":{"start":{"line":383,"column":6},"end":{"line":383,"column":34}},"137":{"start":{"line":384,"column":6},"end":{"line":384,"column":34}},"138":{"start":{"line":385,"column":6},"end":{"line":385,"column":37}},"139":{"start":{"line":386,"column":6},"end":{"line":386,"column":32}},"140":{"start":{"line":387,"column":6},"end":{"line":387,"column":28}},"141":{"start":{"line":388,"column":6},"end":{"line":388,"column":97}},"142":{"start":{"line":394,"column":2},"end":{"line":416,"column":5}},"143":{"start":{"line":395,"column":4},"end":{"line":415,"column":5}},"144":{"start":{"line":396,"column":19},"end":{"line":396,"column":43}},"145":{"start":{"line":397,"column":20},"end":{"line":397,"column":38}},"146":{"start":{"line":400,"column":6},"end":{"line":400,"column":37}},"147":{"start":{"line":401,"column":6},"end":{"line":401,"column":37}},"148":{"start":{"line":402,"column":6},"end":{"line":402,"column":39}},"149":{"start":{"line":403,"column":6},"end":{"line":403,"column":43}},"150":{"start":{"line":404,"column":6},"end":{"line":404,"column":39}},"151":{"start":{"line":405,"column":6},"end":{"line":405,"column":43}},"152":{"start":{"line":406,"column":6},"end":{"line":406,"column":33}},"153":{"start":{"line":407,"column":6},"end":{"line":407,"column":33}},"154":{"start":{"line":408,"column":6},"end":{"line":408,"column":54}},"155":{"start":{"line":409,"column":6},"end":{"line":409,"column":43}},"156":{"start":{"line":410,"column":6},"end":{"line":410,"column":49}},"157":{"start":{"line":413,"column":6},"end":{"line":413,"column":58}},"158":{"start":{"line":414,"column":6},"end":{"line":414,"column":110}},"159":{"start":{"line":421,"column":28},"end":{"line":451,"column":1}},"160":{"start":{"line":455,"column":2},"end":{"line":455,"column":18}},"161":{"start":{"line":455,"column":11},"end":{"line":455,"column":18}},"162":{"start":{"line":456,"column":2},"end":{"line":473,"column":3}},"163":{"start":{"line":457,"column":24},"end":{"line":457,"column":34}},"164":{"start":{"line":458,"column":4},"end":{"line":461,"column":7}},"165":{"start":{"line":459,"column":21},"end":{"line":459,"column":60}},"166":{"start":{"line":460,"column":6},"end":{"line":460,"column":50}},"167":{"start":{"line":463,"column":24},"end":{"line":463,"column":34}},"168":{"start":{"line":464,"column":4},"end":{"line":467,"column":7}},"169":{"start":{"line":465,"column":21},"end":{"line":465,"column":60}},"170":{"start":{"line":466,"column":6},"end":{"line":466,"column":50}},"171":{"start":{"line":469,"column":4},"end":{"line":469,"column":68}},"172":{"start":{"line":470,"column":4},"end":{"line":470,"column":80}},"173":{"start":{"line":472,"column":4},"end":{"line":472,"column":58}},"174":{"start":{"line":477,"column":2},"end":{"line":477,"column":18}},"175":{"start":{"line":477,"column":11},"end":{"line":477,"column":18}},"176":{"start":{"line":478,"column":2},"end":{"line":496,"column":3}},"177":{"start":{"line":479,"column":23},"end":{"line":479,"column":65}},"178":{"start":{"line":480,"column":4},"end":{"line":485,"column":7}},"179":{"start":{"line":481,"column":6},"end":{"line":484,"column":7}},"180":{"start":{"line":483,"column":8},"end":{"line":483,"column":76}},"181":{"start":{"line":487,"column":23},"end":{"line":487,"column":65}},"182":{"start":{"line":488,"column":4},"end":{"line":492,"column":7}},"183":{"start":{"line":489,"column":6},"end":{"line":491,"column":7}},"184":{"start":{"line":490,"column":8},"end":{"line":490,"column":76}},"185":{"start":{"line":493,"column":4},"end":{"line":493,"column":70}},"186":{"start":{"line":495,"column":4},"end":{"line":495,"column":58}},"187":{"start":{"line":500,"column":0},"end":{"line":500,"column":18}},"188":{"start":{"line":501,"column":0},"end":{"line":503,"column":1}},"189":{"start":{"line":502,"column":2},"end":{"line":502,"column":38}},"190":{"start":{"line":509,"column":2},"end":{"line":540,"column":5}},"191":{"start":{"line":510,"column":23},"end":{"line":510,"column":41}},"192":{"start":{"line":511,"column":4},"end":{"line":511,"column":42}},"193":{"start":{"line":511,"column":35},"end":{"line":511,"column":42}},"194":{"start":{"line":514,"column":4},"end":{"line":514,"column":66}},"195":{"start":{"line":515,"column":4},"end":{"line":515,"column":70}},"196":{"start":{"line":518,"column":4},"end":{"line":533,"column":5}},"197":{"start":{"line":519,"column":19},"end":{"line":519,"column":43}},"198":{"start":{"line":520,"column":6},"end":{"line":520,"column":42}},"199":{"start":{"line":521,"column":6},"end":{"line":521,"column":42}},"200":{"start":{"line":522,"column":6},"end":{"line":522,"column":44}},"201":{"start":{"line":523,"column":6},"end":{"line":523,"column":48}},"202":{"start":{"line":524,"column":6},"end":{"line":524,"column":44}},"203":{"start":{"line":525,"column":6},"end":{"line":525,"column":48}},"204":{"start":{"line":526,"column":6},"end":{"line":526,"column":38}},"205":{"start":{"line":527,"column":6},"end":{"line":527,"column":38}},"206":{"start":{"line":528,"column":6},"end":{"line":528,"column":48}},"207":{"start":{"line":529,"column":6},"end":{"line":529,"column":56}},"208":{"start":{"line":532,"column":6},"end":{"line":532,"column":25}},"209":{"start":{"line":536,"column":4},"end":{"line":536,"column":61}},"210":{"start":{"line":539,"column":4},"end":{"line":539,"column":71}},"211":{"start":{"line":544,"column":17},"end":{"line":544,"column":19}},"212":{"start":{"line":545,"column":22},"end":{"line":545,"column":24}},"213":{"start":{"line":546,"column":0},"end":{"line":557,"column":1}},"214":{"start":{"line":546,"column":13},"end":{"line":546,"column":14}},"215":{"start":{"line":547,"column":19},"end":{"line":547,"column":36}},"216":{"start":{"line":548,"column":2},"end":{"line":556,"column":5}},"217":{"start":{"line":560,"column":11},"end":{"line":573,"column":1}},"218":{"start":{"line":576,"column":13},"end":{"line":576,"column":15}},"219":{"start":{"line":577,"column":21},"end":{"line":577,"column":25}},"220":{"start":{"line":580,"column":13},"end":{"line":580,"column":15}},"221":{"start":{"line":581,"column":21},"end":{"line":581,"column":22}},"222":{"start":{"line":584,"column":12},"end":{"line":584,"column":14}},"223":{"start":{"line":585,"column":0},"end":{"line":594,"column":1}},"224":{"start":{"line":585,"column":13},"end":{"line":585,"column":14}},"225":{"start":{"line":586,"column":2},"end":{"line":593,"column":5}},"226":{"start":{"line":597,"column":0},"end":{"line":597,"column":22}},"227":{"start":{"line":600,"column":16},"end":{"line":611,"column":1}},"228":{"start":{"line":619,"column":14},"end":{"line":619,"column":46}},"229":{"start":{"line":620,"column":21},"end":{"line":620,"column":39}},"230":{"start":{"line":621,"column":16},"end":{"line":621,"column":34}},"231":{"start":{"line":622,"column":2},"end":{"line":622,"column":35}},"232":{"start":{"line":622,"column":28},"end":{"line":622,"column":35}},"233":{"start":{"line":624,"column":18},"end":{"line":624,"column":89}},"234":{"start":{"line":625,"column":21},"end":{"line":625,"column":53}},"235":{"start":{"line":626,"column":21},"end":{"line":626,"column":54}},"236":{"start":{"line":628,"column":2},"end":{"line":642,"column":5}},"237":{"start":{"line":629,"column":4},"end":{"line":641,"column":5}},"238":{"start":{"line":631,"column":23},"end":{"line":631,"column":47}},"239":{"start":{"line":632,"column":6},"end":{"line":632,"column":82}},"240":{"start":{"line":633,"column":11},"end":{"line":641,"column":5}},"241":{"start":{"line":635,"column":20},"end":{"line":635,"column":58}},"242":{"start":{"line":636,"column":6},"end":{"line":636,"column":80}},"243":{"start":{"line":637,"column":11},"end":{"line":641,"column":5}},"244":{"start":{"line":639,"column":23},"end":{"line":639,"column":77}},"245":{"start":{"line":640,"column":6},"end":{"line":640,"column":76}},"246":{"start":{"line":645,"column":2},"end":{"line":656,"column":5}},"247":{"start":{"line":646,"column":4},"end":{"line":655,"column":5}},"248":{"start":{"line":647,"column":6},"end":{"line":647,"column":76}},"249":{"start":{"line":648,"column":6},"end":{"line":648,"column":81}},"250":{"start":{"line":649,"column":11},"end":{"line":655,"column":5}},"251":{"start":{"line":650,"column":6},"end":{"line":650,"column":70}},"252":{"start":{"line":651,"column":6},"end":{"line":651,"column":58}},"253":{"start":{"line":653,"column":6},"end":{"line":653,"column":57}},"254":{"start":{"line":654,"column":6},"end":{"line":654,"column":28}},"255":{"start":{"line":659,"column":2},"end":{"line":670,"column":5}},"256":{"start":{"line":660,"column":4},"end":{"line":669,"column":5}},"257":{"start":{"line":661,"column":6},"end":{"line":661,"column":56}},"258":{"start":{"line":662,"column":6},"end":{"line":662,"column":61}},"259":{"start":{"line":663,"column":11},"end":{"line":669,"column":5}},"260":{"start":{"line":664,"column":6},"end":{"line":664,"column":51}},"261":{"start":{"line":665,"column":6},"end":{"line":665,"column":55}},"262":{"start":{"line":667,"column":6},"end":{"line":667,"column":51}},"263":{"start":{"line":668,"column":6},"end":{"line":668,"column":55}},"264":{"start":{"line":673,"column":2},"end":{"line":678,"column":5}},"265":{"start":{"line":674,"column":17},"end":{"line":674,"column":55}},"266":{"start":{"line":674,"column":39},"end":{"line":674,"column":54}},"267":{"start":{"line":675,"column":26},"end":{"line":675,"column":48}},"268":{"start":{"line":676,"column":4},"end":{"line":676,"column":73}},"269":{"start":{"line":677,"column":4},"end":{"line":677,"column":89}},"270":{"start":{"line":681,"column":2},"end":{"line":681,"column":77}},"271":{"start":{"line":681,"column":57},"end":{"line":681,"column":72}},"272":{"start":{"line":683,"column":2},"end":{"line":683,"column":77}},"273":{"start":{"line":686,"column":2},"end":{"line":691,"column":5}},"274":{"start":{"line":692,"column":2},"end":{"line":692,"column":74}},"275":{"start":{"line":692,"column":43},"end":{"line":692,"column":74}},"276":{"start":{"line":696,"column":16},"end":{"line":696,"column":34}},"277":{"start":{"line":697,"column":2},"end":{"line":697,"column":21}},"278":{"start":{"line":697,"column":14},"end":{"line":697,"column":21}},"279":{"start":{"line":698,"column":2},"end":{"line":713,"column":5}},"280":{"start":{"line":700,"column":4},"end":{"line":712,"column":5}},"281":{"start":{"line":702,"column":24},"end":{"line":702,"column":116}},"282":{"start":{"line":702,"column":40},"end":{"line":702,"column":115}},"283":{"start":{"line":703,"column":6},"end":{"line":711,"column":7}},"284":{"start":{"line":704,"column":8},"end":{"line":704,"column":33}},"285":{"start":{"line":705,"column":8},"end":{"line":705,"column":40}},"286":{"start":{"line":706,"column":8},"end":{"line":706,"column":110}},"287":{"start":{"line":707,"column":8},"end":{"line":707,"column":29}},"288":{"start":{"line":709,"column":8},"end":{"line":709,"column":135}},"289":{"start":{"line":710,"column":8},"end":{"line":710,"column":64}},"290":{"start":{"line":717,"column":21},"end":{"line":717,"column":39}},"291":{"start":{"line":718,"column":2},"end":{"line":718,"column":165}},"292":{"start":{"line":718,"column":158},"end":{"line":718,"column":165}},"293":{"start":{"line":720,"column":2},"end":{"line":720,"column":47}},"294":{"start":{"line":722,"column":2},"end":{"line":725,"column":3}},"295":{"start":{"line":723,"column":6},"end":{"line":723,"column":26}},"296":{"start":{"line":724,"column":6},"end":{"line":724,"column":26}},"297":{"start":{"line":728,"column":2},"end":{"line":738,"column":3}},"298":{"start":{"line":729,"column":4},"end":{"line":737,"column":5}},"299":{"start":{"line":730,"column":6},"end":{"line":730,"column":38}},"300":{"start":{"line":731,"column":6},"end":{"line":731,"column":51}},"301":{"start":{"line":732,"column":6},"end":{"line":732,"column":121}},"302":{"start":{"line":733,"column":11},"end":{"line":737,"column":5}},"303":{"start":{"line":734,"column":6},"end":{"line":734,"column":39}},"304":{"start":{"line":735,"column":21},"end":{"line":735,"column":106}},"305":{"start":{"line":736,"column":6},"end":{"line":736,"column":82}},"306":{"start":{"line":740,"column":2},"end":{"line":758,"column":3}},"307":{"start":{"line":741,"column":21},"end":{"line":741,"column":54}},"308":{"start":{"line":742,"column":26},"end":{"line":742,"column":50}},"309":{"start":{"line":744,"column":6},"end":{"line":752,"column":7}},"310":{"start":{"line":746,"column":8},"end":{"line":747,"column":105}},"311":{"start":{"line":746,"column":36},"end":{"line":746,"column":128}},"312":{"start":{"line":747,"column":13},"end":{"line":747,"column":105}},"313":{"start":{"line":748,"column":13},"end":{"line":752,"column":7}},"314":{"start":{"line":750,"column":8},"end":{"line":751,"column":38}},"315":{"start":{"line":750,"column":36},"end":{"line":750,"column":61}},"316":{"start":{"line":751,"column":13},"end":{"line":751,"column":38}},"317":{"start":{"line":754,"column":23},"end":{"line":754,"column":73}},"318":{"start":{"line":755,"column":19},"end":{"line":755,"column":105}},"319":{"start":{"line":757,"column":6},"end":{"line":757,"column":63}},"320":{"start":{"line":762,"column":16},"end":{"line":770,"column":3}},"321":{"start":{"line":771,"column":2},"end":{"line":771,"column":24}},"322":{"start":{"line":772,"column":2},"end":{"line":772,"column":39}},"323":{"start":{"line":772,"column":26},"end":{"line":772,"column":39}},"324":{"start":{"line":773,"column":2},"end":{"line":774,"column":31}},"325":{"start":{"line":773,"column":11},"end":{"line":773,"column":56}},"326":{"start":{"line":774,"column":7},"end":{"line":774,"column":31}},"327":{"start":{"line":775,"column":2},"end":{"line":775,"column":15}},"328":{"start":{"line":779,"column":16},"end":{"line":779,"column":34}},"329":{"start":{"line":780,"column":2},"end":{"line":780,"column":21}},"330":{"start":{"line":780,"column":14},"end":{"line":780,"column":21}},"331":{"start":{"line":781,"column":21},"end":{"line":786,"column":3}},"332":{"start":{"line":788,"column":2},"end":{"line":791,"column":3}},"333":{"start":{"line":789,"column":14},"end":{"line":789,"column":71}},"334":{"start":{"line":790,"column":4},"end":{"line":790,"column":43}},"335":{"start":{"line":796,"column":2},"end":{"line":805,"column":5}},"336":{"start":{"line":797,"column":4},"end":{"line":804,"column":5}},"337":{"start":{"line":798,"column":6},"end":{"line":798,"column":65}},"338":{"start":{"line":799,"column":6},"end":{"line":803,"column":7}},"339":{"start":{"line":800,"column":8},"end":{"line":800,"column":31}},"340":{"start":{"line":801,"column":8},"end":{"line":801,"column":25}},"341":{"start":{"line":802,"column":8},"end":{"line":802,"column":72}},"342":{"start":{"line":810,"column":2},"end":{"line":819,"column":5}},"343":{"start":{"line":811,"column":4},"end":{"line":811,"column":23}},"344":{"start":{"line":812,"column":4},"end":{"line":812,"column":23}},"345":{"start":{"line":813,"column":4},"end":{"line":813,"column":30}},"346":{"start":{"line":814,"column":4},"end":{"line":814,"column":27}},"347":{"start":{"line":815,"column":18},"end":{"line":815,"column":38}},"348":{"start":{"line":816,"column":4},"end":{"line":818,"column":5}},"349":{"start":{"line":817,"column":6},"end":{"line":817,"column":58}},"350":{"start":{"line":820,"column":2},"end":{"line":820,"column":18}},"351":{"start":{"line":824,"column":0},"end":{"line":827,"column":1}},"352":{"start":{"line":825,"column":2},"end":{"line":825,"column":35}},"353":{"start":{"line":826,"column":2},"end":{"line":826,"column":35}},"354":{"start":{"line":835,"column":16},"end":{"line":835,"column":72}},"355":{"start":{"line":836,"column":21},"end":{"line":836,"column":77}},"356":{"start":{"line":838,"column":2},"end":{"line":838,"column":41}},"357":{"start":{"line":838,"column":29},"end":{"line":838,"column":41}},"358":{"start":{"line":840,"column":2},"end":{"line":849,"column":4}},"359":{"start":{"line":857,"column":0},"end":{"line":861,"column":3}},"360":{"start":{"line":858,"column":15},"end":{"line":858,"column":72}},"361":{"start":{"line":858,"column":48},"end":{"line":858,"column":71}},"362":{"start":{"line":859,"column":2},"end":{"line":859,"column":55}},"363":{"start":{"line":860,"column":2},"end":{"line":860,"column":36}},"364":{"start":{"line":864,"column":0},"end":{"line":870,"column":3}},"365":{"start":{"line":865,"column":14},"end":{"line":865,"column":56}},"366":{"start":{"line":866,"column":2},"end":{"line":869,"column":5}},"367":{"start":{"line":871,"column":0},"end":{"line":877,"column":3}},"368":{"start":{"line":872,"column":14},"end":{"line":872,"column":56}},"369":{"start":{"line":873,"column":2},"end":{"line":876,"column":5}},"370":{"start":{"line":878,"column":0},"end":{"line":889,"column":3}},"371":{"start":{"line":879,"column":33},"end":{"line":879,"column":41}},"372":{"start":{"line":880,"column":14},"end":{"line":880,"column":46}},"373":{"start":{"line":881,"column":2},"end":{"line":888,"column":3}},"374":{"start":{"line":882,"column":4},"end":{"line":882,"column":47}},"375":{"start":{"line":883,"column":4},"end":{"line":883,"column":36}},"376":{"start":{"line":883,"column":17},"end":{"line":883,"column":36}},"377":{"start":{"line":884,"column":4},"end":{"line":884,"column":69}},"378":{"start":{"line":885,"column":4},"end":{"line":885,"column":75}},"379":{"start":{"line":887,"column":4},"end":{"line":887,"column":75}},"380":{"start":{"line":891,"column":0},"end":{"line":906,"column":3}},"381":{"start":{"line":892,"column":14},"end":{"line":892,"column":27}},"382":{"start":{"line":893,"column":2},"end":{"line":905,"column":3}},"383":{"start":{"line":894,"column":4},"end":{"line":894,"column":64}},"384":{"start":{"line":897,"column":4},"end":{"line":899,"column":5}},"385":{"start":{"line":898,"column":6},"end":{"line":898,"column":53}},"386":{"start":{"line":901,"column":4},"end":{"line":901,"column":71}},"387":{"start":{"line":902,"column":4},"end":{"line":902,"column":58}},"388":{"start":{"line":904,"column":4},"end":{"line":904,"column":75}},"389":{"start":{"line":908,"column":0},"end":{"line":911,"column":3}},"390":{"start":{"line":909,"column":14},"end":{"line":909,"column":56}},"391":{"start":{"line":910,"column":2},"end":{"line":910,"column":69}},"392":{"start":{"line":913,"column":0},"end":{"line":916,"column":3}},"393":{"start":{"line":914,"column":14},"end":{"line":914,"column":56}},"394":{"start":{"line":915,"column":2},"end":{"line":915,"column":69}},"395":{"start":{"line":918,"column":0},"end":{"line":931,"column":3}},"396":{"start":{"line":919,"column":14},"end":{"line":919,"column":55}},"397":{"start":{"line":920,"column":16},"end":{"line":920,"column":34}},"398":{"start":{"line":921,"column":23},"end":{"line":921,"column":31}},"399":{"start":{"line":922,"column":2},"end":{"line":929,"column":3}},"400":{"start":{"line":923,"column":18},"end":{"line":923,"column":43}},"401":{"start":{"line":924,"column":4},"end":{"line":924,"column":30}},"402":{"start":{"line":925,"column":4},"end":{"line":927,"column":7}},"403":{"start":{"line":926,"column":6},"end":{"line":926,"column":50}},"404":{"start":{"line":928,"column":4},"end":{"line":928,"column":104}},"405":{"start":{"line":930,"column":2},"end":{"line":930,"column":58}},"406":{"start":{"line":935,"column":0},"end":{"line":970,"column":3}},"407":{"start":{"line":936,"column":32},"end":{"line":936,"column":40}},"408":{"start":{"line":937,"column":14},"end":{"line":937,"column":46}},"409":{"start":{"line":938,"column":21},"end":{"line":938,"column":39}},"410":{"start":{"line":939,"column":2},"end":{"line":939,"column":66}},"411":{"start":{"line":939,"column":19},"end":{"line":939,"column":66}},"412":{"start":{"line":941,"column":2},"end":{"line":967,"column":3}},"413":{"start":{"line":943,"column":6},"end":{"line":943,"column":39}},"414":{"start":{"line":944,"column":6},"end":{"line":944,"column":56}},"415":{"start":{"line":944,"column":34},"end":{"line":944,"column":56}},"416":{"start":{"line":945,"column":6},"end":{"line":945,"column":78}},"417":{"start":{"line":946,"column":6},"end":{"line":946,"column":12}},"418":{"start":{"line":948,"column":6},"end":{"line":948,"column":37}},"419":{"start":{"line":949,"column":6},"end":{"line":949,"column":12}},"420":{"start":{"line":951,"column":6},"end":{"line":951,"column":40}},"421":{"start":{"line":952,"column":6},"end":{"line":952,"column":12}},"422":{"start":{"line":954,"column":6},"end":{"line":954,"column":39}},"423":{"start":{"line":956,"column":6},"end":{"line":962,"column":8}},"424":{"start":{"line":963,"column":6},"end":{"line":963,"column":46}},"425":{"start":{"line":963,"column":31},"end":{"line":963,"column":44}},"426":{"start":{"line":964,"column":6},"end":{"line":964,"column":76}},"427":{"start":{"line":964,"column":33},"end":{"line":964,"column":52}},"428":{"start":{"line":964,"column":53},"end":{"line":964,"column":72}},"429":{"start":{"line":965,"column":6},"end":{"line":965,"column":55}},"430":{"start":{"line":966,"column":6},"end":{"line":966,"column":12}},"431":{"start":{"line":968,"column":2},"end":{"line":968,"column":38}},"432":{"start":{"line":969,"column":2},"end":{"line":969,"column":48}},"433":{"start":{"line":973,"column":0},"end":{"line":989,"column":3}},"434":{"start":{"line":974,"column":53},"end":{"line":974,"column":61}},"435":{"start":{"line":975,"column":14},"end":{"line":975,"column":46}},"436":{"start":{"line":976,"column":21},"end":{"line":976,"column":39}},"437":{"start":{"line":977,"column":2},"end":{"line":977,"column":66}},"438":{"start":{"line":977,"column":19},"end":{"line":977,"column":66}},"439":{"start":{"line":979,"column":2},"end":{"line":979,"column":74}},"440":{"start":{"line":979,"column":31},"end":{"line":979,"column":74}},"441":{"start":{"line":980,"column":2},"end":{"line":980,"column":74}},"442":{"start":{"line":980,"column":31},"end":{"line":980,"column":74}},"443":{"start":{"line":981,"column":2},"end":{"line":981,"column":38}},"444":{"start":{"line":981,"column":13},"end":{"line":981,"column":38}},"445":{"start":{"line":983,"column":15},"end":{"line":983,"column":111}},"446":{"start":{"line":984,"column":2},"end":{"line":986,"column":3}},"447":{"start":{"line":985,"column":4},"end":{"line":985,"column":183}},"448":{"start":{"line":987,"column":2},"end":{"line":987,"column":59}},"449":{"start":{"line":988,"column":2},"end":{"line":988,"column":48}},"450":{"start":{"line":992,"column":0},"end":{"line":1005,"column":3}},"451":{"start":{"line":993,"column":45},"end":{"line":993,"column":53}},"452":{"start":{"line":994,"column":14},"end":{"line":994,"column":46}},"453":{"start":{"line":995,"column":21},"end":{"line":995,"column":39}},"454":{"start":{"line":996,"column":2},"end":{"line":996,"column":66}},"455":{"start":{"line":996,"column":19},"end":{"line":996,"column":66}},"456":{"start":{"line":998,"column":2},"end":{"line":998,"column":41}},"457":{"start":{"line":998,"column":13},"end":{"line":998,"column":41}},"458":{"start":{"line":999,"column":2},"end":{"line":999,"column":41}},"459":{"start":{"line":999,"column":13},"end":{"line":999,"column":41}},"460":{"start":{"line":1000,"column":2},"end":{"line":1000,"column":38}},"461":{"start":{"line":1000,"column":13},"end":{"line":1000,"column":38}},"462":{"start":{"line":1002,"column":2},"end":{"line":1002,"column":59}},"463":{"start":{"line":1003,"column":2},"end":{"line":1003,"column":125}},"464":{"start":{"line":1004,"column":2},"end":{"line":1004,"column":48}},"465":{"start":{"line":1008,"column":0},"end":{"line":1010,"column":3}},"466":{"start":{"line":1009,"column":2},"end":{"line":1009,"column":48}},"467":{"start":{"line":1012,"column":24},"end":{"line":1012,"column":33}},"468":{"start":{"line":1013,"column":0},"end":{"line":1049,"column":3}},"469":{"start":{"line":1014,"column":17},"end":{"line":1014,"column":69}},"470":{"start":{"line":1015,"column":2},"end":{"line":1017,"column":3}},"471":{"start":{"line":1016,"column":4},"end":{"line":1016,"column":132}},"472":{"start":{"line":1019,"column":32},"end":{"line":1019,"column":40}},"473":{"start":{"line":1020,"column":2},"end":{"line":1022,"column":3}},"474":{"start":{"line":1021,"column":4},"end":{"line":1021,"column":97}},"475":{"start":{"line":1024,"column":15},"end":{"line":1024,"column":52}},"476":{"start":{"line":1024,"column":36},"end":{"line":1024,"column":51}},"477":{"start":{"line":1025,"column":2},"end":{"line":1025,"column":86}},"478":{"start":{"line":1025,"column":13},"end":{"line":1025,"column":86}},"479":{"start":{"line":1026,"column":2},"end":{"line":1028,"column":3}},"480":{"start":{"line":1027,"column":4},"end":{"line":1027,"column":75}},"481":{"start":{"line":1030,"column":2},"end":{"line":1030,"column":23}},"482":{"start":{"line":1031,"column":2},"end":{"line":1031,"column":57}},"483":{"start":{"line":1031,"column":36},"end":{"line":1031,"column":57}},"484":{"start":{"line":1033,"column":14},"end":{"line":1033,"column":56}},"485":{"start":{"line":1034,"column":16},"end":{"line":1034,"column":72}},"486":{"start":{"line":1036,"column":17},"end":{"line":1043,"column":3}},"487":{"start":{"line":1045,"column":2},"end":{"line":1045,"column":34}},"488":{"start":{"line":1046,"column":2},"end":{"line":1046,"column":30}},"489":{"start":{"line":1048,"column":2},"end":{"line":1048,"column":44}},"490":{"start":{"line":1051,"column":0},"end":{"line":1057,"column":3}},"491":{"start":{"line":1052,"column":21},"end":{"line":1052,"column":29}},"492":{"start":{"line":1053,"column":15},"end":{"line":1053,"column":52}},"493":{"start":{"line":1053,"column":36},"end":{"line":1053,"column":51}},"494":{"start":{"line":1054,"column":2},"end":{"line":1054,"column":86}},"495":{"start":{"line":1054,"column":13},"end":{"line":1054,"column":86}},"496":{"start":{"line":1055,"column":2},"end":{"line":1055,"column":19}},"497":{"start":{"line":1056,"column":2},"end":{"line":1056,"column":42}},"498":{"start":{"line":1060,"column":0},"end":{"line":1062,"column":3}},"499":{"start":{"line":1061,"column":2},"end":{"line":1061,"column":42}},"500":{"start":{"line":1064,"column":0},"end":{"line":1068,"column":3}},"501":{"start":{"line":1065,"column":14},"end":{"line":1065,"column":56}},"502":{"start":{"line":1066,"column":16},"end":{"line":1066,"column":34}},"503":{"start":{"line":1067,"column":2},"end":{"line":1067,"column":62}},"504":{"start":{"line":1070,"column":0},"end":{"line":1120,"column":3}},"505":{"start":{"line":1071,"column":57},"end":{"line":1071,"column":65}},"506":{"start":{"line":1072,"column":2},"end":{"line":1074,"column":3}},"507":{"start":{"line":1073,"column":4},"end":{"line":1073,"column":81}},"508":{"start":{"line":1076,"column":14},"end":{"line":1076,"column":69}},"509":{"start":{"line":1077,"column":16},"end":{"line":1077,"column":72}},"510":{"start":{"line":1078,"column":2},"end":{"line":1078,"column":90}},"511":{"start":{"line":1078,"column":14},"end":{"line":1078,"column":90}},"512":{"start":{"line":1080,"column":21},"end":{"line":1082,"column":73}},"513":{"start":{"line":1081,"column":34},"end":{"line":1081,"column":55}},"514":{"start":{"line":1082,"column":34},"end":{"line":1082,"column":72}},"515":{"start":{"line":1084,"column":2},"end":{"line":1086,"column":3}},"516":{"start":{"line":1085,"column":4},"end":{"line":1085,"column":92}},"517":{"start":{"line":1088,"column":14},"end":{"line":1088,"column":15}},"518":{"start":{"line":1089,"column":20},"end":{"line":1089,"column":21}},"519":{"start":{"line":1090,"column":21},"end":{"line":1096,"column":20}},"520":{"start":{"line":1091,"column":21},"end":{"line":1091,"column":53}},"521":{"start":{"line":1091,"column":36},"end":{"line":1091,"column":52}},"522":{"start":{"line":1092,"column":4},"end":{"line":1092,"column":31}},"523":{"start":{"line":1092,"column":19},"end":{"line":1092,"column":31}},"524":{"start":{"line":1093,"column":4},"end":{"line":1093,"column":46}},"525":{"start":{"line":1094,"column":4},"end":{"line":1094,"column":59}},"526":{"start":{"line":1095,"column":4},"end":{"line":1095,"column":47}},"527":{"start":{"line":1098,"column":16},"end":{"line":1110,"column":3}},"528":{"start":{"line":1112,"column":2},"end":{"line":1112,"column":21}},"529":{"start":{"line":1113,"column":2},"end":{"line":1113,"column":19}},"530":{"start":{"line":1114,"column":2},"end":{"line":1114,"column":30}},"531":{"start":{"line":1115,"column":2},"end":{"line":1115,"column":26}},"532":{"start":{"line":1116,"column":2},"end":{"line":1116,"column":34}},"533":{"start":{"line":1118,"column":2},"end":{"line":1118,"column":30}},"534":{"start":{"line":1119,"column":2},"end":{"line":1119,"column":43}},"535":{"start":{"line":1122,"column":0},"end":{"line":1124,"column":3}},"536":{"start":{"line":1123,"column":2},"end":{"line":1123,"column":65}},"537":{"start":{"line":1126,"column":0},"end":{"line":1130,"column":3}},"538":{"start":{"line":1127,"column":16},"end":{"line":1127,"column":56}},"539":{"start":{"line":1127,"column":33},"end":{"line":1127,"column":55}},"540":{"start":{"line":1128,"column":2},"end":{"line":1128,"column":88}},"541":{"start":{"line":1128,"column":14},"end":{"line":1128,"column":88}},"542":{"start":{"line":1129,"column":2},"end":{"line":1129,"column":43}},"543":{"start":{"line":1132,"column":0},"end":{"line":1145,"column":3}},"544":{"start":{"line":1133,"column":16},"end":{"line":1133,"column":56}},"545":{"start":{"line":1133,"column":33},"end":{"line":1133,"column":55}},"546":{"start":{"line":1134,"column":2},"end":{"line":1134,"column":88}},"547":{"start":{"line":1134,"column":14},"end":{"line":1134,"column":88}},"548":{"start":{"line":1135,"column":2},"end":{"line":1135,"column":29}},"549":{"start":{"line":1136,"column":2},"end":{"line":1136,"column":19}},"550":{"start":{"line":1137,"column":14},"end":{"line":1137,"column":78}},"551":{"start":{"line":1138,"column":16},"end":{"line":1138,"column":72}},"552":{"start":{"line":1139,"column":2},"end":{"line":1142,"column":3}},"553":{"start":{"line":1140,"column":23},"end":{"line":1140,"column":79}},"554":{"start":{"line":1140,"column":51},"end":{"line":1140,"column":78}},"555":{"start":{"line":1141,"column":4},"end":{"line":1141,"column":91}},"556":{"start":{"line":1141,"column":20},"end":{"line":1141,"column":91}},"557":{"start":{"line":1143,"column":2},"end":{"line":1143,"column":33}},"558":{"start":{"line":1144,"column":2},"end":{"line":1144,"column":43}},"559":{"start":{"line":1148,"column":0},"end":{"line":1167,"column":3}},"560":{"start":{"line":1149,"column":14},"end":{"line":1149,"column":56}},"561":{"start":{"line":1150,"column":16},"end":{"line":1150,"column":34}},"562":{"start":{"line":1151,"column":2},"end":{"line":1151,"column":62}},"563":{"start":{"line":1151,"column":14},"end":{"line":1151,"column":62}},"564":{"start":{"line":1153,"column":23},"end":{"line":1153,"column":32}},"565":{"start":{"line":1154,"column":16},"end":{"line":1154,"column":27}},"566":{"start":{"line":1155,"column":19},"end":{"line":1155,"column":79}},"567":{"start":{"line":1155,"column":44},"end":{"line":1155,"column":75}},"568":{"start":{"line":1157,"column":17},"end":{"line":1160,"column":3}},"569":{"start":{"line":1162,"column":2},"end":{"line":1166,"column":6}},"570":{"start":{"line":1165,"column":42},"end":{"line":1165,"column":61}},"571":{"start":{"line":1165,"column":72},"end":{"line":1165,"column":76}},"572":{"start":{"line":1170,"column":0},"end":{"line":1174,"column":3}},"573":{"start":{"line":1171,"column":14},"end":{"line":1171,"column":33}},"574":{"start":{"line":1172,"column":19},"end":{"line":1172,"column":89}},"575":{"start":{"line":1172,"column":44},"end":{"line":1172,"column":79}},"576":{"start":{"line":1173,"column":2},"end":{"line":1173,"column":46}},"577":{"start":{"line":1176,"column":0},"end":{"line":1181,"column":3}},"578":{"start":{"line":1177,"column":16},"end":{"line":1177,"column":66}},"579":{"start":{"line":1177,"column":33},"end":{"line":1177,"column":65}},"580":{"start":{"line":1178,"column":2},"end":{"line":1178,"column":88}},"581":{"start":{"line":1178,"column":14},"end":{"line":1178,"column":88}},"582":{"start":{"line":1179,"column":2},"end":{"line":1179,"column":28}},"583":{"start":{"line":1180,"column":2},"end":{"line":1180,"column":43}},"584":{"start":{"line":1183,"column":0},"end":{"line":1187,"column":3}},"585":{"start":{"line":1184,"column":36},"end":{"line":1184,"column":44}},"586":{"start":{"line":1185,"column":16},"end":{"line":1185,"column":69}},"587":{"start":{"line":1186,"column":2},"end":{"line":1186,"column":43}},"588":{"start":{"line":1190,"column":0},"end":{"line":1194,"column":3}},"589":{"start":{"line":1191,"column":14},"end":{"line":1191,"column":33}},"590":{"start":{"line":1192,"column":19},"end":{"line":1192,"column":87}},"591":{"start":{"line":1192,"column":43},"end":{"line":1192,"column":78}},"592":{"start":{"line":1193,"column":2},"end":{"line":1193,"column":46}},"593":{"start":{"line":1196,"column":0},"end":{"line":1210,"column":3}},"594":{"start":{"line":1197,"column":31},"end":{"line":1197,"column":39}},"595":{"start":{"line":1198,"column":2},"end":{"line":1198,"column":103}},"596":{"start":{"line":1198,"column":22},"end":{"line":1198,"column":103}},"597":{"start":{"line":1200,"column":19},"end":{"line":1204,"column":3}},"598":{"start":{"line":1205,"column":2},"end":{"line":1205,"column":23}},"599":{"start":{"line":1206,"column":2},"end":{"line":1206,"column":22}},"600":{"start":{"line":1208,"column":2},"end":{"line":1208,"column":36}},"601":{"start":{"line":1209,"column":2},"end":{"line":1209,"column":46}},"602":{"start":{"line":1212,"column":0},"end":{"line":1220,"column":3}},"603":{"start":{"line":1213,"column":14},"end":{"line":1213,"column":60}},"604":{"start":{"line":1213,"column":36},"end":{"line":1213,"column":59}},"605":{"start":{"line":1214,"column":2},"end":{"line":1214,"column":89}},"606":{"start":{"line":1214,"column":15},"end":{"line":1214,"column":89}},"607":{"start":{"line":1216,"column":23},"end":{"line":1216,"column":46}},"608":{"start":{"line":1217,"column":2},"end":{"line":1217,"column":49}},"609":{"start":{"line":1217,"column":19},"end":{"line":1217,"column":49}},"610":{"start":{"line":1218,"column":2},"end":{"line":1218,"column":42}},"611":{"start":{"line":1219,"column":2},"end":{"line":1219,"column":30}},"612":{"start":{"line":1222,"column":0},"end":{"line":1233,"column":3}},"613":{"start":{"line":1223,"column":12},"end":{"line":1223,"column":53}},"614":{"start":{"line":1223,"column":29},"end":{"line":1223,"column":52}},"615":{"start":{"line":1224,"column":2},"end":{"line":1224,"column":84}},"616":{"start":{"line":1224,"column":10},"end":{"line":1224,"column":84}},"617":{"start":{"line":1225,"column":25},"end":{"line":1225,"column":33}},"618":{"start":{"line":1226,"column":2},"end":{"line":1226,"column":26}},"619":{"start":{"line":1227,"column":2},"end":{"line":1227,"column":26}},"620":{"start":{"line":1228,"column":2},"end":{"line":1228,"column":47}},"621":{"start":{"line":1229,"column":2},"end":{"line":1229,"column":15}},"622":{"start":{"line":1230,"column":2},"end":{"line":1230,"column":86}},"623":{"start":{"line":1231,"column":2},"end":{"line":1231,"column":29}},"624":{"start":{"line":1232,"column":2},"end":{"line":1232,"column":39}},"625":{"start":{"line":1235,"column":0},"end":{"line":1244,"column":3}},"626":{"start":{"line":1236,"column":12},"end":{"line":1236,"column":53}},"627":{"start":{"line":1236,"column":29},"end":{"line":1236,"column":52}},"628":{"start":{"line":1237,"column":2},"end":{"line":1237,"column":84}},"629":{"start":{"line":1237,"column":10},"end":{"line":1237,"column":84}},"630":{"start":{"line":1238,"column":2},"end":{"line":1238,"column":25}},"631":{"start":{"line":1239,"column":2},"end":{"line":1239,"column":27}},"632":{"start":{"line":1240,"column":2},"end":{"line":1240,"column":23}},"633":{"start":{"line":1241,"column":2},"end":{"line":1241,"column":15}},"634":{"start":{"line":1242,"column":2},"end":{"line":1242,"column":29}},"635":{"start":{"line":1243,"column":2},"end":{"line":1243,"column":39}},"636":{"start":{"line":1247,"column":0},"end":{"line":1266,"column":3}},"637":{"start":{"line":1248,"column":14},"end":{"line":1248,"column":56}},"638":{"start":{"line":1249,"column":16},"end":{"line":1249,"column":34}},"639":{"start":{"line":1250,"column":21},"end":{"line":1250,"column":39}},"640":{"start":{"line":1251,"column":2},"end":{"line":1251,"column":77}},"641":{"start":{"line":1251,"column":29},"end":{"line":1251,"column":77}},"642":{"start":{"line":1253,"column":23},"end":{"line":1253,"column":105}},"643":{"start":{"line":1253,"column":58},"end":{"line":1253,"column":74}},"644":{"start":{"line":1254,"column":2},"end":{"line":1265,"column":5}},"645":{"start":{"line":1261,"column":39},"end":{"line":1261,"column":95}},"646":{"start":{"line":1262,"column":39},"end":{"line":1262,"column":105}},"647":{"start":{"line":1263,"column":40},"end":{"line":1263,"column":105}},"648":{"start":{"line":1268,"column":0},"end":{"line":1270,"column":3}},"649":{"start":{"line":1269,"column":2},"end":{"line":1269,"column":60}},"650":{"start":{"line":1273,"column":0},"end":{"line":1294,"column":3}},"651":{"start":{"line":1274,"column":14},"end":{"line":1274,"column":56}},"652":{"start":{"line":1275,"column":16},"end":{"line":1275,"column":34}},"653":{"start":{"line":1276,"column":2},"end":{"line":1276,"column":62}},"654":{"start":{"line":1276,"column":14},"end":{"line":1276,"column":62}},"655":{"start":{"line":1278,"column":16},"end":{"line":1292,"column":4}},"656":{"start":{"line":1279,"column":17},"end":{"line":1279,"column":58}},"657":{"start":{"line":1279,"column":39},"end":{"line":1279,"column":57}},"658":{"start":{"line":1280,"column":23},"end":{"line":1280,"column":99}},"659":{"start":{"line":1281,"column":24},"end":{"line":1281,"column":45}},"660":{"start":{"line":1282,"column":4},"end":{"line":1291,"column":6}},"661":{"start":{"line":1290,"column":63},"end":{"line":1290,"column":103}},"662":{"start":{"line":1293,"column":2},"end":{"line":1293,"column":43}},"663":{"start":{"line":1297,"column":0},"end":{"line":1304,"column":3}},"664":{"start":{"line":1298,"column":2},"end":{"line":1303,"column":5}},"665":{"start":{"line":1309,"column":0},"end":{"line":1370,"column":3}},"666":{"start":{"line":1310,"column":32},"end":{"line":1310,"column":40}},"667":{"start":{"line":1311,"column":2},"end":{"line":1313,"column":3}},"668":{"start":{"line":1312,"column":4},"end":{"line":1312,"column":84}},"669":{"start":{"line":1315,"column":14},"end":{"line":1315,"column":15}},"670":{"start":{"line":1316,"column":20},"end":{"line":1316,"column":21}},"671":{"start":{"line":1317,"column":21},"end":{"line":1323,"column":20}},"672":{"start":{"line":1318,"column":21},"end":{"line":1318,"column":53}},"673":{"start":{"line":1318,"column":36},"end":{"line":1318,"column":52}},"674":{"start":{"line":1319,"column":4},"end":{"line":1319,"column":54}},"675":{"start":{"line":1319,"column":42},"end":{"line":1319,"column":54}},"676":{"start":{"line":1320,"column":4},"end":{"line":1320,"column":46}},"677":{"start":{"line":1321,"column":4},"end":{"line":1321,"column":59}},"678":{"start":{"line":1322,"column":4},"end":{"line":1322,"column":47}},"679":{"start":{"line":1325,"column":2},"end":{"line":1327,"column":3}},"680":{"start":{"line":1326,"column":4},"end":{"line":1326,"column":97}},"681":{"start":{"line":1330,"column":21},"end":{"line":1330,"column":67}},"682":{"start":{"line":1331,"column":2},"end":{"line":1331,"column":86}},"683":{"start":{"line":1334,"column":2},"end":{"line":1356,"column":3}},"684":{"start":{"line":1335,"column":4},"end":{"line":1355,"column":5}},"685":{"start":{"line":1336,"column":23},"end":{"line":1341,"column":8}},"686":{"start":{"line":1342,"column":6},"end":{"line":1342,"column":59}},"687":{"start":{"line":1343,"column":6},"end":{"line":1352,"column":9}},"688":{"start":{"line":1354,"column":6},"end":{"line":1354,"column":67}},"689":{"start":{"line":1359,"column":2},"end":{"line":1369,"column":5}},"690":{"start":{"line":1373,"column":0},"end":{"line":1427,"column":3}},"691":{"start":{"line":1374,"column":98},"end":{"line":1374,"column":106}},"692":{"start":{"line":1376,"column":18},"end":{"line":1376,"column":45}},"693":{"start":{"line":1377,"column":2},"end":{"line":1377,"column":100}},"694":{"start":{"line":1377,"column":16},"end":{"line":1377,"column":100}},"695":{"start":{"line":1380,"column":2},"end":{"line":1391,"column":3}},"696":{"start":{"line":1381,"column":4},"end":{"line":1383,"column":5}},"697":{"start":{"line":1382,"column":7},"end":{"line":1382,"column":109}},"698":{"start":{"line":1386,"column":17},"end":{"line":1386,"column":62}},"699":{"start":{"line":1387,"column":24},"end":{"line":1387,"column":99}},"700":{"start":{"line":1388,"column":4},"end":{"line":1390,"column":5}},"701":{"start":{"line":1389,"column":6},"end":{"line":1389,"column":137}},"702":{"start":{"line":1394,"column":14},"end":{"line":1394,"column":56}},"703":{"start":{"line":1395,"column":16},"end":{"line":1395,"column":34}},"704":{"start":{"line":1396,"column":21},"end":{"line":1397,"column":70}},"705":{"start":{"line":1396,"column":50},"end":{"line":1396,"column":96}},"706":{"start":{"line":1397,"column":50},"end":{"line":1397,"column":69}},"707":{"start":{"line":1398,"column":2},"end":{"line":1398,"column":101}},"708":{"start":{"line":1398,"column":19},"end":{"line":1398,"column":101}},"709":{"start":{"line":1400,"column":16},"end":{"line":1414,"column":3}},"710":{"start":{"line":1416,"column":2},"end":{"line":1416,"column":78}},"711":{"start":{"line":1418,"column":2},"end":{"line":1418,"column":21}},"712":{"start":{"line":1419,"column":2},"end":{"line":1419,"column":19}},"713":{"start":{"line":1420,"column":2},"end":{"line":1420,"column":30}},"714":{"start":{"line":1421,"column":2},"end":{"line":1421,"column":26}},"715":{"start":{"line":1422,"column":2},"end":{"line":1422,"column":40}},"716":{"start":{"line":1424,"column":2},"end":{"line":1424,"column":37}},"717":{"start":{"line":1425,"column":2},"end":{"line":1425,"column":30}},"718":{"start":{"line":1426,"column":2},"end":{"line":1426,"column":43}},"719":{"start":{"line":1431,"column":0},"end":{"line":1437,"column":3}},"720":{"start":{"line":1432,"column":15},"end":{"line":1432,"column":53}},"721":{"start":{"line":1432,"column":30},"end":{"line":1432,"column":52}},"722":{"start":{"line":1433,"column":2},"end":{"line":1433,"column":86}},"723":{"start":{"line":1433,"column":13},"end":{"line":1433,"column":86}},"724":{"start":{"line":1434,"column":2},"end":{"line":1434,"column":35}},"725":{"start":{"line":1435,"column":2},"end":{"line":1435,"column":31}},"726":{"start":{"line":1436,"column":2},"end":{"line":1436,"column":42}},"727":{"start":{"line":1440,"column":0},"end":{"line":1455,"column":3}},"728":{"start":{"line":1441,"column":53},"end":{"line":1441,"column":61}},"729":{"start":{"line":1442,"column":2},"end":{"line":1444,"column":3}},"730":{"start":{"line":1443,"column":4},"end":{"line":1443,"column":93}},"731":{"start":{"line":1445,"column":15},"end":{"line":1451,"column":3}},"732":{"start":{"line":1452,"column":2},"end":{"line":1452,"column":18}},"733":{"start":{"line":1453,"column":2},"end":{"line":1453,"column":31}},"734":{"start":{"line":1454,"column":2},"end":{"line":1454,"column":42}},"735":{"start":{"line":1458,"column":0},"end":{"line":1464,"column":3}},"736":{"start":{"line":1459,"column":14},"end":{"line":1459,"column":57}},"737":{"start":{"line":1459,"column":34},"end":{"line":1459,"column":56}},"738":{"start":{"line":1460,"column":2},"end":{"line":1460,"column":88}},"739":{"start":{"line":1460,"column":15},"end":{"line":1460,"column":88}},"740":{"start":{"line":1461,"column":20},"end":{"line":1461,"column":39}},"741":{"start":{"line":1462,"column":2},"end":{"line":1462,"column":31}},"742":{"start":{"line":1463,"column":2},"end":{"line":1463,"column":45}},"743":{"start":{"line":1468,"column":0},"end":{"line":1487,"column":3}},"744":{"start":{"line":1469,"column":32},"end":{"line":1469,"column":40}},"745":{"start":{"line":1470,"column":14},"end":{"line":1470,"column":46}},"746":{"start":{"line":1471,"column":16},"end":{"line":1471,"column":34}},"747":{"start":{"line":1473,"column":2},"end":{"line":1473,"column":89}},"748":{"start":{"line":1473,"column":15},"end":{"line":1473,"column":89}},"749":{"start":{"line":1474,"column":16},"end":{"line":1474,"column":72}},"750":{"start":{"line":1474,"column":33},"end":{"line":1474,"column":71}},"751":{"start":{"line":1475,"column":2},"end":{"line":1475,"column":101}},"752":{"start":{"line":1475,"column":14},"end":{"line":1475,"column":101}},"753":{"start":{"line":1476,"column":2},"end":{"line":1476,"column":114}},"754":{"start":{"line":1476,"column":36},"end":{"line":1476,"column":114}},"755":{"start":{"line":1477,"column":2},"end":{"line":1477,"column":134}},"756":{"start":{"line":1477,"column":36},"end":{"line":1477,"column":134}},"757":{"start":{"line":1479,"column":2},"end":{"line":1479,"column":29}},"758":{"start":{"line":1480,"column":2},"end":{"line":1480,"column":19}},"759":{"start":{"line":1481,"column":2},"end":{"line":1484,"column":3}},"760":{"start":{"line":1482,"column":23},"end":{"line":1482,"column":79}},"761":{"start":{"line":1482,"column":51},"end":{"line":1482,"column":78}},"762":{"start":{"line":1483,"column":4},"end":{"line":1483,"column":91}},"763":{"start":{"line":1483,"column":20},"end":{"line":1483,"column":91}},"764":{"start":{"line":1485,"column":2},"end":{"line":1485,"column":54}},"765":{"start":{"line":1486,"column":2},"end":{"line":1486,"column":86}},"766":{"start":{"line":1490,"column":0},"end":{"line":1536,"column":3}},"767":{"start":{"line":1491,"column":40},"end":{"line":1491,"column":49}},"768":{"start":{"line":1492,"column":14},"end":{"line":1492,"column":46}},"769":{"start":{"line":1493,"column":16},"end":{"line":1493,"column":72}},"770":{"start":{"line":1496,"column":18},"end":{"line":1496,"column":72}},"771":{"start":{"line":1496,"column":40},"end":{"line":1496,"column":53}},"772":{"start":{"line":1497,"column":19},"end":{"line":1497,"column":81}},"773":{"start":{"line":1497,"column":43},"end":{"line":1497,"column":63}},"774":{"start":{"line":1497,"column":74},"end":{"line":1497,"column":80}},"775":{"start":{"line":1498,"column":20},"end":{"line":1498,"column":64}},"776":{"start":{"line":1498,"column":44},"end":{"line":1498,"column":63}},"777":{"start":{"line":1500,"column":23},"end":{"line":1507,"column":3}},"778":{"start":{"line":1508,"column":15},"end":{"line":1508,"column":59}},"779":{"start":{"line":1509,"column":15},"end":{"line":1509,"column":86}},"780":{"start":{"line":1511,"column":22},"end":{"line":1533,"column":3}},"781":{"start":{"line":1535,"column":2},"end":{"line":1535,"column":135}},"782":{"start":{"line":1538,"column":0},"end":{"line":1545,"column":3}},"783":{"start":{"line":1539,"column":14},"end":{"line":1539,"column":27}},"784":{"start":{"line":1541,"column":2},"end":{"line":1541,"column":21}},"785":{"start":{"line":1542,"column":16},"end":{"line":1542,"column":72}},"786":{"start":{"line":1543,"column":16},"end":{"line":1543,"column":72}},"787":{"start":{"line":1544,"column":2},"end":{"line":1544,"column":54}},"788":{"start":{"line":1548,"column":0},"end":{"line":1548,"column":87}},"789":{"start":{"line":1548,"column":27},"end":{"line":1548,"column":85}},"790":{"start":{"line":1551,"column":0},"end":{"line":1557,"column":3}},"791":{"start":{"line":1552,"column":2},"end":{"line":1556,"column":61}},"792":{"start":{"line":1565,"column":0},"end":{"line":1591,"column":3}},"793":{"start":{"line":1566,"column":2},"end":{"line":1574,"column":5}},"794":{"start":{"line":1567,"column":4},"end":{"line":1567,"column":34}},"795":{"start":{"line":1568,"column":4},"end":{"line":1568,"column":67}},"796":{"start":{"line":1571,"column":4},"end":{"line":1571,"column":54}},"797":{"start":{"line":1572,"column":4},"end":{"line":1572,"column":90}},"798":{"start":{"line":1573,"column":4},"end":{"line":1573,"column":88}},"799":{"start":{"line":1573,"column":50},"end":{"line":1573,"column":85}},"800":{"start":{"line":1576,"column":2},"end":{"line":1586,"column":5}},"801":{"start":{"line":1577,"column":16},"end":{"line":1577,"column":53}},"802":{"start":{"line":1578,"column":23},"end":{"line":1578,"column":41}},"803":{"start":{"line":1579,"column":4},"end":{"line":1579,"column":28}},"804":{"start":{"line":1579,"column":21},"end":{"line":1579,"column":28}},"805":{"start":{"line":1581,"column":4},"end":{"line":1581,"column":86}},"806":{"start":{"line":1581,"column":38},"end":{"line":1581,"column":86}},"807":{"start":{"line":1582,"column":4},"end":{"line":1582,"column":86}},"808":{"start":{"line":1582,"column":38},"end":{"line":1582,"column":86}},"809":{"start":{"line":1584,"column":4},"end":{"line":1584,"column":61}},"810":{"start":{"line":1585,"column":4},"end":{"line":1585,"column":104}},"811":{"start":{"line":1588,"column":2},"end":{"line":1590,"column":5}},"812":{"start":{"line":1589,"column":4},"end":{"line":1589,"column":53}},"813":{"start":{"line":1594,"column":0},"end":{"line":1596,"column":3}},"814":{"start":{"line":1595,"column":2},"end":{"line":1595,"column":76}},"815":{"start":{"line":1599,"column":0},"end":{"line":1605,"column":3}},"816":{"start":{"line":1600,"column":2},"end":{"line":1600,"column":48}},"817":{"start":{"line":1601,"column":2},"end":{"line":1603,"column":3}},"818":{"start":{"line":1602,"column":4},"end":{"line":1602,"column":79}},"819":{"start":{"line":1604,"column":2},"end":{"line":1604,"column":73}},"820":{"start":{"line":1611,"column":13},"end":{"line":1611,"column":37}},"821":{"start":{"line":1614,"column":0},"end":{"line":1621,"column":3}},"822":{"start":{"line":1615,"column":2},"end":{"line":1620,"column":5}},"823":{"start":{"line":1623,"column":0},"end":{"line":1627,"column":1}},"824":{"start":{"line":1624,"column":2},"end":{"line":1626,"column":5}},"825":{"start":{"line":1625,"column":4},"end":{"line":1625,"column":91}},"826":{"start":{"line":1631,"column":2},"end":{"line":1639,"column":3}},"827":{"start":{"line":1632,"column":4},"end":{"line":1632,"column":52}},"828":{"start":{"line":1633,"column":4},"end":{"line":1633,"column":28}},"829":{"start":{"line":1634,"column":4},"end":{"line":1634,"column":27}},"830":{"start":{"line":1635,"column":4},"end":{"line":1635,"column":23}},"831":{"start":{"line":1636,"column":4},"end":{"line":1636,"column":52}},"832":{"start":{"line":1638,"column":4},"end":{"line":1638,"column":65}},"833":{"start":{"line":1643,"column":0},"end":{"line":1643,"column":35}},"834":{"start":{"line":1645,"column":0},"end":{"line":1653,"column":1}},"835":{"start":{"line":1647,"column":2},"end":{"line":1647,"column":45}},"836":{"start":{"line":1648,"column":7},"end":{"line":1653,"column":1}},"837":{"start":{"line":1649,"column":2},"end":{"line":1649,"column":45}},"838":{"start":{"line":1650,"column":2},"end":{"line":1652,"column":12}},"839":{"start":{"line":1656,"column":2},"end":{"line":1683,"column":12}},"840":{"start":{"line":1658,"column":4},"end":{"line":1670,"column":7}},"841":{"start":{"line":1659,"column":19},"end":{"line":1659,"column":43}},"842":{"start":{"line":1660,"column":6},"end":{"line":1669,"column":7}},"843":{"start":{"line":1661,"column":21},"end":{"line":1661,"column":34}},"844":{"start":{"line":1662,"column":8},"end":{"line":1662,"column":76}},"845":{"start":{"line":1662,"column":24},"end":{"line":1662,"column":76}},"846":{"start":{"line":1663,"column":8},"end":{"line":1663,"column":77}},"847":{"start":{"line":1663,"column":25},"end":{"line":1663,"column":77}},"848":{"start":{"line":1664,"column":8},"end":{"line":1667,"column":9}},"849":{"start":{"line":1665,"column":10},"end":{"line":1666,"column":69}},"850":{"start":{"line":1665,"column":43},"end":{"line":1665,"column":97}},"851":{"start":{"line":1666,"column":15},"end":{"line":1666,"column":69}},"852":{"start":{"line":1668,"column":8},"end":{"line":1668,"column":73}},"853":{"start":{"line":1673,"column":4},"end":{"line":1673,"column":23}},"854":{"start":{"line":1676,"column":4},"end":{"line":1680,"column":7}},"855":{"start":{"line":1677,"column":16},"end":{"line":1677,"column":34}},"856":{"start":{"line":1678,"column":6},"end":{"line":1678,"column":62}},"857":{"start":{"line":1679,"column":6},"end":{"line":1679,"column":54}},"858":{"start":{"line":1682,"column":4},"end":{"line":1682,"column":88}},"859":{"start":{"line":1686,"column":0},"end":{"line":1686,"column":21}}},"fnMap":{"0":{"name":"(anonymous_0)","decl":{"start":{"line":47,"column":10},"end":{"line":47,"column":11}},"loc":{"start":{"line":47,"column":26},"end":{"line":50,"column":3}},"line":47},"1":{"name":"(anonymous_1)","decl":{"start":{"line":89,"column":8},"end":{"line":89,"column":9}},"loc":{"start":{"line":89,"column":28},"end":{"line":98,"column":1}},"line":89},"2":{"name":"(anonymous_2)","decl":{"start":{"line":91,"column":102},"end":{"line":91,"column":103}},"loc":{"start":{"line":91,"column":107},"end":{"line":91,"column":117}},"line":91},"3":{"name":"(anonymous_3)","decl":{"start":{"line":92,"column":41},"end":{"line":92,"column":42}},"loc":{"start":{"line":92,"column":48},"end":{"line":92,"column":64}},"line":92},"4":{"name":"(anonymous_4)","decl":{"start":{"line":108,"column":8},"end":{"line":108,"column":9}},"loc":{"start":{"line":108,"column":28},"end":{"line":116,"column":1}},"line":108},"5":{"name":"(anonymous_5)","decl":{"start":{"line":110,"column":19},"end":{"line":110,"column":20}},"loc":{"start":{"line":110,"column":25},"end":{"line":114,"column":3}},"line":110},"6":{"name":"getCached","decl":{"start":{"line":122,"column":9},"end":{"line":122,"column":18}},"loc":{"start":{"line":122,"column":33},"end":{"line":128,"column":1}},"line":122},"7":{"name":"(anonymous_7)","decl":{"start":{"line":131,"column":20},"end":{"line":131,"column":21}},"loc":{"start":{"line":131,"column":40},"end":{"line":140,"column":1}},"line":131},"8":{"name":"getStaffCredentials","decl":{"start":{"line":145,"column":9},"end":{"line":145,"column":28}},"loc":{"start":{"line":145,"column":31},"end":{"line":157,"column":1}},"line":145},"9":{"name":"(anonymous_9)","decl":{"start":{"line":149,"column":36},"end":{"line":149,"column":37}},"loc":{"start":{"line":149,"column":41},"end":{"line":152,"column":5}},"line":149},"10":{"name":"(anonymous_10)","decl":{"start":{"line":159,"column":28},"end":{"line":159,"column":29}},"loc":{"start":{"line":159,"column":42},"end":{"line":170,"column":1}},"line":159},"11":{"name":"(anonymous_11)","decl":{"start":{"line":173,"column":18},"end":{"line":173,"column":19}},"loc":{"start":{"line":173,"column":38},"end":{"line":181,"column":1}},"line":173},"12":{"name":"(anonymous_12)","decl":{"start":{"line":183,"column":33},"end":{"line":183,"column":34}},"loc":{"start":{"line":183,"column":47},"end":{"line":183,"column":109}},"line":183},"13":{"name":"(anonymous_13)","decl":{"start":{"line":184,"column":38},"end":{"line":184,"column":39}},"loc":{"start":{"line":184,"column":52},"end":{"line":184,"column":114}},"line":184},"14":{"name":"(anonymous_14)","decl":{"start":{"line":215,"column":23},"end":{"line":215,"column":24}},"loc":{"start":{"line":215,"column":32},"end":{"line":218,"column":1}},"line":215},"15":{"name":"(anonymous_15)","decl":{"start":{"line":219,"column":17},"end":{"line":219,"column":18}},"loc":{"start":{"line":219,"column":37},"end":{"line":225,"column":1}},"line":219},"16":{"name":"createVenueTemplate","decl":{"start":{"line":237,"column":9},"end":{"line":237,"column":28}},"loc":{"start":{"line":237,"column":38},"end":{"line":280,"column":1}},"line":237},"17":{"name":"getVenueState","decl":{"start":{"line":282,"column":9},"end":{"line":282,"column":22}},"loc":{"start":{"line":282,"column":28},"end":{"line":284,"column":1}},"line":282},"18":{"name":"(anonymous_18)","decl":{"start":{"line":327,"column":32},"end":{"line":327,"column":33}},"loc":{"start":{"line":327,"column":37},"end":{"line":329,"column":1}},"line":327},"19":{"name":"(anonymous_19)","decl":{"start":{"line":352,"column":32},"end":{"line":352,"column":33}},"loc":{"start":{"line":352,"column":37},"end":{"line":374,"column":1}},"line":352},"20":{"name":"refreshDailySchedule","decl":{"start":{"line":376,"column":9},"end":{"line":376,"column":29}},"loc":{"start":{"line":376,"column":32},"end":{"line":391,"column":1}},"line":376},"21":{"name":"(anonymous_21)","decl":{"start":{"line":380,"column":19},"end":{"line":380,"column":20}},"loc":{"start":{"line":380,"column":28},"end":{"line":390,"column":3}},"line":380},"22":{"name":"applyRealitySync","decl":{"start":{"line":393,"column":9},"end":{"line":393,"column":25}},"loc":{"start":{"line":393,"column":28},"end":{"line":417,"column":1}},"line":393},"23":{"name":"(anonymous_23)","decl":{"start":{"line":394,"column":43},"end":{"line":394,"column":44}},"loc":{"start":{"line":394,"column":50},"end":{"line":416,"column":3}},"line":394},"24":{"name":"saveStadiumData","decl":{"start":{"line":454,"column":15},"end":{"line":454,"column":30}},"loc":{"start":{"line":454,"column":33},"end":{"line":474,"column":1}},"line":454},"25":{"name":"(anonymous_25)","decl":{"start":{"line":458,"column":39},"end":{"line":458,"column":40}},"loc":{"start":{"line":458,"column":46},"end":{"line":461,"column":5}},"line":458},"26":{"name":"(anonymous_26)","decl":{"start":{"line":464,"column":39},"end":{"line":464,"column":40}},"loc":{"start":{"line":464,"column":46},"end":{"line":467,"column":5}},"line":464},"27":{"name":"loadStadiumData","decl":{"start":{"line":476,"column":15},"end":{"line":476,"column":30}},"loc":{"start":{"line":476,"column":33},"end":{"line":497,"column":1}},"line":476},"28":{"name":"(anonymous_28)","decl":{"start":{"line":480,"column":23},"end":{"line":480,"column":24}},"loc":{"start":{"line":480,"column":30},"end":{"line":485,"column":5}},"line":480},"29":{"name":"(anonymous_29)","decl":{"start":{"line":488,"column":23},"end":{"line":488,"column":24}},"loc":{"start":{"line":488,"column":30},"end":{"line":492,"column":5}},"line":488},"30":{"name":"runWorldAgent","decl":{"start":{"line":508,"column":9},"end":{"line":508,"column":22}},"loc":{"start":{"line":508,"column":25},"end":{"line":541,"column":1}},"line":508},"31":{"name":"(anonymous_31)","decl":{"start":{"line":509,"column":37},"end":{"line":509,"column":38}},"loc":{"start":{"line":509,"column":44},"end":{"line":540,"column":3}},"line":509},"32":{"name":"simulateCrowd","decl":{"start":{"line":618,"column":9},"end":{"line":618,"column":22}},"loc":{"start":{"line":618,"column":34},"end":{"line":693,"column":1}},"line":618},"33":{"name":"(anonymous_33)","decl":{"start":{"line":628,"column":22},"end":{"line":628,"column":23}},"loc":{"start":{"line":628,"column":30},"end":{"line":642,"column":3}},"line":628},"34":{"name":"(anonymous_34)","decl":{"start":{"line":645,"column":22},"end":{"line":645,"column":23}},"loc":{"start":{"line":645,"column":30},"end":{"line":656,"column":3}},"line":645},"35":{"name":"(anonymous_35)","decl":{"start":{"line":659,"column":28},"end":{"line":659,"column":29}},"loc":{"start":{"line":659,"column":33},"end":{"line":670,"column":3}},"line":659},"36":{"name":"(anonymous_36)","decl":{"start":{"line":673,"column":26},"end":{"line":673,"column":27}},"loc":{"start":{"line":673,"column":31},"end":{"line":678,"column":3}},"line":673},"37":{"name":"(anonymous_37)","decl":{"start":{"line":674,"column":34},"end":{"line":674,"column":35}},"loc":{"start":{"line":674,"column":39},"end":{"line":674,"column":54}},"line":674},"38":{"name":"(anonymous_38)","decl":{"start":{"line":681,"column":45},"end":{"line":681,"column":46}},"loc":{"start":{"line":681,"column":57},"end":{"line":681,"column":72}},"line":681},"39":{"name":"autoDispatchStaff","decl":{"start":{"line":695,"column":9},"end":{"line":695,"column":26}},"loc":{"start":{"line":695,"column":32},"end":{"line":714,"column":1}},"line":695},"40":{"name":"(anonymous_40)","decl":{"start":{"line":698,"column":22},"end":{"line":698,"column":23}},"loc":{"start":{"line":698,"column":30},"end":{"line":713,"column":3}},"line":698},"41":{"name":"(anonymous_41)","decl":{"start":{"line":702,"column":35},"end":{"line":702,"column":36}},"loc":{"start":{"line":702,"column":40},"end":{"line":702,"column":115}},"line":702},"42":{"name":"simulateMatch","decl":{"start":{"line":716,"column":9},"end":{"line":716,"column":22}},"loc":{"start":{"line":716,"column":28},"end":{"line":759,"column":1}},"line":716},"43":{"name":"addAlert","decl":{"start":{"line":761,"column":9},"end":{"line":761,"column":17}},"loc":{"start":{"line":761,"column":46},"end":{"line":776,"column":1}},"line":761},"44":{"name":"generateRandomAlerts","decl":{"start":{"line":778,"column":9},"end":{"line":778,"column":29}},"loc":{"start":{"line":778,"column":35},"end":{"line":792,"column":1}},"line":778},"45":{"name":"processOrders","decl":{"start":{"line":795,"column":9},"end":{"line":795,"column":22}},"loc":{"start":{"line":795,"column":25},"end":{"line":806,"column":1}},"line":795},"46":{"name":"(anonymous_46)","decl":{"start":{"line":796,"column":17},"end":{"line":796,"column":18}},"loc":{"start":{"line":796,"column":26},"end":{"line":805,"column":3}},"line":796},"47":{"name":"runSimulation","decl":{"start":{"line":809,"column":9},"end":{"line":809,"column":22}},"loc":{"start":{"line":809,"column":25},"end":{"line":821,"column":1}},"line":809},"48":{"name":"(anonymous_48)","decl":{"start":{"line":810,"column":37},"end":{"line":810,"column":38}},"loc":{"start":{"line":810,"column":44},"end":{"line":819,"column":3}},"line":810},"49":{"name":"getStadiumStats","decl":{"start":{"line":834,"column":9},"end":{"line":834,"column":24}},"loc":{"start":{"line":834,"column":30},"end":{"line":850,"column":1}},"line":834},"50":{"name":"(anonymous_50)","decl":{"start":{"line":857,"column":25},"end":{"line":857,"column":26}},"loc":{"start":{"line":857,"column":39},"end":{"line":861,"column":1}},"line":857},"51":{"name":"(anonymous_51)","decl":{"start":{"line":858,"column":42},"end":{"line":858,"column":43}},"loc":{"start":{"line":858,"column":48},"end":{"line":858,"column":71}},"line":858},"52":{"name":"(anonymous_52)","decl":{"start":{"line":864,"column":22},"end":{"line":864,"column":23}},"loc":{"start":{"line":864,"column":36},"end":{"line":870,"column":1}},"line":864},"53":{"name":"(anonymous_53)","decl":{"start":{"line":871,"column":22},"end":{"line":871,"column":23}},"loc":{"start":{"line":871,"column":36},"end":{"line":877,"column":1}},"line":871},"54":{"name":"(anonymous_54)","decl":{"start":{"line":878,"column":28},"end":{"line":878,"column":29}},"loc":{"start":{"line":878,"column":42},"end":{"line":889,"column":1}},"line":878},"55":{"name":"(anonymous_55)","decl":{"start":{"line":891,"column":35},"end":{"line":891,"column":36}},"loc":{"start":{"line":891,"column":49},"end":{"line":906,"column":1}},"line":891},"56":{"name":"(anonymous_56)","decl":{"start":{"line":908,"column":28},"end":{"line":908,"column":29}},"loc":{"start":{"line":908,"column":42},"end":{"line":911,"column":1}},"line":908},"57":{"name":"(anonymous_57)","decl":{"start":{"line":913,"column":28},"end":{"line":913,"column":29}},"loc":{"start":{"line":913,"column":42},"end":{"line":916,"column":1}},"line":913},"58":{"name":"(anonymous_58)","decl":{"start":{"line":918,"column":32},"end":{"line":918,"column":33}},"loc":{"start":{"line":918,"column":46},"end":{"line":931,"column":1}},"line":918},"59":{"name":"(anonymous_59)","decl":{"start":{"line":925,"column":24},"end":{"line":925,"column":25}},"loc":{"start":{"line":925,"column":29},"end":{"line":927,"column":5}},"line":925},"60":{"name":"(anonymous_60)","decl":{"start":{"line":935,"column":31},"end":{"line":935,"column":32}},"loc":{"start":{"line":935,"column":45},"end":{"line":970,"column":1}},"line":935},"61":{"name":"(anonymous_61)","decl":{"start":{"line":963,"column":26},"end":{"line":963,"column":27}},"loc":{"start":{"line":963,"column":31},"end":{"line":963,"column":44}},"line":963},"62":{"name":"(anonymous_62)","decl":{"start":{"line":964,"column":26},"end":{"line":964,"column":27}},"loc":{"start":{"line":964,"column":31},"end":{"line":964,"column":74}},"line":964},"63":{"name":"(anonymous_63)","decl":{"start":{"line":973,"column":29},"end":{"line":973,"column":30}},"loc":{"start":{"line":973,"column":43},"end":{"line":989,"column":1}},"line":973},"64":{"name":"(anonymous_64)","decl":{"start":{"line":992,"column":30},"end":{"line":992,"column":31}},"loc":{"start":{"line":992,"column":44},"end":{"line":1005,"column":1}},"line":992},"65":{"name":"(anonymous_65)","decl":{"start":{"line":1008,"column":28},"end":{"line":1008,"column":29}},"loc":{"start":{"line":1008,"column":42},"end":{"line":1010,"column":1}},"line":1008},"66":{"name":"(anonymous_66)","decl":{"start":{"line":1013,"column":28},"end":{"line":1013,"column":29}},"loc":{"start":{"line":1013,"column":42},"end":{"line":1049,"column":1}},"line":1013},"67":{"name":"(anonymous_67)","decl":{"start":{"line":1024,"column":31},"end":{"line":1024,"column":32}},"loc":{"start":{"line":1024,"column":36},"end":{"line":1024,"column":51}},"line":1024},"68":{"name":"(anonymous_68)","decl":{"start":{"line":1051,"column":31},"end":{"line":1051,"column":32}},"loc":{"start":{"line":1051,"column":45},"end":{"line":1057,"column":1}},"line":1051},"69":{"name":"(anonymous_69)","decl":{"start":{"line":1053,"column":31},"end":{"line":1053,"column":32}},"loc":{"start":{"line":1053,"column":36},"end":{"line":1053,"column":51}},"line":1053},"70":{"name":"(anonymous_70)","decl":{"start":{"line":1060,"column":26},"end":{"line":1060,"column":27}},"loc":{"start":{"line":1060,"column":40},"end":{"line":1062,"column":1}},"line":1060},"71":{"name":"(anonymous_71)","decl":{"start":{"line":1064,"column":33},"end":{"line":1064,"column":34}},"loc":{"start":{"line":1064,"column":47},"end":{"line":1068,"column":1}},"line":1064},"72":{"name":"(anonymous_72)","decl":{"start":{"line":1070,"column":28},"end":{"line":1070,"column":29}},"loc":{"start":{"line":1070,"column":42},"end":{"line":1120,"column":1}},"line":1070},"73":{"name":"(anonymous_73)","decl":{"start":{"line":1081,"column":29},"end":{"line":1081,"column":30}},"loc":{"start":{"line":1081,"column":34},"end":{"line":1081,"column":55}},"line":1081},"74":{"name":"(anonymous_74)","decl":{"start":{"line":1082,"column":29},"end":{"line":1082,"column":30}},"loc":{"start":{"line":1082,"column":34},"end":{"line":1082,"column":72}},"line":1082},"75":{"name":"(anonymous_75)","decl":{"start":{"line":1090,"column":31},"end":{"line":1090,"column":32}},"loc":{"start":{"line":1090,"column":39},"end":{"line":1096,"column":3}},"line":1090},"76":{"name":"(anonymous_76)","decl":{"start":{"line":1091,"column":31},"end":{"line":1091,"column":32}},"loc":{"start":{"line":1091,"column":36},"end":{"line":1091,"column":52}},"line":1091},"77":{"name":"(anonymous_77)","decl":{"start":{"line":1122,"column":28},"end":{"line":1122,"column":29}},"loc":{"start":{"line":1122,"column":42},"end":{"line":1124,"column":1}},"line":1122},"78":{"name":"(anonymous_78)","decl":{"start":{"line":1126,"column":32},"end":{"line":1126,"column":33}},"loc":{"start":{"line":1126,"column":46},"end":{"line":1130,"column":1}},"line":1126},"79":{"name":"(anonymous_79)","decl":{"start":{"line":1127,"column":28},"end":{"line":1127,"column":29}},"loc":{"start":{"line":1127,"column":33},"end":{"line":1127,"column":55}},"line":1127},"80":{"name":"(anonymous_80)","decl":{"start":{"line":1132,"column":42},"end":{"line":1132,"column":43}},"loc":{"start":{"line":1132,"column":56},"end":{"line":1145,"column":1}},"line":1132},"81":{"name":"(anonymous_81)","decl":{"start":{"line":1133,"column":28},"end":{"line":1133,"column":29}},"loc":{"start":{"line":1133,"column":33},"end":{"line":1133,"column":55}},"line":1133},"82":{"name":"(anonymous_82)","decl":{"start":{"line":1140,"column":46},"end":{"line":1140,"column":47}},"loc":{"start":{"line":1140,"column":51},"end":{"line":1140,"column":78}},"line":1140},"83":{"name":"(anonymous_83)","decl":{"start":{"line":1148,"column":32},"end":{"line":1148,"column":33}},"loc":{"start":{"line":1148,"column":46},"end":{"line":1167,"column":1}},"line":1148},"84":{"name":"(anonymous_84)","decl":{"start":{"line":1155,"column":35},"end":{"line":1155,"column":36}},"loc":{"start":{"line":1155,"column":44},"end":{"line":1155,"column":75}},"line":1155},"85":{"name":"(anonymous_85)","decl":{"start":{"line":1165,"column":37},"end":{"line":1165,"column":38}},"loc":{"start":{"line":1165,"column":42},"end":{"line":1165,"column":61}},"line":1165},"86":{"name":"(anonymous_86)","decl":{"start":{"line":1165,"column":67},"end":{"line":1165,"column":68}},"loc":{"start":{"line":1165,"column":72},"end":{"line":1165,"column":76}},"line":1165},"87":{"name":"(anonymous_87)","decl":{"start":{"line":1170,"column":23},"end":{"line":1170,"column":24}},"loc":{"start":{"line":1170,"column":37},"end":{"line":1174,"column":1}},"line":1170},"88":{"name":"(anonymous_88)","decl":{"start":{"line":1172,"column":39},"end":{"line":1172,"column":40}},"loc":{"start":{"line":1172,"column":44},"end":{"line":1172,"column":79}},"line":1172},"89":{"name":"(anonymous_89)","decl":{"start":{"line":1176,"column":40},"end":{"line":1176,"column":41}},"loc":{"start":{"line":1176,"column":54},"end":{"line":1181,"column":1}},"line":1176},"90":{"name":"(anonymous_90)","decl":{"start":{"line":1177,"column":28},"end":{"line":1177,"column":29}},"loc":{"start":{"line":1177,"column":33},"end":{"line":1177,"column":65}},"line":1177},"91":{"name":"(anonymous_91)","decl":{"start":{"line":1183,"column":31},"end":{"line":1183,"column":32}},"loc":{"start":{"line":1183,"column":45},"end":{"line":1187,"column":1}},"line":1183},"92":{"name":"(anonymous_92)","decl":{"start":{"line":1190,"column":35},"end":{"line":1190,"column":36}},"loc":{"start":{"line":1190,"column":49},"end":{"line":1194,"column":1}},"line":1190},"93":{"name":"(anonymous_93)","decl":{"start":{"line":1192,"column":38},"end":{"line":1192,"column":39}},"loc":{"start":{"line":1192,"column":43},"end":{"line":1192,"column":78}},"line":1192},"94":{"name":"(anonymous_94)","decl":{"start":{"line":1196,"column":40},"end":{"line":1196,"column":41}},"loc":{"start":{"line":1196,"column":54},"end":{"line":1210,"column":1}},"line":1196},"95":{"name":"(anonymous_95)","decl":{"start":{"line":1212,"column":42},"end":{"line":1212,"column":43}},"loc":{"start":{"line":1212,"column":56},"en
[...]
{"start":{},"end":{}}],"line":1481},"247":{"loc":{"start":{"line":1483,"column":4},"end":{"line":1483,"column":91}},"type":"if","locations":[{"start":{"line":1483,"column":4},"end":{"line":1483,"column":91}},{"start":{},"end":{}}],"line":1483},"248":{"loc":{"start":{"line":1492,"column":14},"end":{"line":1492,"column":46}},"type":"binary-expr","locations":[{"start":{"line":1492,"column":14},"end":{"line":1492,"column":23}},{"start":{"line":1492,"column":27},"end":{"line":1492,"column":46}}],"line":1492},"249":{"loc":{"start":{"line":1493,"column":16},"end":{"line":1493,"column":72}},"type":"binary-expr","locations":[{"start":{"line":1493,"column":16},"end":{"line":1493,"column":34}},{"start":{"line":1493,"column":38},"end":{"line":1493,"column":72}}],"line":1493},"250":{"loc":{"start":{"line":1496,"column":18},"end":{"line":1496,"column":72}},"type":"binary-expr","locations":[{"start":{"line":1496,"column":18},"end":{"line":1496,"column":54}},{"start":{"line":1496,"column":58},"end":{"line":1496,"column":72}}],"line":1496},"251":{"loc":{"start":{"line":1508,"column":15},"end":{"line":1508,"column":59}},"type":"binary-expr","locations":[{"start":{"line":1508,"column":15},"end":{"line":1508,"column":31}},{"start":{"line":1508,"column":35},"end":{"line":1508,"column":59}}],"line":1508},"252":{"loc":{"start":{"line":1509,"column":15},"end":{"line":1509,"column":86}},"type":"cond-expr","locations":[{"start":{"line":1509,"column":38},"end":{"line":1509,"column":44}},{"start":{"line":1509,"column":47},"end":{"line":1509,"column":86}}],"line":1509},"253":{"loc":{"start":{"line":1509,"column":47},"end":{"line":1509,"column":86}},"type":"cond-expr","locations":[{"start":{"line":1509,"column":70},"end":{"line":1509,"column":78}},{"start":{"line":1509,"column":81},"end":{"line":1509,"column":86}}],"line":1509},"254":{"loc":{"start":{"line":1515,"column":30},"end":{"line":1515,"column":94}},"type":"cond-expr","locations":[{"start":{"line":1515,"column":47},"end":{"line":1515,"column":54}},{"start":{"line":1515,"column":57},"end":{"line":1515,"column":94}}],"line":1515},"255":{"loc":{"start":{"line":1515,"column":57},"end":{"line":1515,"column":94}},"type":"cond-expr","locations":[{"start":{"line":1515,"column":77},"end":{"line":1515,"column":84}},{"start":{"line":1515,"column":87},"end":{"line":1515,"column":94}}],"line":1515},"256":{"loc":{"start":{"line":1522,"column":30},"end":{"line":1522,"column":64}},"type":"cond-expr","locations":[{"start":{"line":1522,"column":47},"end":{"line":1522,"column":54}},{"start":{"line":1522,"column":57},"end":{"line":1522,"column":64}}],"line":1522},"257":{"loc":{"start":{"line":1542,"column":16},"end":{"line":1542,"column":72}},"type":"binary-expr","locations":[{"start":{"line":1542,"column":16},"end":{"line":1542,"column":34}},{"start":{"line":1542,"column":38},"end":{"line":1542,"column":72}}],"line":1542},"258":{"loc":{"start":{"line":1543,"column":16},"end":{"line":1543,"column":72}},"type":"binary-expr","locations":[{"start":{"line":1543,"column":16},"end":{"line":1543,"column":34}},{"start":{"line":1543,"column":38},"end":{"line":1543,"column":72}}],"line":1543},"259":{"loc":{"start":{"line":1572,"column":32},"end":{"line":1572,"column":88}},"type":"binary-expr","locations":[{"start":{"line":1572,"column":32},"end":{"line":1572,"column":50}},{"start":{"line":1572,"column":54},"end":{"line":1572,"column":88}}],"line":1572},"260":{"loc":{"start":{"line":1573,"column":50},"end":{"line":1573,"column":85}},"type":"binary-expr","locations":[{"start":{"line":1573,"column":50},"end":{"line":1573,"column":69}},{"start":{"line":1573,"column":73},"end":{"line":1573,"column":85}}],"line":1573},"261":{"loc":{"start":{"line":1577,"column":16},"end":{"line":1577,"column":53}},"type":"binary-expr","locations":[{"start":{"line":1577,"column":16},"end":{"line":1577,"column":30}},{"start":{"line":1577,"column":34},"end":{"line":1577,"column":53}}],"line":1577},"262":{"loc":{"start":{"line":1579,"column":4},"end":{"line":1579,"column":28}},"type":"if","locations":[{"start":{"line":1579,"column":4},"end":{"line":1579,"column":28}},{"start":{},"end":{}}],"line":1579},"263":{"loc":{"start":{"line":1581,"column":4},"end":{"line":1581,"column":86}},"type":"if","locations":[{"start":{"line":1581,"column":4},"end":{"line":1581,"column":86}},{"start":{},"end":{}}],"line":1581},"264":{"loc":{"start":{"line":1582,"column":4},"end":{"line":1582,"column":86}},"type":"if","locations":[{"start":{"line":1582,"column":4},"end":{"line":1582,"column":86}},{"start":{},"end":{}}],"line":1582},"265":{"loc":{"start":{"line":1601,"column":2},"end":{"line":1603,"column":3}},"type":"if","locations":[{"start":{"line":1601,"column":2},"end":{"line":1603,"column":3}},{"start":{},"end":{}}],"line":1601},"266":{"loc":{"start":{"line":1601,"column":6},"end":{"line":1601,"column":49}},"type":"binary-expr","locations":[{"start":{"line":1601,"column":6},"end":{"line":1601,"column":17}},{"start":{"line":1601,"column":21},"end":{"line":1601,"column":49}}],"line":1601},"267":{"loc":{"start":{"line":1604,"column":13},"end":{"line":1604,"column":30}},"type":"binary-expr","locations":[{"start":{"line":1604,"column":13},"end":{"line":1604,"column":23}},{"start":{"line":1604,"column":27},"end":{"line":1604,"column":30}}],"line":1604},"268":{"loc":{"start":{"line":1611,"column":13},"end":{"line":1611,"column":37}},"type":"binary-expr","locations":[{"start":{"line":1611,"column":13},"end":{"line":1611,"column":29}},{"start":{"line":1611,"column":33},"end":{"line":1611,"column":37}}],"line":1611},"269":{"loc":{"start":{"line":1623,"column":0},"end":{"line":1627,"column":1}},"type":"if","locations":[{"start":{"line":1623,"column":0},"end":{"line":1627,"column":1}},{"start":{},"end":{}}],"line":1623},"270":{"loc":{"start":{"line":1623,"column":4},"end":{"line":1623,"column":76}},"type":"binary-expr","locations":[{"start":{"line":1623,"column":4},"end":{"line":1623,"column":41}},{"start":{"line":1623,"column":45},"end":{"line":1623,"column":76}}],"line":1623},"271":{"loc":{"start":{"line":1645,"column":0},"end":{"line":1653,"column":1}},"type":"if","locations":[{"start":{"line":1645,"column":0},"end":{"line":1653,"column":1}},{"start":{"line":1648,"column":7},"end":{"line":1653,"column":1}}],"line":1645},"272":{"loc":{"start":{"line":1645,"column":4},"end":{"line":1645,"column":76}},"type":"binary-expr","locations":[{"start":{"line":1645,"column":4},"end":{"line":1645,"column":35}},{"start":{"line":1645,"column":39},"end":{"line":1645,"column":76}}],"line":1645},"273":{"loc":{"start":{"line":1648,"column":7},"end":{"line":1653,"column":1}},"type":"if","locations":[{"start":{"line":1648,"column":7},"end":{"line":1653,"column":1}},{"start":{},"end":{}}],"line":1648},"274":{"loc":{"start":{"line":1660,"column":6},"end":{"line":1669,"column":7}},"type":"if","locations":[{"start":{"line":1660,"column":6},"end":{"line":1669,"column":7}},{"start":{},"end":{}}],"line":1660},"275":{"loc":{"start":{"line":1660,"column":10},"end":{"line":1660,"column":71}},"type":"binary-expr","locations":[{"start":{"line":1660,"column":10},"end":{"line":1660,"column":39}},{"start":{"line":1660,"column":43},"end":{"line":1660,"column":71}}],"line":1660},"276":{"loc":{"start":{"line":1662,"column":8},"end":{"line":1662,"column":76}},"type":"if","locations":[{"start":{"line":1662,"column":8},"end":{"line":1662,"column":76}},{"start":{},"end":{}}],"line":1662},"277":{"loc":{"start":{"line":1663,"column":8},"end":{"line":1663,"column":77}},"type":"if","locations":[{"start":{"line":1663,"column":8},"end":{"line":1663,"column":77}},{"start":{},"end":{}}],"line":1663},"278":{"loc":{"start":{"line":1664,"column":8},"end":{"line":1667,"column":9}},"type":"if","locations":[{"start":{"line":1664,"column":8},"end":{"line":1667,"column":9}},{"start":{},"end":{}}],"line":1664},"279":{"loc":{"start":{"line":1665,"column":10},"end":{"line":1666,"column":69}},"type":"if","locations":[{"start":{"line":1665,"column":10},"end":{"line":1666,"column":69}},{"start":{"line":1666,"column":15},"end":{"line":1666,"column":69}}],"line":1665},"280":{"loc":{"start":{"line":1668,"column":23},"end":{"line":1668,"column":39}},"type":"binary-expr","locations":[{"start":{"line":1668,"column":23},"end":{"line":1668,"column":34}},{"start":{"line":1668,"column":38},"end":{"line":1668,"column":39}}],"line":1668},"281":{"loc":{"start":{"line":1668,"column":44},"end":{"line":1668,"column":71}},"type":"cond-expr","locations":[{"start":{"line":1668,"column":66},"end":{"line":1668,"column":67}},{"start":{"line":1668,"column":70},"end":{"line":1668,"column":71}}],"line":1668}},"s":{"0":1,"1":1,"2":1,"3":1,"4":1,"5":1,"6":1,"7":1,"8":1,"9":1,"10":1,"11":1,"12":1,"13":1,"14":1,"15":1,"16":1,"17":1,"18":1,"19":0,"20":1,"21":1,"22":1,"23":1,"24":1,"25":1,"26":1,"27":1,"28":36,"29":36,"30":0,"31":1,"32":1,"33":1,"34":1,"35":36,"36":36,"37":216,"38":36,"39":216,"40":36,"41":0,"42":36,"43":1,"44":1,"45":1,"46":1,"47":1,"48":1,"49":1,"50":1,"51":35,"52":35,"53":35,"54":35,"55":35,"56":0,"57":35,"58":1,"59":1,"60":6,"61":6,"62":5,"63":1,"64":1,"65":1,"66":1,"67":0,"68":0,"69":0,"70":0,"71":0,"72":0,"73":0,"74":1,"75":0,"76":0,"77":0,"78":0,"79":0,"80":0,"81":0,"82":0,"83":0,"84":1,"85":0,"86":0,"87":0,"88":0,"89":0,"90":0,"91":0,"92":0,"93":1,"94":1,"95":1,"96":0,"97":0,"98":0,"99":0,"100":1,"101":0,"102":1,"103":0,"104":1,"105":1,"106":1,"107":1,"108":1,"109":1,"110":1,"111":1,"112":1,"113":0,"114":0,"115":0,"116":1,"117":0,"118":0,"119":0,"120":0,"121":1,"122":23,"123":0,"124":1,"125":1,"126":1,"127":23,"128":1,"129":1,"130":23,"131":1,"132":1,"133":1,"134":5,"135":5,"136":5,"137":5,"138":5,"139":5,"140":5,"141":5,"142":4,"143":12,"144":12,"145":12,"146":12,"147":12,"148":12,"149":12,"150":12,"151":12,"152":12,"153":12,"154":12,"155":12,"156":12,"157":12,"158":12,"159":1,"160":0,"161":0,"162":0,"163":0,"164":0,"165":0,"166":0,"167":0,"168":0,"169":0,"170":0,"171":0,"172":0,"173":0,"174":2,"175":2,"176":0,"177":0,"178":0,"179":0,"180":0,"181":0,"182":0,"183":0,"184":0,"185":0,"186":0,"187":1,"188":1,"189":0,"190":0,"191":0,"192":0,"193":0,"194":0,"195":0,"196":0,"197":0,"198":0,"199":0,"200":0,"201":0,"202":0,"203":0,"204":0,"205":0,"206":0,"207":0,"208":0,"209":0,"210":0,"211":1,"212":1,"213":1,"214":1,"215":8,"216":8,"217":1,"218":1,"219":1,"220":1,"221":1,"222":1,"223":1,"224":1,"225":30,"226":1,"227":1,"228":0,"229":0,"230":0,"231":0,"232":0,"233":0,"234":0,"235":0,"236":0,"237":0,"238":0,"239":0,"240":0,"241":0,"242":0,"243":0,"244":0,"245":0,"246":0,"247":0,"248":0,"249":0,"250":0,"251":0,"252":0,"253":0,"254":0,"255":0,"256":0,"257":0,"258":0,"259":0,"260":0,"261":0,"262":0,"263":0,"264":0,"265":0,"266":0,"267":0,"268":0,"269":0,"270":0,"271":0,"272":0,"273":0,"274":0,"275":0,"276":0,"277":0,"278":0,"279":0,"280":0,"281":0,"282":0,"283":0,"284":0,"285":0,"286":0,"287":0,"288":0,"289":0,"290":0,"291":0,"292":0,"293":0,"294":0,"295":0,"296":0,"297":0,"298":0,"299":0,"300":0,"301":0,"302":0,"303":0,"304":0,"305":0,"306":0,"307":0,"308":0,"309":0,"310":0,"311":0,"312":0,"313":0,"314":0,"315":0,"316":0,"317":0,"318":0,"319":0,"320":0,"321":0,"322":0,"323":0,"324":0,"325":0,"326":0,"327":0,"328":0,"329":0,"330":0,"331":0,"332":0,"333":0,"334":0,"335":0,"336":0,"337":0,"338":0,"339":0,"340":0,"341":0,"342":0,"343":0,"344":0,"345":0,"346":0,"347":0,"348":0,"349":0,"350":0,"351":1,"352":0,"353":0,"354":3,"355":3,"356":3,"357":0,"358":3,"359":1,"360":6,"361":1,"362":6,"363":6,"364":1,"365":3,"366":3,"367":1,"368":7,"369":7,"370":1,"371":0,"372":0,"373":0,"374":0,"375":0,"376":0,"377":0,"378":0,"379":0,"380":1,"381":0,"382":0,"383":0,"384":0,"385":0,"386":0,"387":0,"388":0,"389":1,"390":0,"391":0,"392":1,"393":0,"394":0,"395":1,"396":0,"397":0,"398":0,"399":0,"400":0,"401":0,"402":0,"403":0,"404":0,"405":0,"406":1,"407":0,"408":0,"409":0,"410":0,"411":0,"412":0,"413":0,"414":0,"415":0,"416":0,"417":0,"418":0,"419":0,"420":0,"421":0,"422":0,"423":0,"424":0,"425":0,"426":0,"427":0,"428":0,"429":0,"430":0,"431":0,"432":0,"433":1,"434":0,"435":0,"436":0,"437":0,"438":0,"439":0,"440":0,"441":0,"442":0,"443":0,"444":0,"445":0,"446":0,"447":0,"448":0,"449":0,"450":1,"451":0,"452":0,"453":0,"454":0,"455":0,"456":0,"457":0,"458":0,"459":0,"460":0,"461":0,"462":0,"463":0,"464":0,"465":1,"466":1,"467":1,"468":1,"469":0,"470":0,"471":0,"472":0,"473":0,"474":0,"475":0,"476":0,"477":0,"478":0,"479":0,"480":0,"481":0,"482":0,"483":0,"484":0,"485":0,"486":0,"487":0,"488":0,"489":0,"490":1,"491":0,"492":0,"493":0,"494":0,"495":0,"496":0,"497":0,"498":1,"499":2,"500":1,"501":0,"502":0,"503":0,"504":1,"505":1,"506":1,"507":1,"508":0,"509":0,"510":0,"511":0,"512":0,"513":0,"514":0,"515":0,"516":0,"517":0,"518":0,"519":0,"520":0,"521":0,"522":0,"523":0,"524":0,"525":0,"526":0,"527":0,"528":0,"529":0,"530":0,"531":0,"532":0,"533":0,"534":0,"535":1,"536":0,"537":1,"538":0,"539":0,"540":0,"541":0,"542":0,"543":1,"544":0,"545":0,"546":0,"547":0,"548":0,"549":0,"550":0,"551":0,"552":0,"553":0,"554":0,"555":0,"556":0,"557":0,"558":0,"559":1,"560":0,"561":0,"562":0,"563":0,"564":0,"565":0,"566":0,"567":0,"568":0,"569":0,"570":0,"571":0,"572":1,"573":0,"574":0,"575":0,"576":0,"577":1,"578":0,"579":0,"580":0,"581":0,"582":0,"583":0,"584":1,"585":0,"586":0,"587":0,"588":1,"589":0,"590":0,"591":0,"592":0,"593":1,"594":0,"595":0,"596":0,"597":0,"598":0,"599":0,"600":0,"601":0,"602":1,"603":0,"604":0,"605":0,"606":0,"607":0,"608":0,"609":0,"610":0,"611":0,"612":1,"613":0,"614":0,"615":0,"616":0,"617":0,"618":0,"619":0,"620":0,"621":0,"622":0,"623":0,"624":0,"625":1,"626":0,"627":0,"628":0,"629":0,"630":0,"631":0,"632":0,"633":0,"634":0,"635":0,"636":1,"637":0,"638":0,"639":0,"640":0,"641":0,"642":0,"643":0,"644":0,"645":0,"646":0,"647":0,"648":1,"649":0,"650":1,"651":0,"652":0,"653":0,"654":0,"655":0,"656":0,"657":0,"658":0,"659":0,"660":0,"661":0,"662":0,"663":1,"664":0,"665":1,"666":0,"667":0,"668":0,"669":0,"670":0,"671":0,"672":0,"673":0,"674":0,"675":0,"676":0,"677":0,"678":0,"679":0,"680":0,"681":0,"682":0,"683":0,"684":0,"685":0,"686":0,"687":0,"688":0,"689":0,"690":1,"691":0,"692":0,"693":0,"694":0,"695":0,"696":0,"697":0,"698":0,"699":0,"700":0,"701":0,"702":0,"703":0,"704":0,"705":0,"706":0,"707":0,"708":0,"709":0,"710":0,"711":0,"712":0,"713":0,"714":0,"715":0,"716":0,"717":0,"718":0,"719":1,"720":0,"721":0,"722":0,"723":0,"724":0,"725":0,"726":0,"727":1,"728":0,"729":0,"730":0,"731":0,"732":0,"733":0,"734":0,"735":1,"736":0,"737":0,"738":0,"739":0,"740":0,"741":0,"742":0,"743":1,"744":0,"745":0,"746":0,"747":0,"748":0,"749":0,"750":0,"751":0,"752":0,"753":0,"754":0,"755":0,"756":0,"757":0,"758":0,"759":0,"760":0,"761":0,"762":0,"763":0,"764":0,"765":0,"766":1,"767":0,"768":0,"769":0,"770":0,"771":0,"772":0,"773":0,"774":0,"775":0,"776":0,"777":0,"778":0,"779":0,"780":0,"781":0,"782":1,"783":3,"784":3,"785":3,"786":3,"787":3,"788":1,"789":0,"790":1,"791":0,"792":1,"793":0,"794":0,"795":0,"796":0,"797":0,"798":0,"799":0,"800":0,"801":0,"802":0,"803":0,"804":0,"805":0,"806":0,"807":0,"808":0,"809":0,"810":0,"811":0,"812":0,"813":1,"814":3,"815":1,"816":1,"817":1,"818":0,"819":1,"820":1,"821":1,"822":0,"823":1,"824":0,"825":0,"826":1,"827":1,"828":1,"829":1,"830":1,"831":1,"832":0,"833":1,"834":1,"835":0,"836":1,"837":0,"838":0,"839":1,"840":0,"841":0,"842":0,"843":0,"844":0,"845":0,"846":0,"847":0,"848":0,"849":0,"850":0,"851":0,"852":0,"853":0,"854":0,"855":0,"856":0,"857":0,"858":0,"859":1},"f":{"0":36,"1":36,"2":216,"3":216,"4":35,"5":35,"6":6,"7":0,"8":0,"9":0,"10":0,"11":1,"12":0,"13":0,"14":0,"15":0,"16":23,"17":0,"18":23,"19":23,"20":1,"21":5,"22":4,"23":12,"24":0,"25":0,"26":0,"27":2,"28":0,"29":0,"30":0,"31":0,"32":0,"33":0,"34":0,"35":0,"36":0,"37":0,"38":0,"39":0,"40":0,"41":0,"42":0,"43":0,"44":0,"45":0,"46":0,"47":0,"48":0,"49":3,"50":6,"51":1,"52":3,"53":7,"54":0,"55":0,"56":0,"57":0,"58":0,"59":0,"60":0,"61":0,"62":0,"63":0,"64":0,"65":1,"66":0,"67":0,"68":0,"69":0,"70":2,"71":0,"72":1,"73":0,"74":0,"75":0,"76":0,"77":0,"78":0,"79":0,"80":0,"81":0,"82":0,"83":0,"84":0,"85":0,"86":0,"87":0,"88":0,"89":0,"90":0,"91":0,"92":0,"93":0,"94":0,"95":0,"96":0,"97":0,"98":0,"99":0,"100":0,"101":0,"102":0,"103":0,"104":0,"105":0,"106":0,"107":0,"108":0,"109":0,"110":0,"111":0,"112":0,"113":0,"114":0,"115":0,"116":0,"117":0,"118":0,"119":0,"120":0,"121":0,"122":0,"123":0,"124":0,"125":0,"126":0,"127":0,"128":0,"129":0,"130":0,"131":3,"132":0,"133":0,"134":0,"135":0,"136":0,"137":0,"138":0,"139":3,"140":1,"141":0,"142":0,"143":1,"144":0,"145":0,"146":0,"147":0,"148":0},"b":{"0":[1,1],"1":[1,1],"2":[0,1],"3":[1,1,0],"4":[1,0],"5":[36,0],"6":[36,0],"7":[36,36],"8":[0,36],"9":[36,0],"10":[0,35],"11":[5,1],"12":[6,5],"13":[0,0],"14":[0,0],"15":[0,0],"16":[0,0],"17":[0,0],"18":[0,0],"19":[0,0],"20":[0,0],"21":[1,0],"22":[0,0],"23":[0,0],"24":[0,0],"25":[23,0],"26":[23,0],"27":[23,0],"28":[23,0],"29":[23,0],"30":[23,0],"31":[0,0],"32":[0,0],"33":[13,10],"34":[13,10],"35":[1,0],"36":[5,0],"37":[12,0],"38":[12,0],"39":[12,4],"40":[0,0],"41":[2,0],"42":[0,0],"43":[0,0],"44":[0,1],"45":[0,0],"46":[0,0],"47":[0,0],"48":[10,20],"49":[10,10],"50":[0,0],"51":[0,0],"52":[0,0],"53":[0,0],"54":[0,0],"55":[0,0],"56":[0,0],"57":[0,0],"58":[0,0],"59":[0,0],"60":[0,0],"61":[0,0],"62":[0,0],"63":[0,0],"64":[0,0],"65":[0,0,0],"66":[0,0],"67":[0,0],"68":[0,0,0,0,0],"69":[0,0],"70":[0,0],"71":[0,0],"72":[0,0],"73":[0,0],"74":[0,0],"75":[0,0,0,0],"76":[0,0],"77":[0,0],"78":[0,0],"79":[0,0],"80":[0,0],"81":[0,0],"82":[0,0],"83":[0,0],"84":[0,0],"85":[0,0],"86":[0,0],"87":[0,0],"88":[0,0],"89":[0,0],"90":[0,0],"91":[0,0],"92":[0,0],"93":[0,0],"94":[0,0],"95":[0,1],"96":[3,0],"97":[3,0],"98":[0,3],"99":[3,3],"100":[3,0],"101":[3,0],"102":[3,0],"103":[3,0],"104":[3,0],"105":[3,3],"106":[3,0],"107":[3,3],"108":[3,0],"109":[3,0],"110":[7,0],"111":[7,0],"112":[0,0],"113":[0,0],"114":[0,0],"115":[0,0],"116":[0,0],"117":[0,0],"118":[0,0],"119":[0,0],"120":[0,0],"121":[0,0],"122":[0,0],"123":[0,0],"124":[0,0,0],"125":[0,0],"126":[0,0],"127":[0,0,0,0,0],"128":[0,0],"129":[0,0],"130":[0,0],"131":[0,0],"132":[0,0],"133":[0,0],"134":[0,0],"135":[0,0],"136":[0,0],"137":[0,0],"138":[0,0],"139":[0,0],"140":[0,0],"141":[0,0],"142":[0,0],"143":[0,0],"144":[0,0],"145":[0,0],"146":[0,0],"147":[0,0],"148":[0,0,0],"149":[0,0],"150":[0],"151":[0,0],"152":[0,0],"153":[0,0],"154":[0,0],"155":[0,0],"156":[0,0],"157":[0,0],"158":[0,0],"159":[0,0],"160":[1,0],"161":[1,0],"162":[0,0,0],"163":[0,0],"164":[0,0],"165":[0,0],"166":[0,0],"167":[0,0],"168":[0,0],"169":[0,0],"170":[0,0],"171":[0,0],"172":[0,0],"173":[0,0],"174":[0,0],"175":[0,0,0],"176":[0,0],"177":[0,0],"178":[0,0],"179":[0,0],"180":[0,0],"181":[0,0],"182":[0,0],"183":[0,0],"184":[0,0],"185":[0,0],"186":[0,0],"187":[0,0],"188":[0,0],"189":[0,0],"190":[0,0],"191":[0,0],"192":[0,0],"193":[0,0],"194":[0,0],"195":[0,0],"196":[0,0],"197":[0,0],"198":[0,0],"199":[0,0],"200":[0,0],"201":[0,0],"202":[0,0],"203":[0,0],"204":[0,0,0],"205":[0,0,0],"206":[0,0,0],"207":[0,0],"208":[0,0],"209":[0,0],"210":[0,0],"211":[0,0],"212":[0,0],"213":[0,0],"214":[0,0],"215":[0,0],"216":[0,0,0],"217":[0,0],"218":[0,0],"219":[0,0],"220":[0,0],"221":[0,0],"222":[0,0],"223":[0,0],"224":[0,0],"225":[0,0],"226":[0,0],"227":[0,0],"228":[0,0],"229":[0,0],"230":[0,0],"231":[0,0],"232":[0,0],"233":[0,0],"234":[0,0],"235":[0,0],"236":[0,0,0],"237":[0,0],"238":[0,0],"239":[0,0],"240":[0,0],"241":[0,0],"242":[0,0],"243":[0,0],"244":[0,0],"245":[0,0],"246":[0,0],"247":[0,0],"248":[0,0],"249":[0,0],"250":[0,0],"251":[0,0],"252":[0,0],"253":[0,0],"254":[0,0],"255":[0,0],"256":[0,0],"257":[3,0],"258":[3,0],"259":[0,0],"260":[0,0],"261":[0,0],"262":[0,0],"263":[0,0],"264":[0,0],"265":[0,1],"266":[1,1],"267":[1,0],"268":[1,1],"269":[0,1],"270":[1,1],"271":[0,1],"272":[1,0],"273":[0,1],"274":[0,0],"275":[0,0],"276":[0,0],"277":[0,0],"278":[0,0],"279":[0,0],"280":[0,0],"281":[0,0]},"_coverageSchema":"1a1c01bbd47fc00a2c39e90264f33305004495a9","hash":"898e797578c67bb0eac2c23e17ad076451971916"}
}
