TN:
SF:server.js
FN:47,(anonymous_0)
FN:60,(anonymous_1)
FN:104,(anonymous_2)
FN:106,(anonymous_3)
FN:107,(anonymous_4)
FN:123,(anonymous_5)
FN:125,(anonymous_6)
FN:137,getCached
FN:146,(anonymous_8)
FN:160,getStaffCredentials
FN:164,(anonymous_10)
FN:175,(anonymous_11)
FN:189,(anonymous_12)
FN:199,(anonymous_13)
FN:200,(anonymous_14)
FN:231,(anonymous_15)
FN:235,(anonymous_16)
FN:253,createVenueTemplate
FN:298,getVenueState
FN:343,(anonymous_19)
FN:368,(anonymous_20)
FN:392,refreshDailySchedule
FN:396,(anonymous_22)
FN:409,applyRealitySync
FN:410,(anonymous_24)
FN:470,saveStadiumData
FN:474,(anonymous_26)
FN:480,(anonymous_27)
FN:492,loadStadiumData
FN:496,(anonymous_29)
FN:504,(anonymous_30)
FN:524,runWorldAgent
FN:525,(anonymous_32)
FN:634,simulateCrowd
FN:644,(anonymous_34)
FN:661,(anonymous_35)
FN:675,(anonymous_36)
FN:689,(anonymous_37)
FN:690,(anonymous_38)
FN:697,(anonymous_39)
FN:711,autoDispatchStaff
FN:714,(anonymous_41)
FN:718,(anonymous_42)
FN:732,simulateMatch
FN:777,addAlert
FN:794,generateRandomAlerts
FN:811,processOrders
FN:812,(anonymous_47)
FN:825,runSimulation
FN:826,(anonymous_49)
FN:850,getStadiumStats
FN:873,(anonymous_51)
FN:874,(anonymous_52)
FN:880,(anonymous_53)
FN:887,(anonymous_54)
FN:894,(anonymous_55)
FN:907,(anonymous_56)
FN:924,(anonymous_57)
FN:929,(anonymous_58)
FN:934,(anonymous_59)
FN:941,(anonymous_60)
FN:951,(anonymous_61)
FN:979,(anonymous_62)
FN:980,(anonymous_63)
FN:989,(anonymous_64)
FN:1008,(anonymous_65)
FN:1024,(anonymous_66)
FN:1029,(anonymous_67)
FN:1040,(anonymous_68)
FN:1067,(anonymous_69)
FN:1069,(anonymous_70)
FN:1076,(anonymous_71)
FN:1080,(anonymous_72)
FN:1086,(anonymous_73)
FN:1097,(anonymous_74)
FN:1098,(anonymous_75)
FN:1106,(anonymous_76)
FN:1107,(anonymous_77)
FN:1138,(anonymous_78)
FN:1142,(anonymous_79)
FN:1143,(anonymous_80)
FN:1148,(anonymous_81)
FN:1149,(anonymous_82)
FN:1156,(anonymous_83)
FN:1164,(anonymous_84)
FN:1171,(anonymous_85)
FN:1181,(anonymous_86)
FN:1181,(anonymous_87)
FN:1186,(anonymous_88)
FN:1188,(anonymous_89)
FN:1192,(anonymous_90)
FN:1193,(anonymous_91)
FN:1199,(anonymous_92)
FN:1206,(anonymous_93)
FN:1208,(anonymous_94)
FN:1212,(anonymous_95)
FN:1228,(anonymous_96)
FN:1229,(anonymous_97)
FN:1238,(anonymous_98)
FN:1239,(anonymous_99)
FN:1251,(anonymous_100)
FN:1252,(anonymous_101)
FN:1263,(anonymous_102)
FN:1269,(anonymous_103)
FN:1277,(anonymous_104)
FN:1278,(anonymous_105)
FN:1279,(anonymous_106)
FN:1284,(anonymous_107)
FN:1289,(anonymous_108)
FN:1294,(anonymous_109)
FN:1295,(anonymous_110)
FN:1306,(anonymous_111)
FN:1313,(anonymous_112)
FN:1325,(anonymous_113)
FN:1333,(anonymous_114)
FN:1334,(anonymous_115)
FN:1389,(anonymous_116)
FN:1412,(anonymous_117)
FN:1413,(anonymous_118)
FN:1447,(anonymous_119)
FN:1448,(anonymous_120)
FN:1456,(anonymous_121)
FN:1474,(anonymous_122)
FN:1475,(anonymous_123)
FN:1484,(anonymous_124)
FN:1490,(anonymous_125)
FN:1498,(anonymous_126)
FN:1506,(anonymous_127)
FN:1512,(anonymous_128)
FN:1513,(anonymous_129)
FN:1513,(anonymous_130)
FN:1514,(anonymous_131)
FN:1557,(anonymous_132)
FN:1571,(anonymous_133)
FN:1574,(anonymous_134)
FN:1588,(anonymous_135)
FN:1589,(anonymous_136)
FN:1596,(anonymous_137)
FN:1599,(anonymous_138)
FN:1611,(anonymous_139)
FN:1617,(anonymous_140)
FN:1622,(anonymous_141)
FN:1637,(anonymous_142)
FN:1647,(anonymous_143)
FN:1653,initializeAgents
FN:1666,(anonymous_145)
FN:1673,(anonymous_146)
FN:1679,(anonymous_147)
FN:1681,(anonymous_148)
FN:1699,(anonymous_149)
FNF:150
FNH:29
FNDA:9,(anonymous_0)
FNDA:9,(anonymous_1)
FNDA:9,(anonymous_2)
FNDA:54,(anonymous_3)
FNDA:54,(anonymous_4)
FNDA:9,(anonymous_5)
FNDA:9,(anonymous_6)
FNDA:1,getCached
FNDA:0,(anonymous_8)
FNDA:1,getStaffCredentials
FNDA:23,(anonymous_10)
FNDA:1,(anonymous_11)
FNDA:0,(anonymous_12)
FNDA:0,(anonymous_13)
FNDA:0,(anonymous_14)
FNDA:0,(anonymous_15)
FNDA:0,(anonymous_16)
FNDA:23,createVenueTemplate
FNDA:0,getVenueState
FNDA:23,(anonymous_19)
FNDA:23,(anonymous_20)
FNDA:1,refreshDailySchedule
FNDA:0,(anonymous_22)
FNDA:2,applyRealitySync
FNDA:6,(anonymous_24)
FNDA:0,saveStadiumData
FNDA:0,(anonymous_26)
FNDA:0,(anonymous_27)
FNDA:2,loadStadiumData
FNDA:0,(anonymous_29)
FNDA:0,(anonymous_30)
FNDA:0,runWorldAgent
FNDA:0,(anonymous_32)
FNDA:0,simulateCrowd
FNDA:0,(anonymous_34)
FNDA:0,(anonymous_35)
FNDA:0,(anonymous_36)
FNDA:0,(anonymous_37)
FNDA:0,(anonymous_38)
FNDA:0,(anonymous_39)
FNDA:0,autoDispatchStaff
FNDA:0,(anonymous_41)
FNDA:0,(anonymous_42)
FNDA:0,simulateMatch
FNDA:0,addAlert
FNDA:0,generateRandomAlerts
FNDA:0,processOrders
FNDA:0,(anonymous_47)
FNDA:0,runSimulation
FNDA:0,(anonymous_49)
FNDA:1,getStadiumStats
FNDA:1,(anonymous_51)
FNDA:1,(anonymous_52)
FNDA:1,(anonymous_53)
FNDA:1,(anonymous_54)
FNDA:0,(anonymous_55)
FNDA:0,(anonymous_56)
FNDA:0,(anonymous_57)
FNDA:0,(anonymous_58)
FNDA:0,(anonymous_59)
FNDA:0,(anonymous_60)
FNDA:0,(anonymous_61)
FNDA:0,(anonymous_62)
FNDA:0,(anonymous_63)
FNDA:0,(anonymous_64)
FNDA:0,(anonymous_65)
FNDA:0,(anonymous_66)
FNDA:0,(anonymous_67)
FNDA:0,(anonymous_68)
FNDA:0,(anonymous_69)
FNDA:0,(anonymous_70)
FNDA:0,(anonymous_71)
FNDA:0,(anonymous_72)
FNDA:1,(anonymous_73)
FNDA:0,(anonymous_74)
FNDA:1,(anonymous_75)
FNDA:1,(anonymous_76)
FNDA:12,(anonymous_77)
FNDA:0,(anonymous_78)
FNDA:0,(anonymous_79)
FNDA:0,(anonymous_80)
FNDA:0,(anonymous_81)
FNDA:0,(anonymous_82)
FNDA:0,(anonymous_83)
FNDA:0,(anonymous_84)
FNDA:0,(anonymous_85)
FNDA:0,(anonymous_86)
FNDA:0,(anonymous_87)
FNDA:0,(anonymous_88)
FNDA:0,(anonymous_89)
FNDA:0,(anonymous_90)
FNDA:0,(anonymous_91)
FNDA:0,(anonymous_92)
FNDA:0,(anonymous_93)
FNDA:0,(anonymous_94)
FNDA:0,(anonymous_95)
FNDA:0,(anonymous_96)
FNDA:0,(anonymous_97)
FNDA:0,(anonymous_98)
FNDA:0,(anonymous_99)
FNDA:0,(anonymous_100)
FNDA:0,(anonymous_101)
FNDA:0,(anonymous_102)
FNDA:0,(anonymous_103)
FNDA:0,(anonymous_104)
FNDA:0,(anonymous_105)
FNDA:0,(anonymous_106)
FNDA:0,(anonymous_107)
FNDA:0,(anonymous_108)
FNDA:0,(anonymous_109)
FNDA:0,(anonymous_110)
FNDA:0,(anonymous_111)
FNDA:0,(anonymous_112)
FNDA:0,(anonymous_113)
FNDA:0,(anonymous_114)
FNDA:0,(anonymous_115)
FNDA:0,(anonymous_116)
FNDA:0,(anonymous_117)
FNDA:0,(anonymous_118)
FNDA:0,(anonymous_119)
FNDA:0,(anonymous_120)
FNDA:0,(anonymous_121)
FNDA:0,(anonymous_122)
FNDA:0,(anonymous_123)
FNDA:0,(anonymous_124)
FNDA:0,(anonymous_125)
FNDA:0,(anonymous_126)
FNDA:0,(anonymous_127)
FNDA:0,(anonymous_128)
FNDA:0,(anonymous_129)
FNDA:0,(anonymous_130)
FNDA:0,(anonymous_131)
FNDA:2,(anonymous_132)
FNDA:0,(anonymous_133)
FNDA:0,(anonymous_134)
FNDA:0,(anonymous_135)
FNDA:0,(anonymous_136)
FNDA:0,(anonymous_137)
FNDA:0,(anonymous_138)
FNDA:0,(anonymous_139)
FNDA:0,(anonymous_140)
FNDA:0,(anonymous_141)
FNDA:0,(anonymous_142)
FNDA:0,(anonymous_143)
FNDA:1,initializeAgents
FNDA:0,(anonymous_145)
FNDA:0,(anonymous_146)
FNDA:0,(anonymous_147)
FNDA:0,(anonymous_148)
FNDA:0,(anonymous_149)
DA:8,1
DA:9,1
DA:10,1
DA:11,1
DA:12,1
DA:13,1
DA:14,1
DA:15,1
DA:16,1
DA:17,1
DA:18,1
DA:19,1
DA:20,1
DA:21,1
DA:22,1
DA:25,1
DA:26,1
DA:28,1
DA:29,1
DA:32,1
DA:34,1
DA:36,1
DA:37,1
DA:40,1
DA:46,1
DA:48,9
DA:49,0
DA:57,1
DA:60,1
DA:61,9
DA:62,0
DA:64,9
DA:68,1
DA:103,1
DA:104,1
DA:105,9
DA:106,54
DA:107,54
DA:109,9
DA:110,0
DA:112,9
DA:114,1
DA:115,1
DA:116,1
DA:117,1
DA:118,1
DA:119,1
DA:120,1
DA:123,1
DA:124,9
DA:125,9
DA:126,9
DA:127,9
DA:128,9
DA:130,9
DA:134,1
DA:135,1
DA:138,1
DA:139,1
DA:140,1
DA:141,1
DA:142,1
DA:146,1
DA:147,0
DA:148,0
DA:149,0
DA:150,0
DA:151,0
DA:153,0
DA:159,1
DA:161,1
DA:162,1
DA:163,1
DA:164,1
DA:165,23
DA:166,23
DA:170,1
DA:171,1
DA:172,1
DA:175,1
DA:176,1
DA:177,1
DA:178,1
DA:179,1
DA:180,1
DA:181,1
DA:182,1
DA:184,0
DA:189,1
DA:190,0
DA:191,0
DA:192,0
DA:193,0
DA:195,0
DA:199,1
DA:200,1
DA:203,1
DA:210,1
DA:211,1
DA:216,1
DA:221,1
DA:226,1
DA:227,1
DA:228,1
DA:231,1
DA:232,0
DA:233,0
DA:235,1
DA:236,0
DA:237,0
DA:238,0
DA:240,0
DA:250,1
DA:254,23
DA:299,0
DA:306,1
DA:342,1
DA:343,1
DA:344,23
DA:348,1
DA:368,1
DA:369,23
DA:393,1
DA:394,1
DA:396,1
DA:397,0
DA:398,0
DA:399,0
DA:400,0
DA:401,0
DA:402,0
DA:403,0
DA:404,0
DA:410,2
DA:411,6
DA:412,6
DA:413,6
DA:416,6
DA:417,6
DA:418,6
DA:419,6
DA:420,6
DA:421,6
DA:422,6
DA:423,6
DA:424,6
DA:425,6
DA:426,6
DA:429,6
DA:430,6
DA:437,1
DA:471,0
DA:472,0
DA:473,0
DA:474,0
DA:475,0
DA:476,0
DA:479,0
DA:480,0
DA:481,0
DA:482,0
DA:485,0
DA:486,0
DA:488,0
DA:493,2
DA:494,2
DA:495,2
DA:496,2
DA:497,0
DA:499,0
DA:503,0
DA:504,0
DA:505,0
DA:506,0
DA:509,0
DA:511,2
DA:516,1
DA:517,1
DA:518,0
DA:525,0
DA:526,0
DA:527,0
DA:530,0
DA:531,0
DA:534,0
DA:535,0
DA:536,0
DA:537,0
DA:538,0
DA:539,0
DA:540,0
DA:541,0
DA:542,0
DA:543,0
DA:544,0
DA:545,0
DA:548,0
DA:552,0
DA:555,0
DA:560,1
DA:561,1
DA:562,1
DA:563,8
DA:564,8
DA:576,1
DA:592,1
DA:593,1
DA:596,1
DA:597,1
DA:600,1
DA:601,1
DA:602,30
DA:613,1
DA:616,1
DA:635,0
DA:636,0
DA:637,0
DA:638,0
DA:640,0
DA:641,0
DA:642,0
DA:644,0
DA:645,0
DA:647,0
DA:648,0
DA:649,0
DA:651,0
DA:652,0
DA:653,0
DA:655,0
DA:656,0
DA:661,0
DA:662,0
DA:663,0
DA:664,0
DA:665,0
DA:666,0
DA:667,0
DA:669,0
DA:670,0
DA:675,0
DA:676,0
DA:677,0
DA:678,0
DA:679,0
DA:680,0
DA:681,0
DA:683,0
DA:684,0
DA:689,0
DA:690,0
DA:691,0
DA:692,0
DA:693,0
DA:697,0
DA:699,0
DA:702,0
DA:708,0
DA:712,0
DA:713,0
DA:714,0
DA:716,0
DA:718,0
DA:719,0
DA:720,0
DA:721,0
DA:722,0
DA:723,0
DA:725,0
DA:726,0
DA:733,0
DA:734,0
DA:736,0
DA:738,0
DA:739,0
DA:740,0
DA:744,0
DA:745,0
DA:746,0
DA:747,0
DA:748,0
DA:749,0
DA:750,0
DA:751,0
DA:752,0
DA:756,0
DA:757,0
DA:758,0
DA:760,0
DA:762,0
DA:763,0
DA:764,0
DA:766,0
DA:767,0
DA:770,0
DA:771,0
DA:773,0
DA:778,0
DA:787,0
DA:788,0
DA:789,0
DA:790,0
DA:791,0
DA:795,0
DA:796,0
DA:797,0
DA:804,0
DA:805,0
DA:806,0
DA:812,0
DA:813,0
DA:814,0
DA:815,0
DA:816,0
DA:817,0
DA:818,0
DA:826,0
DA:827,0
DA:828,0
DA:829,0
DA:830,0
DA:831,0
DA:832,0
DA:833,0
DA:836,0
DA:840,1
DA:841,0
DA:842,0
DA:851,1
DA:852,1
DA:854,1
DA:856,1
DA:873,1
DA:874,1
DA:875,1
DA:876,1
DA:880,1
DA:881,1
DA:882,1
DA:887,1
DA:888,1
DA:889,1
DA:894,1
DA:895,0
DA:896,0
DA:897,0
DA:898,0
DA:899,0
DA:900,0
DA:901,0
DA:903,0
DA:907,1
DA:908,0
DA:909,0
DA:910,0
DA:913,0
DA:914,0
DA:917,0
DA:918,0
DA:920,0
DA:924,1
DA:925,0
DA:926,0
DA:929,1
DA:930,0
DA:931,0
DA:934,1
DA:935,0
DA:936,0
DA:937,0
DA:938,0
DA:939,0
DA:940,0
DA:941,0
DA:942,0
DA:944,0
DA:946,0
DA:951,1
DA:952,0
DA:953,0
DA:954,0
DA:955,0
DA:957,0
DA:959,0
DA:960,0
DA:961,0
DA:962,0
DA:964,0
DA:965,0
DA:967,0
DA:968,0
DA:970,0
DA:972,0
DA:979,0
DA:980,0
DA:981,0
DA:982,0
DA:984,0
DA:985,0
DA:989,1
DA:990,0
DA:991,0
DA:992,0
DA:993,0
DA:995,0
DA:996,0
DA:997,0
DA:999,0
DA:1000,0
DA:1001,0
DA:1003,0
DA:1004,0
DA:1008,1
DA:1009,0
DA:1010,0
DA:1011,0
DA:1012,0
DA:1014,0
DA:1015,0
DA:1016,0
DA:1018,0
DA:1019,0
DA:1020,0
DA:1024,1
DA:1025,0
DA:1028,1
DA:1029,1
DA:1030,0
DA:1031,0
DA:1032,0
DA:1035,0
DA:1036,0
DA:1037,0
DA:1040,0
DA:1041,0
DA:1042,0
DA:1043,0
DA:1046,0
DA:1047,0
DA:1049,0
DA:1050,0
DA:1052,0
DA:1061,0
DA:1062,0
DA:1064,0
DA:1067,1
DA:1068,0
DA:1069,0
DA:1070,0
DA:1071,0
DA:1072,0
DA:1076,1
DA:1077,0
DA:1080,1
DA:1081,0
DA:1082,0
DA:1083,0
DA:1086,1
DA:1087,1
DA:1088,1
DA:1089,0
DA:1092,1
DA:1093,1
DA:1094,1
DA:1096,1
DA:1097,0
DA:1098,1
DA:1100,1
DA:1101,0
DA:1104,1
DA:1105,1
DA:1106,1
DA:1107,12
DA:1108,1
DA:1109,0
DA:1110,0
DA:1111,0
DA:1114,1
DA:1128,1
DA:1129,1
DA:1130,1
DA:1131,1
DA:1132,1
DA:1134,1
DA:1135,1
DA:1138,1
DA:1139,0
DA:1142,1
DA:1143,0
DA:1144,0
DA:1145,0
DA:1148,1
DA:1149,0
DA:1150,0
DA:1151,0
DA:1152,0
DA:1153,0
DA:1154,0
DA:1155,0
DA:1156,0
DA:1157,0
DA:1159,0
DA:1160,0
DA:1164,1
DA:1165,0
DA:1166,0
DA:1167,0
DA:1169,0
DA:1170,0
DA:1171,0
DA:1173,0
DA:1178,0
DA:1181,0
DA:1186,1
DA:1187,0
DA:1188,0
DA:1189,0
DA:1192,1
DA:1193,0
DA:1194,0
DA:1195,0
DA:1196,0
DA:1199,1
DA:1200,0
DA:1201,0
DA:1202,0
DA:1206,1
DA:1207,0
DA:1208,0
DA:1209,0
DA:1212,1
DA:1213,0
DA:1214,0
DA:1216,0
DA:1221,0
DA:1222,0
DA:1224,0
DA:1225,0
DA:1228,1
DA:1229,0
DA:1230,0
DA:1232,0
DA:1233,0
DA:1234,0
DA:1235,0
DA:1238,1
DA:1239,0
DA:1240,0
DA:1241,0
DA:1242,0
DA:1243,0
DA:1244,0
DA:1245,0
DA:1246,0
DA:1247,0
DA:1248,0
DA:1251,1
DA:1252,0
DA:1253,0
DA:1254,0
DA:1255,0
DA:1256,0
DA:1257,0
DA:1258,0
DA:1259,0
DA:1263,1
DA:1264,0
DA:1265,0
DA:1266,0
DA:1267,0
DA:1269,0
DA:1270,0
DA:1277,0
DA:1278,0
DA:1279,0
DA:1284,1
DA:1285,0
DA:1289,1
DA:1290,0
DA:1291,0
DA:1292,0
DA:1294,0
DA:1295,0
DA:1296,0
DA:1297,0
DA:1298,0
DA:1306,0
DA:1309,0
DA:1313,1
DA:1314,0
DA:1325,1
DA:1326,0
DA:1327,0
DA:1328,0
DA:1331,0
DA:1332,0
DA:1333,0
DA:1334,0
DA:1335,0
DA:1336,0
DA:1337,0
DA:1338,0
DA:1341,0
DA:1342,0
DA:1346,0
DA:1347,0
DA:1350,0
DA:1351,0
DA:1352,0
DA:1358,0
DA:1359,0
DA:1370,0
DA:1375,0
DA:1389,1
DA:1390,0
DA:1392,0
DA:1393,0
DA:1396,0
DA:1397,0
DA:1398,0
DA:1402,0
DA:1403,0
DA:1404,0
DA:1405,0
DA:1410,0
DA:1411,0
DA:1412,0
DA:1413,0
DA:1414,0
DA:1416,0
DA:1432,0
DA:1434,0
DA:1435,0
DA:1436,0
DA:1437,0
DA:1438,0
DA:1440,0
DA:1441,0
DA:1442,0
DA:1447,1
DA:1448,0
DA:1449,0
DA:1450,0
DA:1451,0
DA:1452,0
DA:1456,1
DA:1457,0
DA:1458,0
DA:1459,0
DA:1461,0
DA:1468,0
DA:1469,0
DA:1470,0
DA:1474,1
DA:1475,0
DA:1476,0
DA:1477,0
DA:1478,0
DA:1479,0
DA:1484,1
DA:1485,0
DA:1486,0
DA:1487,0
DA:1489,0
DA:1490,0
DA:1491,0
DA:1492,0
DA:1493,0
DA:1495,0
DA:1496,0
DA:1497,0
DA:1498,0
DA:1499,0
DA:1501,0
DA:1502,0
DA:1506,1
DA:1507,0
DA:1508,0
DA:1509,0
DA:1512,0
DA:1513,0
DA:1514,0
DA:1516,0
DA:1524,0
DA:1525,0
DA:1527,0
DA:1551,0
DA:1557,1
DA:1558,2
DA:1559,2
DA:1560,1
DA:1564,1
DA:1565,1
DA:1566,1
DA:1567,1
DA:1571,1
DA:1574,1
DA:1575,0
DA:1588,1
DA:1589,0
DA:1590,0
DA:1591,0
DA:1594,0
DA:1595,0
DA:1596,0
DA:1599,0
DA:1600,0
DA:1601,0
DA:1602,0
DA:1604,0
DA:1605,0
DA:1607,0
DA:1608,0
DA:1611,0
DA:1612,0
DA:1617,1
DA:1618,0
DA:1622,1
DA:1623,0
DA:1624,0
DA:1625,0
DA:1627,0
DA:1634,1
DA:1637,1
DA:1638,0
DA:1646,1
DA:1647,0
DA:1648,0
DA:1654,1
DA:1655,1
DA:1656,1
DA:1657,1
DA:1658,1
DA:1659,1
DA:1661,0
DA:1666,1
DA:1668,1
DA:1670,0
DA:1671,1
DA:1672,0
DA:1673,0
DA:1679,1
DA:1681,0
DA:1682,0
DA:1683,0
DA:1684,0
DA:1685,0
DA:1686,0
DA:1687,0
DA:1688,0
DA:1689,0
DA:1691,0
DA:1696,0
DA:1699,0
DA:1700,0
DA:1701,0
DA:1702,0
DA:1705,0
DA:1709,1
LF:759
LH:244
BRDA:25,0,0,1
BRDA:25,0,1,1
BRDA:26,1,0,1
BRDA:26,1,1,1
BRDA:29,2,0,0
BRDA:29,2,1,1
BRDA:29,3,0,1
BRDA:29,3,1,1
BRDA:29,3,2,0
BRDA:32,4,0,1
BRDA:32,4,1,0
BRDA:48,5,0,9
BRDA:48,5,1,0
BRDA:48,6,0,9
BRDA:48,6,1,0
BRDA:61,7,0,0
BRDA:61,7,1,9
BRDA:61,8,0,9
BRDA:61,8,1,0
BRDA:105,9,0,9
BRDA:105,9,1,9
BRDA:109,10,0,0
BRDA:109,10,1,9
BRDA:109,11,0,9
BRDA:109,11,1,0
BRDA:128,12,0,0
BRDA:128,12,1,9
BRDA:139,13,0,0
BRDA:139,13,1,1
BRDA:139,14,0,1
BRDA:139,14,1,0
BRDA:148,15,0,0
BRDA:148,15,1,0
BRDA:150,16,0,0
BRDA:150,16,1,0
BRDA:161,17,0,0
BRDA:161,17,1,1
BRDA:163,18,0,1
BRDA:163,18,1,0
BRDA:163,19,0,1
BRDA:163,19,1,1
BRDA:179,20,0,1
BRDA:179,20,1,0
BRDA:179,21,0,1
BRDA:179,21,1,1
BRDA:180,22,0,1
BRDA:180,22,1,1
BRDA:190,23,0,0
BRDA:190,23,1,0
BRDA:192,24,0,0
BRDA:192,24,1,0
BRDA:232,25,0,0
BRDA:232,25,1,0
BRDA:237,26,0,0
BRDA:237,26,1,0
BRDA:259,27,0,23
BRDA:259,27,1,0
BRDA:261,28,0,23
BRDA:261,28,1,0
BRDA:262,29,0,23
BRDA:262,29,1,0
BRDA:263,30,0,23
BRDA:263,30,1,0
BRDA:264,31,0,23
BRDA:264,31,1,0
BRDA:265,32,0,23
BRDA:265,32,1,0
BRDA:299,33,0,0
BRDA:299,33,1,0
BRDA:299,34,0,0
BRDA:299,34,1,0
BRDA:377,35,0,13
BRDA:377,35,1,10
BRDA:378,36,0,13
BRDA:378,36,1,10
BRDA:394,37,0,1
BRDA:394,37,1,1
BRDA:397,38,0,0
BRDA:397,38,1,0
BRDA:411,39,0,6
BRDA:411,39,1,0
BRDA:424,40,0,6
BRDA:424,40,1,0
BRDA:426,41,0,6
BRDA:426,41,1,2
BRDA:471,42,0,0
BRDA:471,42,1,0
BRDA:493,43,0,0
BRDA:493,43,1,2
BRDA:497,44,0,0
BRDA:497,44,1,0
BRDA:505,45,0,0
BRDA:505,45,1,0
BRDA:517,46,0,0
BRDA:517,46,1,1
BRDA:527,47,0,0
BRDA:527,47,1,0
BRDA:534,48,0,0
BRDA:534,48,1,0
BRDA:545,49,0,0
BRDA:545,49,1,0
BRDA:605,50,0,10
BRDA:605,50,1,20
BRDA:605,51,0,10
BRDA:605,51,1,10
BRDA:635,52,0,0
BRDA:635,52,1,0
BRDA:638,53,0,0
BRDA:638,53,1,0
BRDA:638,54,0,0
BRDA:638,54,1,0
BRDA:645,55,0,0
BRDA:645,55,1,0
BRDA:649,56,0,0
BRDA:649,56,1,0
BRDA:653,57,0,0
BRDA:653,57,1,0
BRDA:662,58,0,0
BRDA:662,58,1,0
BRDA:665,59,0,0
BRDA:665,59,1,0
BRDA:676,60,0,0
BRDA:676,60,1,0
BRDA:679,61,0,0
BRDA:679,61,1,0
BRDA:691,62,0,0
BRDA:691,62,1,0
BRDA:693,63,0,0
BRDA:693,63,1,0
BRDA:708,64,0,0
BRDA:708,64,1,0
BRDA:713,65,0,0
BRDA:713,65,1,0
BRDA:716,66,0,0
BRDA:716,66,1,0
BRDA:718,67,0,0
BRDA:718,67,1,0
BRDA:718,67,2,0
BRDA:719,68,0,0
BRDA:719,68,1,0
BRDA:734,69,0,0
BRDA:734,69,1,0
BRDA:734,70,0,0
BRDA:734,70,1,0
BRDA:734,70,2,0
BRDA:734,70,3,0
BRDA:734,70,4,0
BRDA:736,71,0,0
BRDA:736,71,1,0
BRDA:738,72,0,0
BRDA:738,72,1,0
BRDA:744,73,0,0
BRDA:744,73,1,0
BRDA:745,74,0,0
BRDA:745,74,1,0
BRDA:745,75,0,0
BRDA:745,75,1,0
BRDA:749,76,0,0
BRDA:749,76,1,0
BRDA:749,77,0,0
BRDA:749,77,1,0
BRDA:749,77,2,0
BRDA:749,77,3,0
BRDA:751,78,0,0
BRDA:751,78,1,0
BRDA:756,79,0,0
BRDA:756,79,1,0
BRDA:758,80,0,0
BRDA:758,80,1,0
BRDA:760,81,0,0
BRDA:760,81,1,0
BRDA:762,82,0,0
BRDA:762,82,1,0
BRDA:762,83,0,0
BRDA:762,83,1,0
BRDA:763,84,0,0
BRDA:763,84,1,0
BRDA:764,85,0,0
BRDA:764,85,1,0
BRDA:766,86,0,0
BRDA:766,86,1,0
BRDA:770,87,0,0
BRDA:770,87,1,0
BRDA:771,88,0,0
BRDA:771,88,1,0
BRDA:771,89,0,0
BRDA:771,89,1,0
BRDA:788,90,0,0
BRDA:788,90,1,0
BRDA:789,91,0,0
BRDA:789,91,1,0
BRDA:796,92,0,0
BRDA:796,92,1,0
BRDA:804,93,0,0
BRDA:804,93,1,0
BRDA:813,94,0,0
BRDA:813,94,1,0
BRDA:815,95,0,0
BRDA:815,95,1,0
BRDA:832,96,0,0
BRDA:832,96,1,0
BRDA:840,97,0,0
BRDA:840,97,1,1
BRDA:851,98,0,1
BRDA:851,98,1,0
BRDA:852,99,0,1
BRDA:852,99,1,0
BRDA:854,100,0,0
BRDA:854,100,1,1
BRDA:854,101,0,1
BRDA:854,101,1,1
BRDA:857,102,0,1
BRDA:857,102,1,0
BRDA:858,103,0,1
BRDA:858,103,1,0
BRDA:859,104,0,1
BRDA:859,104,1,0
BRDA:860,105,0,1
BRDA:860,105,1,0
BRDA:861,106,0,1
BRDA:861,106,1,0
BRDA:862,107,0,1
BRDA:862,107,1,1
BRDA:863,108,0,1
BRDA:863,108,1,0
BRDA:864,109,0,1
BRDA:864,109,1,1
BRDA:864,110,0,1
BRDA:864,110,1,0
BRDA:881,111,0,1
BRDA:881,111,1,0
BRDA:888,112,0,1
BRDA:888,112,1,0
BRDA:891,113,0,1
BRDA:891,113,1,0
BRDA:896,114,0,0
BRDA:896,114,1,0
BRDA:897,115,0,0
BRDA:897,115,1,0
BRDA:899,116,0,0
BRDA:899,116,1,0
BRDA:909,117,0,0
BRDA:909,117,1,0
BRDA:913,118,0,0
BRDA:913,118,1,0
BRDA:913,119,0,0
BRDA:913,119,1,0
BRDA:925,120,0,0
BRDA:925,120,1,0
BRDA:926,121,0,0
BRDA:926,121,1,0
BRDA:930,122,0,0
BRDA:930,122,1,0
BRDA:931,123,0,0
BRDA:931,123,1,0
BRDA:935,124,0,0
BRDA:935,124,1,0
BRDA:938,125,0,0
BRDA:938,125,1,0
BRDA:938,126,0,0
BRDA:938,126,1,0
BRDA:938,126,2,0
BRDA:953,127,0,0
BRDA:953,127,1,0
BRDA:955,128,0,0
BRDA:955,128,1,0
BRDA:957,129,0,0
BRDA:957,129,1,0
BRDA:957,129,2,0
BRDA:957,129,3,0
BRDA:957,129,4,0
BRDA:960,130,0,0
BRDA:960,130,1,0
BRDA:973,131,0,0
BRDA:973,131,1,0
BRDA:975,132,0,0
BRDA:975,132,1,0
BRDA:975,133,0,0
BRDA:975,133,1,0
BRDA:977,134,0,0
BRDA:977,134,1,0
BRDA:991,135,0,0
BRDA:991,135,1,0
BRDA:993,136,0,0
BRDA:993,136,1,0
BRDA:995,137,0,0
BRDA:995,137,1,0
BRDA:996,138,0,0
BRDA:996,138,1,0
BRDA:997,139,0,0
BRDA:997,139,1,0
BRDA:999,140,0,0
BRDA:999,140,1,0
BRDA:999,141,0,0
BRDA:999,141,1,0
BRDA:999,142,0,0
BRDA:999,142,1,0
BRDA:1000,143,0,0
BRDA:1000,143,1,0
BRDA:1000,144,0,0
BRDA:1000,144,1,0
BRDA:1010,145,0,0
BRDA:1010,145,1,0
BRDA:1012,146,0,0
BRDA:1012,146,1,0
BRDA:1014,147,0,0
BRDA:1014,147,1,0
BRDA:1015,148,0,0
BRDA:1015,148,1,0
BRDA:1016,149,0,0
BRDA:1016,149,1,0
BRDA:1030,150,0,0
BRDA:1030,150,1,0
BRDA:1030,150,2,0
BRDA:1031,151,0,0
BRDA:1031,151,1,0
BRDA:1035,152,0,0
BRDA:1036,153,0,0
BRDA:1036,153,1,0
BRDA:1041,154,0,0
BRDA:1041,154,1,0
BRDA:1042,155,0,0
BRDA:1042,155,1,0
BRDA:1047,156,0,0
BRDA:1047,156,1,0
BRDA:1049,157,0,0
BRDA:1049,157,1,0
BRDA:1050,158,0,0
BRDA:1050,158,1,0
BRDA:1070,159,0,0
BRDA:1070,159,1,0
BRDA:1081,160,0,0
BRDA:1081,160,1,0
BRDA:1083,161,0,0
BRDA:1083,161,1,0
BRDA:1088,162,0,0
BRDA:1088,162,1,1
BRDA:1088,163,0,1
BRDA:1088,163,1,1
BRDA:1092,164,0,1
BRDA:1092,164,1,0
BRDA:1092,164,2,0
BRDA:1093,165,0,1
BRDA:1093,165,1,0
BRDA:1094,166,0,0
BRDA:1094,166,1,1
BRDA:1096,167,0,0
BRDA:1096,167,1,1
BRDA:1098,168,0,1
BRDA:1098,168,1,1
BRDA:1100,169,0,0
BRDA:1100,169,1,1
BRDA:1108,170,0,1
BRDA:1108,170,1,0
BRDA:1109,171,0,0
BRDA:1109,171,1,0
BRDA:1111,172,0,0
BRDA:1111,172,1,0
BRDA:1118,173,0,1
BRDA:1118,173,1,0
BRDA:1119,174,0,1
BRDA:1119,174,1,0
BRDA:1144,175,0,0
BRDA:1144,175,1,0
BRDA:1150,176,0,0
BRDA:1150,176,1,0
BRDA:1153,177,0,0
BRDA:1153,177,1,0
BRDA:1153,177,2,0
BRDA:1154,178,0,0
BRDA:1154,178,1,0
BRDA:1155,179,0,0
BRDA:1155,179,1,0
BRDA:1157,180,0,0
BRDA:1157,180,1,0
BRDA:1165,181,0,0
BRDA:1165,181,1,0
BRDA:1167,182,0,0
BRDA:1167,182,1,0
BRDA:1174,183,0,0
BRDA:1174,183,1,0
BRDA:1174,184,0,0
BRDA:1174,184,1,0
BRDA:1175,185,0,0
BRDA:1175,185,1,0
BRDA:1175,186,0,0
BRDA:1175,186,1,0
BRDA:1188,187,0,0
BRDA:1188,187,1,0
BRDA:1188,188,0,0
BRDA:1188,188,1,0
BRDA:1194,189,0,0
BRDA:1194,189,1,0
BRDA:1201,190,0,0
BRDA:1201,190,1,0
BRDA:1201,191,0,0
BRDA:1201,191,1,0
BRDA:1208,192,0,0
BRDA:1208,192,1,0
BRDA:1208,193,0,0
BRDA:1208,193,1,0
BRDA:1214,194,0,0
BRDA:1214,194,1,0
BRDA:1214,195,0,0
BRDA:1214,195,1,0
BRDA:1218,196,0,0
BRDA:1218,196,1,0
BRDA:1230,197,0,0
BRDA:1230,197,1,0
BRDA:1233,198,0,0
BRDA:1233,198,1,0
BRDA:1240,199,0,0
BRDA:1240,199,1,0
BRDA:1242,200,0,0
BRDA:1242,200,1,0
BRDA:1244,201,0,0
BRDA:1244,201,1,0
BRDA:1253,202,0,0
BRDA:1253,202,1,0
BRDA:1264,203,0,0
BRDA:1264,203,1,0
BRDA:1267,204,0,0
BRDA:1267,204,1,0
BRDA:1267,205,0,0
BRDA:1267,205,1,0
BRDA:1277,206,0,0
BRDA:1277,206,1,0
BRDA:1277,206,2,0
BRDA:1278,207,0,0
BRDA:1278,207,1,0
BRDA:1278,207,2,0
BRDA:1279,208,0,0
BRDA:1279,208,1,0
BRDA:1279,208,2,0
BRDA:1290,209,0,0
BRDA:1290,209,1,0
BRDA:1292,210,0,0
BRDA:1292,210,1,0
BRDA:1296,211,0,0
BRDA:1296,211,1,0
BRDA:1296,212,0,0
BRDA:1296,212,1,0
BRDA:1304,213,0,0
BRDA:1304,213,1,0
BRDA:1306,214,0,0
BRDA:1306,214,1,0
BRDA:1306,215,0,0
BRDA:1306,215,1,0
BRDA:1318,216,0,0
BRDA:1318,216,1,0
BRDA:1327,217,0,0
BRDA:1327,217,1,0
BRDA:1327,218,0,0
BRDA:1327,218,1,0
BRDA:1327,218,2,0
BRDA:1335,219,0,0
BRDA:1335,219,1,0
BRDA:1335,220,0,0
BRDA:1335,220,1,0
BRDA:1336,221,0,0
BRDA:1336,221,1,0
BRDA:1338,222,0,0
BRDA:1338,222,1,0
BRDA:1341,223,0,0
BRDA:1341,223,1,0
BRDA:1350,224,0,0
BRDA:1350,224,1,0
BRDA:1350,225,0,0
BRDA:1350,225,1,0
BRDA:1393,226,0,0
BRDA:1393,226,1,0
BRDA:1396,227,0,0
BRDA:1396,227,1,0
BRDA:1397,228,0,0
BRDA:1397,228,1,0
BRDA:1397,229,0,0
BRDA:1397,229,1,0
BRDA:1404,230,0,0
BRDA:1404,230,1,0
BRDA:1410,231,0,0
BRDA:1410,231,1,0
BRDA:1412,232,0,0
BRDA:1412,232,1,0
BRDA:1412,233,0,0
BRDA:1412,233,1,0
BRDA:1414,234,0,0
BRDA:1414,234,1,0
BRDA:1427,235,0,0
BRDA:1427,235,1,0
BRDA:1449,236,0,0
BRDA:1449,236,1,0
BRDA:1458,237,0,0
BRDA:1458,237,1,0
BRDA:1458,238,0,0
BRDA:1458,238,1,0
BRDA:1458,238,2,0
BRDA:1464,239,0,0
BRDA:1464,239,1,0
BRDA:1465,240,0,0
BRDA:1465,240,1,0
BRDA:1476,241,0,0
BRDA:1476,241,1,0
BRDA:1486,242,0,0
BRDA:1486,242,1,0
BRDA:1489,243,0,0
BRDA:1489,243,1,0
BRDA:1490,244,0,0
BRDA:1490,244,1,0
BRDA:1491,245,0,0
BRDA:1491,245,1,0
BRDA:1492,246,0,0
BRDA:1492,246,1,0
BRDA:1493,247,0,0
BRDA:1493,247,1,0
BRDA:1497,248,0,0
BRDA:1497,248,1,0
BRDA:1499,249,0,0
BRDA:1499,249,1,0
BRDA:1508,250,0,0
BRDA:1508,250,1,0
BRDA:1509,251,0,0
BRDA:1509,251,1,0
BRDA:1512,252,0,0
BRDA:1512,252,1,0
BRDA:1524,253,0,0
BRDA:1524,253,1,0
BRDA:1525,254,0,0
BRDA:1525,254,1,0
BRDA:1525,255,0,0
BRDA:1525,255,1,0
BRDA:1531,256,0,0
BRDA:1531,256,1,0
BRDA:1531,257,0,0
BRDA:1531,257,1,0
BRDA:1538,258,0,0
BRDA:1538,258,1,0
BRDA:1559,259,0,1
BRDA:1559,259,1,1
BRDA:1595,260,0,0
BRDA:1595,260,1,0
BRDA:1596,261,0,0
BRDA:1596,261,1,0
BRDA:1600,262,0,0
BRDA:1600,262,1,0
BRDA:1602,263,0,0
BRDA:1602,263,1,0
BRDA:1604,264,0,0
BRDA:1604,264,1,0
BRDA:1605,265,0,0
BRDA:1605,265,1,0
BRDA:1624,266,0,0
BRDA:1624,266,1,0
BRDA:1624,267,0,0
BRDA:1624,267,1,0
BRDA:1627,268,0,0
BRDA:1627,268,1,0
BRDA:1634,269,0,1
BRDA:1634,269,1,1
BRDA:1646,270,0,0
BRDA:1646,270,1,1
BRDA:1646,271,0,1
BRDA:1646,271,1,1
BRDA:1668,272,0,0
BRDA:1668,272,1,1
BRDA:1668,273,0,1
BRDA:1668,273,1,0
BRDA:1671,274,0,0
BRDA:1671,274,1,1
BRDA:1683,275,0,0
BRDA:1683,275,1,0
BRDA:1683,276,0,0
BRDA:1683,276,1,0
BRDA:1685,277,0,0
BRDA:1685,277,1,0
BRDA:1686,278,0,0
BRDA:1686,278,1,0
BRDA:1687,279,0,0
BRDA:1687,279,1,0
BRDA:1688,280,0,0
BRDA:1688,280,1,0
BRDA:1691,281,0,0
BRDA:1691,281,1,0
BRDA:1691,282,0,0
BRDA:1691,282,1,0
BRF:584
BRH:93
end_of_record
