TN:
SF:server.js
FN:45,(anonymous_0)
FN:112,(anonymous_1)
FN:116,(anonymous_2)
FN:134,createVenueTemplate
FN:179,getVenueState
FN:224,(anonymous_5)
FN:249,(anonymous_6)
FN:273,refreshDailySchedule
FN:277,(anonymous_8)
FN:290,applyRealitySync
FN:291,(anonymous_10)
FN:374,saveStadiumData
FN:378,(anonymous_12)
FN:384,(anonymous_13)
FN:396,loadStadiumData
FN:400,(anonymous_15)
FN:405,(anonymous_16)
FN:423,runWorldAgent
FN:424,(anonymous_18)
FN:532,simulateCrowd
FN:542,(anonymous_20)
FN:559,(anonymous_21)
FN:573,(anonymous_22)
FN:587,(anonymous_23)
FN:588,(anonymous_24)
FN:595,(anonymous_25)
FN:609,autoDispatchStaff
FN:612,(anonymous_27)
FN:616,(anonymous_28)
FN:630,simulateMatch
FN:675,addAlert
FN:692,generateRandomAlerts
FN:709,processOrders
FN:710,(anonymous_33)
FN:723,runSimulation
FN:724,(anonymous_35)
FN:744,getStadiumStats
FN:763,(anonymous_37)
FN:768,(anonymous_38)
FN:775,(anonymous_39)
FN:782,(anonymous_40)
FN:795,(anonymous_41)
FN:812,(anonymous_42)
FN:817,(anonymous_43)
FN:822,(anonymous_44)
FN:829,(anonymous_45)
FN:838,(anonymous_46)
FN:843,(anonymous_47)
FN:849,(anonymous_48)
FN:869,(anonymous_49)
FN:897,(anonymous_50)
FN:898,(anonymous_51)
FN:907,(anonymous_52)
FN:926,(anonymous_53)
FN:942,(anonymous_54)
FN:947,(anonymous_55)
FN:958,(anonymous_56)
FN:985,(anonymous_57)
FN:987,(anonymous_58)
FN:994,(anonymous_59)
FN:998,(anonymous_60)
FN:1004,(anonymous_61)
FN:1011,(anonymous_62)
FN:1012,(anonymous_63)
FN:1020,(anonymous_64)
FN:1021,(anonymous_65)
FN:1052,(anonymous_66)
FN:1056,(anonymous_67)
FN:1057,(anonymous_68)
FN:1062,(anonymous_69)
FN:1063,(anonymous_70)
FN:1067,(anonymous_71)
FN:1074,(anonymous_72)
FN:1081,(anonymous_73)
FN:1091,(anonymous_74)
FN:1091,(anonymous_75)
FN:1096,(anonymous_76)
FN:1098,(anonymous_77)
FN:1102,(anonymous_78)
FN:1103,(anonymous_79)
FN:1109,(anonymous_80)
FN:1116,(anonymous_81)
FN:1118,(anonymous_82)
FN:1122,(anonymous_83)
FN:1138,(anonymous_84)
FN:1139,(anonymous_85)
FN:1148,(anonymous_86)
FN:1149,(anonymous_87)
FN:1161,(anonymous_88)
FN:1162,(anonymous_89)
FN:1173,(anonymous_90)
FN:1179,(anonymous_91)
FN:1187,(anonymous_92)
FN:1188,(anonymous_93)
FN:1189,(anonymous_94)
FN:1194,(anonymous_95)
FN:1199,(anonymous_96)
FN:1204,(anonymous_97)
FN:1205,(anonymous_98)
FN:1216,(anonymous_99)
FN:1223,(anonymous_100)
FN:1235,(anonymous_101)
FN:1243,(anonymous_102)
FN:1244,(anonymous_103)
FN:1299,(anonymous_104)
FN:1318,(anonymous_105)
FN:1319,(anonymous_106)
FN:1353,(anonymous_107)
FN:1354,(anonymous_108)
FN:1362,(anonymous_109)
FN:1380,(anonymous_110)
FN:1381,(anonymous_111)
FN:1390,(anonymous_112)
FN:1396,(anonymous_113)
FN:1404,(anonymous_114)
FN:1412,(anonymous_115)
FN:1418,(anonymous_116)
FN:1419,(anonymous_117)
FN:1419,(anonymous_118)
FN:1420,(anonymous_119)
FN:1460,(anonymous_120)
FN:1470,(anonymous_121)
FN:1471,(anonymous_122)
FN:1478,(anonymous_123)
FN:1479,(anonymous_124)
FN:1486,(anonymous_125)
FN:1489,(anonymous_126)
FN:1501,(anonymous_127)
FN:1507,(anonymous_128)
FN:1512,(anonymous_129)
FN:1526,(anonymous_130)
FN:1539,(anonymous_131)
FN:1541,(anonymous_132)
FN:1559,(anonymous_133)
FNF:134
FNH:20
FNDA:36,(anonymous_0)
FNDA:0,(anonymous_1)
FNDA:0,(anonymous_2)
FNDA:23,createVenueTemplate
FNDA:0,getVenueState
FNDA:23,(anonymous_5)
FNDA:23,(anonymous_6)
FNDA:1,refreshDailySchedule
FNDA:5,(anonymous_8)
FNDA:4,applyRealitySync
FNDA:16,(anonymous_10)
FNDA:0,saveStadiumData
FNDA:0,(anonymous_12)
FNDA:0,(anonymous_13)
FNDA:1,loadStadiumData
FNDA:0,(anonymous_15)
FNDA:0,(anonymous_16)
FNDA:0,runWorldAgent
FNDA:0,(anonymous_18)
FNDA:0,simulateCrowd
FNDA:0,(anonymous_20)
FNDA:0,(anonymous_21)
FNDA:0,(anonymous_22)
FNDA:0,(anonymous_23)
FNDA:0,(anonymous_24)
FNDA:0,(anonymous_25)
FNDA:0,autoDispatchStaff
FNDA:0,(anonymous_27)
FNDA:0,(anonymous_28)
FNDA:0,simulateMatch
FNDA:0,addAlert
FNDA:0,generateRandomAlerts
FNDA:0,processOrders
FNDA:0,(anonymous_33)
FNDA:0,runSimulation
FNDA:0,(anonymous_35)
FNDA:3,getStadiumStats
FNDA:6,(anonymous_37)
FNDA:3,(anonymous_38)
FNDA:7,(anonymous_39)
FNDA:0,(anonymous_40)
FNDA:0,(anonymous_41)
FNDA:0,(anonymous_42)
FNDA:0,(anonymous_43)
FNDA:0,(anonymous_44)
FNDA:0,(anonymous_45)
FNDA:0,(anonymous_46)
FNDA:0,(anonymous_47)
FNDA:0,(anonymous_48)
FNDA:0,(anonymous_49)
FNDA:0,(anonymous_50)
FNDA:0,(anonymous_51)
FNDA:0,(anonymous_52)
FNDA:0,(anonymous_53)
FNDA:1,(anonymous_54)
FNDA:0,(anonymous_55)
FNDA:0,(anonymous_56)
FNDA:0,(anonymous_57)
FNDA:0,(anonymous_58)
FNDA:2,(anonymous_59)
FNDA:0,(anonymous_60)
FNDA:1,(anonymous_61)
FNDA:0,(anonymous_62)
FNDA:0,(anonymous_63)
FNDA:0,(anonymous_64)
FNDA:0,(anonymous_65)
FNDA:0,(anonymous_66)
FNDA:0,(anonymous_67)
FNDA:0,(anonymous_68)
FNDA:0,(anonymous_69)
FNDA:0,(anonymous_70)
FNDA:0,(anonymous_71)
FNDA:0,(anonymous_72)
FNDA:0,(anonymous_73)
FNDA:0,(anonymous_74)
FNDA:0,(anonymous_75)
FNDA:0,(anonymous_76)
FNDA:0,(anonymous_77)
FNDA:0,(anonymous_78)
FNDA:0,(anonymous_79)
FNDA:0,(anonymous_80)
FNDA:0,(anonymous_81)
FNDA:0,(anonymous_82)
FNDA:0,(anonymous_83)
FNDA:0,(anonymous_84)
FNDA:0,(anonymous_85)
FNDA:0,(anonymous_86)
FNDA:0,(anonymous_87)
FNDA:0,(anonymous_88)
FNDA:0,(anonymous_89)
FNDA:0,(anonymous_90)
FNDA:0,(anonymous_91)
FNDA:0,(anonymous_92)
FNDA:0,(anonymous_93)
FNDA:0,(anonymous_94)
FNDA:0,(anonymous_95)
FNDA:0,(anonymous_96)
FNDA:0,(anonymous_97)
FNDA:0,(anonymous_98)
FNDA:0,(anonymous_99)
FNDA:0,(anonymous_100)
FNDA:0,(anonymous_101)
FNDA:0,(anonymous_102)
FNDA:0,(anonymous_103)
FNDA:0,(anonymous_104)
FNDA:0,(anonymous_105)
FNDA:0,(anonymous_106)
FNDA:0,(anonymous_107)
FNDA:0,(anonymous_108)
FNDA:0,(anonymous_109)
FNDA:0,(anonymous_110)
FNDA:0,(anonymous_111)
FNDA:0,(anonymous_112)
FNDA:0,(anonymous_113)
FNDA:0,(anonymous_114)
FNDA:0,(anonymous_115)
FNDA:0,(anonymous_116)
FNDA:0,(anonymous_117)
FNDA:0,(anonymous_118)
FNDA:0,(anonymous_119)
FNDA:3,(anonymous_120)
FNDA:0,(anonymous_121)
FNDA:1,(anonymous_122)
FNDA:0,(anonymous_123)
FNDA:0,(anonymous_124)
FNDA:0,(anonymous_125)
FNDA:0,(anonymous_126)
FNDA:0,(anonymous_127)
FNDA:3,(anonymous_128)
FNDA:1,(anonymous_129)
FNDA:0,(anonymous_130)
FNDA:0,(anonymous_131)
FNDA:0,(anonymous_132)
FNDA:0,(anonymous_133)
DA:8,1
DA:9,1
DA:10,1
DA:11,1
DA:12,1
DA:13,1
DA:14,1
DA:15,1
DA:16,1
DA:17,1
DA:18,1
DA:19,1
DA:20,1
DA:23,1
DA:24,1
DA:26,1
DA:27,1
DA:30,1
DA:32,1
DA:34,1
DA:35,1
DA:38,1
DA:44,1
DA:46,36
DA:47,0
DA:55,1
DA:58,1
DA:75,1
DA:76,1
DA:79,1
DA:80,1
DA:81,1
DA:84,1
DA:91,1
DA:92,1
DA:97,1
DA:102,1
DA:107,1
DA:108,1
DA:109,1
DA:112,1
DA:113,0
DA:114,0
DA:116,1
DA:117,0
DA:118,0
DA:119,0
DA:121,0
DA:131,1
DA:135,23
DA:180,0
DA:187,1
DA:223,1
DA:224,1
DA:225,23
DA:229,1
DA:249,1
DA:250,23
DA:274,1
DA:275,1
DA:277,1
DA:278,5
DA:279,5
DA:280,5
DA:281,5
DA:282,5
DA:283,5
DA:284,5
DA:285,5
DA:291,4
DA:292,16
DA:293,16
DA:294,16
DA:297,16
DA:298,16
DA:299,16
DA:300,16
DA:301,16
DA:302,16
DA:303,16
DA:304,16
DA:305,16
DA:306,16
DA:307,16
DA:310,16
DA:311,16
DA:318,1
DA:375,0
DA:376,0
DA:377,0
DA:378,0
DA:379,0
DA:380,0
DA:383,0
DA:384,0
DA:385,0
DA:386,0
DA:389,0
DA:390,0
DA:392,0
DA:397,1
DA:398,0
DA:399,0
DA:400,0
DA:401,0
DA:404,0
DA:405,0
DA:406,0
DA:408,0
DA:410,0
DA:415,1
DA:416,1
DA:417,0
DA:424,0
DA:425,0
DA:426,0
DA:429,0
DA:430,0
DA:433,0
DA:434,0
DA:435,0
DA:436,0
DA:437,0
DA:438,0
DA:439,0
DA:440,0
DA:441,0
DA:442,0
DA:443,0
DA:446,0
DA:450,0
DA:453,0
DA:458,1
DA:459,1
DA:460,1
DA:461,8
DA:462,8
DA:474,1
DA:490,1
DA:491,1
DA:494,1
DA:495,1
DA:498,1
DA:499,1
DA:500,30
DA:511,1
DA:514,1
DA:533,0
DA:534,0
DA:535,0
DA:536,0
DA:538,0
DA:539,0
DA:540,0
DA:542,0
DA:543,0
DA:545,0
DA:546,0
DA:547,0
DA:549,0
DA:550,0
DA:551,0
DA:553,0
DA:554,0
DA:559,0
DA:560,0
DA:561,0
DA:562,0
DA:563,0
DA:564,0
DA:565,0
DA:567,0
DA:568,0
DA:573,0
DA:574,0
DA:575,0
DA:576,0
DA:577,0
DA:578,0
DA:579,0
DA:581,0
DA:582,0
DA:587,0
DA:588,0
DA:589,0
DA:590,0
DA:591,0
DA:595,0
DA:597,0
DA:600,0
DA:606,0
DA:610,0
DA:611,0
DA:612,0
DA:614,0
DA:616,0
DA:617,0
DA:618,0
DA:619,0
DA:620,0
DA:621,0
DA:623,0
DA:624,0
DA:631,0
DA:632,0
DA:634,0
DA:636,0
DA:637,0
DA:638,0
DA:642,0
DA:643,0
DA:644,0
DA:645,0
DA:646,0
DA:647,0
DA:648,0
DA:649,0
DA:650,0
DA:654,0
DA:655,0
DA:656,0
DA:658,0
DA:660,0
DA:661,0
DA:662,0
DA:664,0
DA:665,0
DA:668,0
DA:669,0
DA:671,0
DA:676,0
DA:685,0
DA:686,0
DA:687,0
DA:688,0
DA:689,0
DA:693,0
DA:694,0
DA:695,0
DA:702,0
DA:703,0
DA:704,0
DA:710,0
DA:711,0
DA:712,0
DA:713,0
DA:714,0
DA:715,0
DA:716,0
DA:724,0
DA:725,0
DA:726,0
DA:727,0
DA:728,0
DA:730,0
DA:734,1
DA:735,0
DA:736,0
DA:745,3
DA:746,3
DA:747,3
DA:763,1
DA:764,6
DA:768,1
DA:769,3
DA:770,3
DA:775,1
DA:776,7
DA:777,7
DA:782,1
DA:783,0
DA:784,0
DA:785,0
DA:786,0
DA:787,0
DA:788,0
DA:789,0
DA:791,0
DA:795,1
DA:796,0
DA:797,0
DA:798,0
DA:801,0
DA:802,0
DA:805,0
DA:806,0
DA:808,0
DA:812,1
DA:813,0
DA:814,0
DA:817,1
DA:818,0
DA:819,0
DA:822,1
DA:823,0
DA:824,0
DA:825,0
DA:826,0
DA:827,0
DA:828,0
DA:829,0
DA:830,0
DA:832,0
DA:834,0
DA:838,1
DA:839,0
DA:843,1
DA:844,0
DA:845,0
DA:846,0
DA:849,1
DA:850,0
DA:851,0
DA:852,0
DA:854,0
DA:856,0
DA:858,0
DA:859,0
DA:860,0
DA:861,0
DA:864,0
DA:865,0
DA:866,0
DA:869,1
DA:870,0
DA:871,0
DA:872,0
DA:873,0
DA:875,0
DA:877,0
DA:878,0
DA:879,0
DA:880,0
DA:882,0
DA:883,0
DA:885,0
DA:886,0
DA:888,0
DA:890,0
DA:897,0
DA:898,0
DA:899,0
DA:900,0
DA:902,0
DA:903,0
DA:907,1
DA:908,0
DA:909,0
DA:910,0
DA:911,0
DA:913,0
DA:914,0
DA:915,0
DA:917,0
DA:918,0
DA:919,0
DA:921,0
DA:922,0
DA:926,1
DA:927,0
DA:928,0
DA:929,0
DA:930,0
DA:932,0
DA:933,0
DA:934,0
DA:936,0
DA:937,0
DA:938,0
DA:942,1
DA:943,1
DA:946,1
DA:947,1
DA:948,0
DA:949,0
DA:950,0
DA:953,0
DA:954,0
DA:955,0
DA:958,0
DA:959,0
DA:960,0
DA:961,0
DA:964,0
DA:965,0
DA:967,0
DA:968,0
DA:970,0
DA:979,0
DA:980,0
DA:982,0
DA:985,1
DA:986,0
DA:987,0
DA:988,0
DA:989,0
DA:990,0
DA:994,1
DA:995,2
DA:998,1
DA:999,0
DA:1000,0
DA:1001,0
DA:1004,1
DA:1005,1
DA:1006,1
DA:1007,1
DA:1010,0
DA:1011,0
DA:1012,0
DA:1014,0
DA:1015,0
DA:1018,0
DA:1019,0
DA:1020,0
DA:1021,0
DA:1022,0
DA:1023,0
DA:1024,0
DA:1025,0
DA:1028,0
DA:1042,0
DA:1043,0
DA:1044,0
DA:1045,0
DA:1046,0
DA:1048,0
DA:1049,0
DA:1052,1
DA:1053,0
DA:1056,1
DA:1057,0
DA:1058,0
DA:1059,0
DA:1062,1
DA:1063,0
DA:1064,0
DA:1065,0
DA:1066,0
DA:1067,0
DA:1068,0
DA:1069,0
DA:1070,0
DA:1074,1
DA:1075,0
DA:1076,0
DA:1077,0
DA:1079,0
DA:1080,0
DA:1081,0
DA:1083,0
DA:1088,0
DA:1091,0
DA:1096,1
DA:1097,0
DA:1098,0
DA:1099,0
DA:1102,1
DA:1103,0
DA:1104,0
DA:1105,0
DA:1106,0
DA:1109,1
DA:1110,0
DA:1111,0
DA:1112,0
DA:1116,1
DA:1117,0
DA:1118,0
DA:1119,0
DA:1122,1
DA:1123,0
DA:1124,0
DA:1126,0
DA:1131,0
DA:1132,0
DA:1134,0
DA:1135,0
DA:1138,1
DA:1139,0
DA:1140,0
DA:1142,0
DA:1143,0
DA:1144,0
DA:1145,0
DA:1148,1
DA:1149,0
DA:1150,0
DA:1151,0
DA:1152,0
DA:1153,0
DA:1154,0
DA:1155,0
DA:1156,0
DA:1157,0
DA:1158,0
DA:1161,1
DA:1162,0
DA:1163,0
DA:1164,0
DA:1165,0
DA:1166,0
DA:1167,0
DA:1168,0
DA:1169,0
DA:1173,1
DA:1174,0
DA:1175,0
DA:1176,0
DA:1177,0
DA:1179,0
DA:1180,0
DA:1187,0
DA:1188,0
DA:1189,0
DA:1194,1
DA:1195,0
DA:1199,1
DA:1200,0
DA:1201,0
DA:1202,0
DA:1204,0
DA:1205,0
DA:1206,0
DA:1207,0
DA:1208,0
DA:1216,0
DA:1219,0
DA:1223,1
DA:1224,0
DA:1235,1
DA:1236,0
DA:1237,0
DA:1238,0
DA:1241,0
DA:1242,0
DA:1243,0
DA:1244,0
DA:1245,0
DA:1246,0
DA:1247,0
DA:1248,0
DA:1251,0
DA:1252,0
DA:1256,0
DA:1257,0
DA:1260,0
DA:1261,0
DA:1262,0
DA:1268,0
DA:1269,0
DA:1280,0
DA:1285,0
DA:1299,1
DA:1300,0
DA:1302,0
DA:1303,0
DA:1306,0
DA:1308,0
DA:1309,0
DA:1310,0
DA:1311,0
DA:1316,0
DA:1317,0
DA:1318,0
DA:1319,0
DA:1320,0
DA:1322,0
DA:1338,0
DA:1340,0
DA:1341,0
DA:1342,0
DA:1343,0
DA:1344,0
DA:1346,0
DA:1347,0
DA:1348,0
DA:1353,1
DA:1354,0
DA:1355,0
DA:1356,0
DA:1357,0
DA:1358,0
DA:1362,1
DA:1363,0
DA:1364,0
DA:1365,0
DA:1367,0
DA:1374,0
DA:1375,0
DA:1376,0
DA:1380,1
DA:1381,0
DA:1382,0
DA:1383,0
DA:1384,0
DA:1385,0
DA:1390,1
DA:1391,0
DA:1392,0
DA:1393,0
DA:1395,0
DA:1396,0
DA:1397,0
DA:1398,0
DA:1399,0
DA:1401,0
DA:1402,0
DA:1403,0
DA:1404,0
DA:1405,0
DA:1407,0
DA:1408,0
DA:1412,1
DA:1413,0
DA:1414,0
DA:1415,0
DA:1418,0
DA:1419,0
DA:1420,0
DA:1422,0
DA:1430,0
DA:1431,0
DA:1433,0
DA:1457,0
DA:1460,1
DA:1461,3
DA:1463,3
DA:1464,3
DA:1465,3
DA:1466,3
DA:1470,1
DA:1471,1
DA:1478,1
DA:1479,0
DA:1480,0
DA:1481,0
DA:1484,0
DA:1485,0
DA:1486,0
DA:1489,0
DA:1490,0
DA:1491,0
DA:1492,0
DA:1494,0
DA:1495,0
DA:1497,0
DA:1498,0
DA:1501,0
DA:1502,0
DA:1507,1
DA:1508,3
DA:1512,1
DA:1513,1
DA:1514,1
DA:1515,0
DA:1517,1
DA:1524,1
DA:1525,1
DA:1526,0
DA:1527,0
DA:1532,1
DA:1533,1
DA:1535,1
DA:1536,0
DA:1539,0
DA:1541,0
DA:1542,0
DA:1543,0
DA:1544,0
DA:1545,0
DA:1546,0
DA:1547,0
DA:1548,0
DA:1549,0
DA:1551,0
DA:1556,0
DA:1559,0
DA:1560,0
DA:1561,0
DA:1562,0
DA:1565,0
DA:1570,1
LF:683
LH:176
BRDA:23,0,0,1
BRDA:23,0,1,1
BRDA:24,1,0,1
BRDA:24,1,1,1
BRDA:27,2,0,0
BRDA:27,2,1,1
BRDA:27,3,0,1
BRDA:27,3,1,1
BRDA:27,3,2,0
BRDA:30,4,0,1
BRDA:30,4,1,0
BRDA:46,5,0,36
BRDA:46,5,1,0
BRDA:46,6,0,36
BRDA:46,6,1,0
BRDA:113,7,0,0
BRDA:113,7,1,0
BRDA:118,8,0,0
BRDA:118,8,1,0
BRDA:140,9,0,23
BRDA:140,9,1,0
BRDA:142,10,0,23
BRDA:142,10,1,0
BRDA:143,11,0,23
BRDA:143,11,1,0
BRDA:144,12,0,23
BRDA:144,12,1,0
BRDA:145,13,0,23
BRDA:145,13,1,0
BRDA:146,14,0,23
BRDA:146,14,1,0
BRDA:180,15,0,0
BRDA:180,15,1,0
BRDA:180,16,0,0
BRDA:180,16,1,0
BRDA:258,17,0,13
BRDA:258,17,1,10
BRDA:259,18,0,13
BRDA:259,18,1,10
BRDA:275,19,0,1
BRDA:275,19,1,0
BRDA:278,20,0,5
BRDA:278,20,1,0
BRDA:292,21,0,16
BRDA:292,21,1,0
BRDA:305,22,0,16
BRDA:305,22,1,0
BRDA:307,23,0,16
BRDA:307,23,1,4
BRDA:375,24,0,0
BRDA:375,24,1,0
BRDA:397,25,0,1
BRDA:397,25,1,0
BRDA:416,26,0,0
BRDA:416,26,1,1
BRDA:426,27,0,0
BRDA:426,27,1,0
BRDA:433,28,0,0
BRDA:433,28,1,0
BRDA:433,29,0,0
BRDA:433,29,1,0
BRDA:503,30,0,10
BRDA:503,30,1,20
BRDA:503,31,0,10
BRDA:503,31,1,10
BRDA:533,32,0,0
BRDA:533,32,1,0
BRDA:536,33,0,0
BRDA:536,33,1,0
BRDA:536,34,0,0
BRDA:536,34,1,0
BRDA:543,35,0,0
BRDA:543,35,1,0
BRDA:547,36,0,0
BRDA:547,36,1,0
BRDA:551,37,0,0
BRDA:551,37,1,0
BRDA:560,38,0,0
BRDA:560,38,1,0
BRDA:563,39,0,0
BRDA:563,39,1,0
BRDA:574,40,0,0
BRDA:574,40,1,0
BRDA:577,41,0,0
BRDA:577,41,1,0
BRDA:589,42,0,0
BRDA:589,42,1,0
BRDA:591,43,0,0
BRDA:591,43,1,0
BRDA:606,44,0,0
BRDA:606,44,1,0
BRDA:611,45,0,0
BRDA:611,45,1,0
BRDA:614,46,0,0
BRDA:614,46,1,0
BRDA:616,47,0,0
BRDA:616,47,1,0
BRDA:616,47,2,0
BRDA:617,48,0,0
BRDA:617,48,1,0
BRDA:632,49,0,0
BRDA:632,49,1,0
BRDA:632,50,0,0
BRDA:632,50,1,0
BRDA:632,50,2,0
BRDA:632,50,3,0
BRDA:632,50,4,0
BRDA:634,51,0,0
BRDA:634,51,1,0
BRDA:636,52,0,0
BRDA:636,52,1,0
BRDA:642,53,0,0
BRDA:642,53,1,0
BRDA:643,54,0,0
BRDA:643,54,1,0
BRDA:643,55,0,0
BRDA:643,55,1,0
BRDA:647,56,0,0
BRDA:647,56,1,0
BRDA:647,57,0,0
BRDA:647,57,1,0
BRDA:647,57,2,0
BRDA:647,57,3,0
BRDA:649,58,0,0
BRDA:649,58,1,0
BRDA:654,59,0,0
BRDA:654,59,1,0
BRDA:656,60,0,0
BRDA:656,60,1,0
BRDA:658,61,0,0
BRDA:658,61,1,0
BRDA:660,62,0,0
BRDA:660,62,1,0
BRDA:660,63,0,0
BRDA:660,63,1,0
BRDA:661,64,0,0
BRDA:661,64,1,0
BRDA:662,65,0,0
BRDA:662,65,1,0
BRDA:664,66,0,0
BRDA:664,66,1,0
BRDA:668,67,0,0
BRDA:668,67,1,0
BRDA:669,68,0,0
BRDA:669,68,1,0
BRDA:669,69,0,0
BRDA:669,69,1,0
BRDA:686,70,0,0
BRDA:686,70,1,0
BRDA:687,71,0,0
BRDA:687,71,1,0
BRDA:694,72,0,0
BRDA:694,72,1,0
BRDA:702,73,0,0
BRDA:702,73,1,0
BRDA:711,74,0,0
BRDA:711,74,1,0
BRDA:713,75,0,0
BRDA:713,75,1,0
BRDA:734,76,0,0
BRDA:734,76,1,1
BRDA:745,77,0,3
BRDA:745,77,1,0
BRDA:746,78,0,3
BRDA:746,78,1,0
BRDA:769,79,0,3
BRDA:769,79,1,0
BRDA:776,80,0,7
BRDA:776,80,1,0
BRDA:779,81,0,7
BRDA:779,81,1,0
BRDA:784,82,0,0
BRDA:784,82,1,0
BRDA:785,83,0,0
BRDA:785,83,1,0
BRDA:787,84,0,0
BRDA:787,84,1,0
BRDA:797,85,0,0
BRDA:797,85,1,0
BRDA:801,86,0,0
BRDA:801,86,1,0
BRDA:801,87,0,0
BRDA:801,87,1,0
BRDA:813,88,0,0
BRDA:813,88,1,0
BRDA:814,89,0,0
BRDA:814,89,1,0
BRDA:818,90,0,0
BRDA:818,90,1,0
BRDA:819,91,0,0
BRDA:819,91,1,0
BRDA:823,92,0,0
BRDA:823,92,1,0
BRDA:826,93,0,0
BRDA:826,93,1,0
BRDA:826,94,0,0
BRDA:826,94,1,0
BRDA:826,94,2,0
BRDA:844,95,0,0
BRDA:844,95,1,0
BRDA:845,96,0,0
BRDA:845,96,1,0
BRDA:851,97,0,0
BRDA:851,97,1,0
BRDA:854,98,0,0
BRDA:854,98,1,0
BRDA:858,99,0,0
BRDA:858,99,1,0
BRDA:858,100,0,0
BRDA:858,100,1,0
BRDA:864,101,0,0
BRDA:864,101,1,0
BRDA:864,102,0,0
BRDA:864,102,1,0
BRDA:871,103,0,0
BRDA:871,103,1,0
BRDA:873,104,0,0
BRDA:873,104,1,0
BRDA:875,105,0,0
BRDA:875,105,1,0
BRDA:875,105,2,0
BRDA:875,105,3,0
BRDA:875,105,4,0
BRDA:878,106,0,0
BRDA:878,106,1,0
BRDA:891,107,0,0
BRDA:891,107,1,0
BRDA:893,108,0,0
BRDA:893,108,1,0
BRDA:893,109,0,0
BRDA:893,109,1,0
BRDA:895,110,0,0
BRDA:895,110,1,0
BRDA:909,111,0,0
BRDA:909,111,1,0
BRDA:911,112,0,0
BRDA:911,112,1,0
BRDA:913,113,0,0
BRDA:913,113,1,0
BRDA:914,114,0,0
BRDA:914,114,1,0
BRDA:915,115,0,0
BRDA:915,115,1,0
BRDA:917,116,0,0
BRDA:917,116,1,0
BRDA:917,117,0,0
BRDA:917,117,1,0
BRDA:917,118,0,0
BRDA:917,118,1,0
BRDA:918,119,0,0
BRDA:918,119,1,0
BRDA:918,120,0,0
BRDA:918,120,1,0
BRDA:928,121,0,0
BRDA:928,121,1,0
BRDA:930,122,0,0
BRDA:930,122,1,0
BRDA:932,123,0,0
BRDA:932,123,1,0
BRDA:933,124,0,0
BRDA:933,124,1,0
BRDA:934,125,0,0
BRDA:934,125,1,0
BRDA:948,126,0,0
BRDA:948,126,1,0
BRDA:948,126,2,0
BRDA:949,127,0,0
BRDA:949,127,1,0
BRDA:953,128,0,0
BRDA:954,129,0,0
BRDA:954,129,1,0
BRDA:959,130,0,0
BRDA:959,130,1,0
BRDA:960,131,0,0
BRDA:960,131,1,0
BRDA:965,132,0,0
BRDA:965,132,1,0
BRDA:967,133,0,0
BRDA:967,133,1,0
BRDA:968,134,0,0
BRDA:968,134,1,0
BRDA:988,135,0,0
BRDA:988,135,1,0
BRDA:999,136,0,0
BRDA:999,136,1,0
BRDA:1001,137,0,0
BRDA:1001,137,1,0
BRDA:1006,138,0,1
BRDA:1006,138,1,0
BRDA:1006,139,0,1
BRDA:1006,139,1,0
BRDA:1010,140,0,0
BRDA:1010,140,1,0
BRDA:1012,141,0,0
BRDA:1012,141,1,0
BRDA:1014,142,0,0
BRDA:1014,142,1,0
BRDA:1022,143,0,0
BRDA:1022,143,1,0
BRDA:1023,144,0,0
BRDA:1023,144,1,0
BRDA:1025,145,0,0
BRDA:1025,145,1,0
BRDA:1032,146,0,0
BRDA:1032,146,1,0
BRDA:1033,147,0,0
BRDA:1033,147,1,0
BRDA:1058,148,0,0
BRDA:1058,148,1,0
BRDA:1064,149,0,0
BRDA:1064,149,1,0
BRDA:1068,150,0,0
BRDA:1068,150,1,0
BRDA:1075,151,0,0
BRDA:1075,151,1,0
BRDA:1077,152,0,0
BRDA:1077,152,1,0
BRDA:1084,153,0,0
BRDA:1084,153,1,0
BRDA:1084,154,0,0
BRDA:1084,154,1,0
BRDA:1085,155,0,0
BRDA:1085,155,1,0
BRDA:1085,156,0,0
BRDA:1085,156,1,0
BRDA:1098,157,0,0
BRDA:1098,157,1,0
BRDA:1098,158,0,0
BRDA:1098,158,1,0
BRDA:1104,159,0,0
BRDA:1104,159,1,0
BRDA:1111,160,0,0
BRDA:1111,160,1,0
BRDA:1111,161,0,0
BRDA:1111,161,1,0
BRDA:1118,162,0,0
BRDA:1118,162,1,0
BRDA:1118,163,0,0
BRDA:1118,163,1,0
BRDA:1124,164,0,0
BRDA:1124,164,1,0
BRDA:1124,165,0,0
BRDA:1124,165,1,0
BRDA:1128,166,0,0
BRDA:1128,166,1,0
BRDA:1140,167,0,0
BRDA:1140,167,1,0
BRDA:1143,168,0,0
BRDA:1143,168,1,0
BRDA:1150,169,0,0
BRDA:1150,169,1,0
BRDA:1152,170,0,0
BRDA:1152,170,1,0
BRDA:1154,171,0,0
BRDA:1154,171,1,0
BRDA:1163,172,0,0
BRDA:1163,172,1,0
BRDA:1174,173,0,0
BRDA:1174,173,1,0
BRDA:1177,174,0,0
BRDA:1177,174,1,0
BRDA:1177,175,0,0
BRDA:1177,175,1,0
BRDA:1187,176,0,0
BRDA:1187,176,1,0
BRDA:1187,176,2,0
BRDA:1188,177,0,0
BRDA:1188,177,1,0
BRDA:1188,177,2,0
BRDA:1189,178,0,0
BRDA:1189,178,1,0
BRDA:1189,178,2,0
BRDA:1200,179,0,0
BRDA:1200,179,1,0
BRDA:1202,180,0,0
BRDA:1202,180,1,0
BRDA:1206,181,0,0
BRDA:1206,181,1,0
BRDA:1206,182,0,0
BRDA:1206,182,1,0
BRDA:1214,183,0,0
BRDA:1214,183,1,0
BRDA:1216,184,0,0
BRDA:1216,184,1,0
BRDA:1216,185,0,0
BRDA:1216,185,1,0
BRDA:1228,186,0,0
BRDA:1228,186,1,0
BRDA:1237,187,0,0
BRDA:1237,187,1,0
BRDA:1237,188,0,0
BRDA:1237,188,1,0
BRDA:1237,188,2,0
BRDA:1245,189,0,0
BRDA:1245,189,1,0
BRDA:1245,190,0,0
BRDA:1245,190,1,0
BRDA:1246,191,0,0
BRDA:1246,191,1,0
BRDA:1248,192,0,0
BRDA:1248,192,1,0
BRDA:1251,193,0,0
BRDA:1251,193,1,0
BRDA:1260,194,0,0
BRDA:1260,194,1,0
BRDA:1260,195,0,0
BRDA:1260,195,1,0
BRDA:1303,196,0,0
BRDA:1303,196,1,0
BRDA:1306,197,0,0
BRDA:1306,197,1,0
BRDA:1310,198,0,0
BRDA:1310,198,1,0
BRDA:1316,199,0,0
BRDA:1316,199,1,0
BRDA:1318,200,0,0
BRDA:1318,200,1,0
BRDA:1318,201,0,0
BRDA:1318,201,1,0
BRDA:1320,202,0,0
BRDA:1320,202,1,0
BRDA:1333,203,0,0
BRDA:1333,203,1,0
BRDA:1355,204,0,0
BRDA:1355,204,1,0
BRDA:1364,205,0,0
BRDA:1364,205,1,0
BRDA:1364,206,0,0
BRDA:1364,206,1,0
BRDA:1364,206,2,0
BRDA:1370,207,0,0
BRDA:1370,207,1,0
BRDA:1371,208,0,0
BRDA:1371,208,1,0
BRDA:1382,209,0,0
BRDA:1382,209,1,0
BRDA:1392,210,0,0
BRDA:1392,210,1,0
BRDA:1395,211,0,0
BRDA:1395,211,1,0
BRDA:1396,212,0,0
BRDA:1396,212,1,0
BRDA:1397,213,0,0
BRDA:1397,213,1,0
BRDA:1398,214,0,0
BRDA:1398,214,1,0
BRDA:1399,215,0,0
BRDA:1399,215,1,0
BRDA:1403,216,0,0
BRDA:1403,216,1,0
BRDA:1405,217,0,0
BRDA:1405,217,1,0
BRDA:1414,218,0,0
BRDA:1414,218,1,0
BRDA:1415,219,0,0
BRDA:1415,219,1,0
BRDA:1418,220,0,0
BRDA:1418,220,1,0
BRDA:1430,221,0,0
BRDA:1430,221,1,0
BRDA:1431,222,0,0
BRDA:1431,222,1,0
BRDA:1431,223,0,0
BRDA:1431,223,1,0
BRDA:1437,224,0,0
BRDA:1437,224,1,0
BRDA:1437,225,0,0
BRDA:1437,225,1,0
BRDA:1444,226,0,0
BRDA:1444,226,1,0
BRDA:1464,227,0,3
BRDA:1464,227,1,0
BRDA:1465,228,0,3
BRDA:1465,228,1,0
BRDA:1484,229,0,0
BRDA:1484,229,1,0
BRDA:1485,230,0,0
BRDA:1485,230,1,0
BRDA:1486,231,0,0
BRDA:1486,231,1,0
BRDA:1490,232,0,0
BRDA:1490,232,1,0
BRDA:1492,233,0,0
BRDA:1492,233,1,0
BRDA:1494,234,0,0
BRDA:1494,234,1,0
BRDA:1495,235,0,0
BRDA:1495,235,1,0
BRDA:1514,236,0,0
BRDA:1514,236,1,1
BRDA:1514,237,0,1
BRDA:1514,237,1,1
BRDA:1517,238,0,1
BRDA:1517,238,1,0
BRDA:1524,239,0,1
BRDA:1524,239,1,1
BRDA:1525,240,0,0
BRDA:1525,240,1,1
BRDA:1525,241,0,1
BRDA:1525,241,1,1
BRDA:1535,242,0,0
BRDA:1535,242,1,1
BRDA:1543,243,0,0
BRDA:1543,243,1,0
BRDA:1543,244,0,0
BRDA:1543,244,1,0
BRDA:1545,245,0,0
BRDA:1545,245,1,0
BRDA:1546,246,0,0
BRDA:1546,246,1,0
BRDA:1547,247,0,0
BRDA:1547,247,1,0
BRDA:1548,248,0,0
BRDA:1548,248,1,0
BRDA:1551,249,0,0
BRDA:1551,249,1,0
BRDA:1551,250,0,0
BRDA:1551,250,1,0
BRF:518
BRH:52
end_of_record
